<?xml version="1.0" encoding="UTF-8"?>
<!-- Generated by org.testng.reporters.JUnitReportReporter -->
<testsuite skipped="0" hostname="S52XD000100" name="MINTUI.Automation.FileProcessingScenarios" tests="9" failures="1" timestamp="06 Feb 2021 17:57:49 GMT" time="407.039" errors="0">
  <testcase name="PushFileProcessing" time="3.031" classname="MINTUI.Automation.FileProcessingScenarios"/>
  <testcase name="FileProcessing" time="0.894" classname="MINTUI.Automation.FileProcessingScenarios"/>
  <testcase name="PushFileProcessing" time="0.391" classname="MINTUI.Automation.FileProcessingScenarios"/>
  <testcase name="PushFileProcessing" time="0.448" classname="MINTUI.Automation.FileProcessingScenarios"/>
  <testcase name="FileProcessing" time="0.781" classname="MINTUI.Automation.FileProcessingScenarios"/>
  <testcase name="waitTime" time="400.173" classname="MINTUI.Automation.FileProcessingScenarios"/>
  <testcase name="FileProcessing" time="0.366" classname="MINTUI.Automation.FileProcessingScenarios">
    <failure type="java.lang.AssertionError" message="The Error Description doesn&#039;t match">
      <![CDATA[java.lang.AssertionError: The Error Description doesn't match
at org.testng.Assert.fail(Assert.java:96)
at MINTUI.Automation.FileProcessingScenarios.NegativeFileProcessing(FileProcessingScenarios.java:325)
at MINTUI.Automation.FileProcessingScenarios.FileProcessing(FileProcessingScenarios.java:188)
at sun.reflect.NativeMethodAccessorImpl.invoke0(Native Method)
at sun.reflect.NativeMethodAccessorImpl.invoke(Unknown Source)
at sun.reflect.DelegatingMethodAccessorImpl.invoke(Unknown Source)
at java.lang.reflect.Method.invoke(Unknown Source)
at org.testng.internal.MethodInvocationHelper.invokeMethod(MethodInvocationHelper.java:124)
at org.testng.internal.Invoker.invokeMethod(Invoker.java:583)
at org.testng.internal.Invoker.invokeTestMethod(Invoker.java:719)
at org.testng.internal.Invoker.invokeTestMethods(Invoker.java:989)
at org.testng.internal.TestMethodWorker.invokeTestMethods(TestMethodWorker.java:125)
at org.testng.internal.TestMethodWorker.run(TestMethodWorker.java:109)
at org.testng.TestRunner.privateRun(TestRunner.java:648)
at org.testng.TestRunner.run(TestRunner.java:505)
at org.testng.SuiteRunner.runTest(SuiteRunner.java:455)
at org.testng.SuiteRunner.runSequentially(SuiteRunner.java:450)
at org.testng.SuiteRunner.privateRun(SuiteRunner.java:415)
at org.testng.SuiteRunner.run(SuiteRunner.java:364)
at org.testng.SuiteRunnerWorker.runSuite(SuiteRunnerWorker.java:52)
at org.testng.SuiteRunnerWorker.run(SuiteRunnerWorker.java:84)
at org.testng.TestNG.runSuitesSequentially(TestNG.java:1208)
at org.testng.TestNG.runSuitesLocally(TestNG.java:1137)
at org.testng.TestNG.runSuites(TestNG.java:1049)
at org.testng.TestNG.run(TestNG.java:1017)
at org.testng.remote.AbstractRemoteTestNG.run(AbstractRemoteTestNG.java:115)
at org.testng.remote.RemoteTestNG.initAndRun(RemoteTestNG.java:251)
at org.testng.remote.RemoteTestNG.main(RemoteTestNG.java:77)
]]>
    </failure>
  </testcase> <!-- FileProcessing -->
  <testcase name="FileProcessing" time="0.557" classname="MINTUI.Automation.FileProcessingScenarios"/>
  <testcase name="PushFileProcessing" time="0.398" classname="MINTUI.Automation.FileProcessingScenarios"/>
</testsuite> <!-- MINTUI.Automation.FileProcessingScenarios -->
