<?xml version="1.0" encoding="UTF-8"?>
<!-- Generated by org.testng.reporters.JUnitReportReporter -->
<testsuite skipped="0" hostname="S52XD000100" name="MINTUI.Automation.FileProcessingScenariosTest" tests="37" failures="5" timestamp="2021-06-01T16:20:30 BST" time="326.317" errors="0">
  <testcase name="PushFileProcessing" time="0.332" classname="MINTUI.Automation.FileProcessingScenariosTest"/>
  <system-out/>
  <testcase name="PushFileProcessing" time="0.372" classname="MINTUI.Automation.FileProcessingScenariosTest"/>
  <system-out/>
  <testcase name="PushFileProcessing" time="0.330" classname="MINTUI.Automation.FileProcessingScenariosTest"/>
  <system-out/>
  <testcase name="FileProcessing" time="0.431" classname="MINTUI.Automation.FileProcessingScenariosTest"/>
  <system-out/>
  <testcase name="PushFileProcessing" time="0.299" classname="MINTUI.Automation.FileProcessingScenariosTest"/>
  <system-out/>
  <testcase name="PushFileProcessing" time="0.375" classname="MINTUI.Automation.FileProcessingScenariosTest"/>
  <system-out/>
  <testcase name="waitTime" time="300.006" classname="MINTUI.Automation.FileProcessingScenariosTest"/>
  <system-out/>
  <testcase name="PushFileProcessing" time="0.626" classname="MINTUI.Automation.FileProcessingScenariosTest"/>
  <system-out/>
  <testcase name="PushFileProcessing" time="0.343" classname="MINTUI.Automation.FileProcessingScenariosTest"/>
  <system-out/>
  <testcase name="PushFileProcessing" time="0.359" classname="MINTUI.Automation.FileProcessingScenariosTest"/>
  <system-out/>
  <testcase name="PushFileProcessing" time="0.399" classname="MINTUI.Automation.FileProcessingScenariosTest"/>
  <system-out/>
  <testcase name="FileProcessing" time="0.448" classname="MINTUI.Automation.FileProcessingScenariosTest"/>
  <system-out/>
  <testcase name="FileProcessing" time="1.129" classname="MINTUI.Automation.FileProcessingScenariosTest"/>
  <system-out/>
  <testcase name="FileProcessing" time="0.108" classname="MINTUI.Automation.FileProcessingScenariosTest">
    <failure type="java.lang.AssertionError" message="expected [COMPLETED] but found [REJECTED]">
      <![CDATA[java.lang.AssertionError: expected [COMPLETED] but found [REJECTED]
at org.testng.Assert.fail(Assert.java:99)
at org.testng.Assert.failNotEquals(Assert.java:1037)
at org.testng.Assert.assertEqualsImpl(Assert.java:140)
at org.testng.Assert.assertEquals(Assert.java:122)
at org.testng.Assert.assertEquals(Assert.java:629)
at org.testng.Assert.assertEquals(Assert.java:639)
at MINTUI.Automation.FileProcessingScenariosTest.FileProcessing(FileProcessingScenariosTest.java:230)
at sun.reflect.NativeMethodAccessorImpl.invoke0(Native Method)
at sun.reflect.NativeMethodAccessorImpl.invoke(NativeMethodAccessorImpl.java:62)
at sun.reflect.DelegatingMethodAccessorImpl.invoke(DelegatingMethodAccessorImpl.java:43)
at java.lang.reflect.Method.invoke(Method.java:498)
at org.testng.internal.MethodInvocationHelper.invokeMethod(MethodInvocationHelper.java:132)
at org.testng.internal.TestInvoker.invokeMethod(TestInvoker.java:599)
at org.testng.internal.TestInvoker.invokeTestMethod(TestInvoker.java:174)
at org.testng.internal.MethodRunner.runInSequence(MethodRunner.java:46)
at org.testng.internal.TestInvoker$MethodInvocationAgent.invoke(TestInvoker.java:822)
at org.testng.internal.TestInvoker.invokeTestMethods(TestInvoker.java:147)
at org.testng.internal.TestMethodWorker.invokeTestMethods(TestMethodWorker.java:146)
at org.testng.internal.TestMethodWorker.run(TestMethodWorker.java:128)
at java.util.ArrayList.forEach(ArrayList.java:1257)
at org.testng.TestRunner.privateRun(TestRunner.java:764)
at org.testng.TestRunner.run(TestRunner.java:585)
at org.testng.SuiteRunner.runTest(SuiteRunner.java:384)
at org.testng.SuiteRunner.runSequentially(SuiteRunner.java:378)
at org.testng.SuiteRunner.privateRun(SuiteRunner.java:337)
at org.testng.SuiteRunner.run(SuiteRunner.java:286)
at org.testng.SuiteRunnerWorker.runSuite(SuiteRunnerWorker.java:53)
at org.testng.SuiteRunnerWorker.run(SuiteRunnerWorker.java:96)
at org.testng.TestNG.runSuitesSequentially(TestNG.java:1218)
at org.testng.TestNG.runSuitesLocally(TestNG.java:1140)
at org.testng.TestNG.runSuites(TestNG.java:1069)
at org.testng.TestNG.run(TestNG.java:1037)
at org.apache.maven.surefire.testng.TestNGExecutor.run(TestNGExecutor.java:284)
at org.apache.maven.surefire.testng.TestNGXmlTestSuite.execute(TestNGXmlTestSuite.java:75)
at org.apache.maven.surefire.testng.TestNGProvider.invoke(TestNGProvider.java:119)
at org.apache.maven.surefire.booter.ForkedBooter.runSuitesInProcess(ForkedBooter.java:428)
at org.apache.maven.surefire.booter.ForkedBooter.execute(ForkedBooter.java:162)
at org.apache.maven.surefire.booter.ForkedBooter.run(ForkedBooter.java:562)
at org.apache.maven.surefire.booter.ForkedBooter.main(ForkedBooter.java:548)
]]>
    </failure>
  </testcase> <!-- FileProcessing -->
  <system-out/>
  <testcase name="FileProcessing" time="12.676" classname="MINTUI.Automation.FileProcessingScenariosTest"/>
  <system-out/>
  <testcase name="PushFileProcessing" time="0.358" classname="MINTUI.Automation.FileProcessingScenariosTest"/>
  <system-out/>
  <testcase name="FileProcessing" time="0.572" classname="MINTUI.Automation.FileProcessingScenariosTest"/>
  <system-out/>
  <testcase name="FileProcessing" time="0.106" classname="MINTUI.Automation.FileProcessingScenariosTest">
    <failure type="java.lang.AssertionError" message="expected [REJECTED] but found [FAILED]">
      <![CDATA[java.lang.AssertionError: expected [REJECTED] but found [FAILED]
at org.testng.Assert.fail(Assert.java:99)
at org.testng.Assert.failNotEquals(Assert.java:1037)
at org.testng.Assert.assertEqualsImpl(Assert.java:140)
at org.testng.Assert.assertEquals(Assert.java:122)
at org.testng.Assert.assertEquals(Assert.java:629)
at org.testng.Assert.assertEquals(Assert.java:639)
at MINTUI.Automation.FileProcessingScenariosTest.FileProcessing(FileProcessingScenariosTest.java:359)
at sun.reflect.NativeMethodAccessorImpl.invoke0(Native Method)
at sun.reflect.NativeMethodAccessorImpl.invoke(NativeMethodAccessorImpl.java:62)
at sun.reflect.DelegatingMethodAccessorImpl.invoke(DelegatingMethodAccessorImpl.java:43)
at java.lang.reflect.Method.invoke(Method.java:498)
at org.testng.internal.MethodInvocationHelper.invokeMethod(MethodInvocationHelper.java:132)
at org.testng.internal.TestInvoker.invokeMethod(TestInvoker.java:599)
at org.testng.internal.TestInvoker.invokeTestMethod(TestInvoker.java:174)
at org.testng.internal.MethodRunner.runInSequence(MethodRunner.java:46)
at org.testng.internal.TestInvoker$MethodInvocationAgent.invoke(TestInvoker.java:822)
at org.testng.internal.TestInvoker.invokeTestMethods(TestInvoker.java:147)
at org.testng.internal.TestMethodWorker.invokeTestMethods(TestMethodWorker.java:146)
at org.testng.internal.TestMethodWorker.run(TestMethodWorker.java:128)
at java.util.ArrayList.forEach(ArrayList.java:1257)
at org.testng.TestRunner.privateRun(TestRunner.java:764)
at org.testng.TestRunner.run(TestRunner.java:585)
at org.testng.SuiteRunner.runTest(SuiteRunner.java:384)
at org.testng.SuiteRunner.runSequentially(SuiteRunner.java:378)
at org.testng.SuiteRunner.privateRun(SuiteRunner.java:337)
at org.testng.SuiteRunner.run(SuiteRunner.java:286)
at org.testng.SuiteRunnerWorker.runSuite(SuiteRunnerWorker.java:53)
at org.testng.SuiteRunnerWorker.run(SuiteRunnerWorker.java:96)
at org.testng.TestNG.runSuitesSequentially(TestNG.java:1218)
at org.testng.TestNG.runSuitesLocally(TestNG.java:1140)
at org.testng.TestNG.runSuites(TestNG.java:1069)
at org.testng.TestNG.run(TestNG.java:1037)
at org.apache.maven.surefire.testng.TestNGExecutor.run(TestNGExecutor.java:284)
at org.apache.maven.surefire.testng.TestNGXmlTestSuite.execute(TestNGXmlTestSuite.java:75)
at org.apache.maven.surefire.testng.TestNGProvider.invoke(TestNGProvider.java:119)
at org.apache.maven.surefire.booter.ForkedBooter.runSuitesInProcess(ForkedBooter.java:428)
at org.apache.maven.surefire.booter.ForkedBooter.execute(ForkedBooter.java:162)
at org.apache.maven.surefire.booter.ForkedBooter.run(ForkedBooter.java:562)
at org.apache.maven.surefire.booter.ForkedBooter.main(ForkedBooter.java:548)
]]>
    </failure>
  </testcase> <!-- FileProcessing -->
  <system-out/>
  <testcase name="PushFileProcessing" time="0.430" classname="MINTUI.Automation.FileProcessingScenariosTest"/>
  <system-out/>
  <testcase name="PushFileProcessing" time="0.347" classname="MINTUI.Automation.FileProcessingScenariosTest"/>
  <system-out/>
  <testcase name="FileProcessing" time="0.211" classname="MINTUI.Automation.FileProcessingScenariosTest">
    <failure type="java.lang.AssertionError" message="expected [INDAY1.sky] but found [INDAY1.sky_210601151815002]">
      <![CDATA[java.lang.AssertionError: expected [INDAY1.sky] but found [INDAY1.sky_210601151815002]
at org.testng.Assert.fail(Assert.java:99)
at org.testng.Assert.failNotEquals(Assert.java:1037)
at org.testng.Assert.assertEqualsImpl(Assert.java:140)
at org.testng.Assert.assertEquals(Assert.java:122)
at org.testng.Assert.assertEquals(Assert.java:629)
at org.testng.Assert.assertEquals(Assert.java:639)
at MINTUI.Automation.FileProcessingScenariosTest.VerifyTargetFileName(FileProcessingScenariosTest.java:533)
at MINTUI.Automation.FileProcessingScenariosTest.FileProcessing(FileProcessingScenariosTest.java:280)
at sun.reflect.GeneratedMethodAccessor3.invoke(Unknown Source)
at sun.reflect.DelegatingMethodAccessorImpl.invoke(DelegatingMethodAccessorImpl.java:43)
at java.lang.reflect.Method.invoke(Method.java:498)
at org.testng.internal.MethodInvocationHelper.invokeMethod(MethodInvocationHelper.java:132)
at org.testng.internal.TestInvoker.invokeMethod(TestInvoker.java:599)
at org.testng.internal.TestInvoker.invokeTestMethod(TestInvoker.java:174)
at org.testng.internal.MethodRunner.runInSequence(MethodRunner.java:46)
at org.testng.internal.TestInvoker$MethodInvocationAgent.invoke(TestInvoker.java:822)
at org.testng.internal.TestInvoker.invokeTestMethods(TestInvoker.java:147)
at org.testng.internal.TestMethodWorker.invokeTestMethods(TestMethodWorker.java:146)
at org.testng.internal.TestMethodWorker.run(TestMethodWorker.java:128)
at java.util.ArrayList.forEach(ArrayList.java:1257)
at org.testng.TestRunner.privateRun(TestRunner.java:764)
at org.testng.TestRunner.run(TestRunner.java:585)
at org.testng.SuiteRunner.runTest(SuiteRunner.java:384)
at org.testng.SuiteRunner.runSequentially(SuiteRunner.java:378)
at org.testng.SuiteRunner.privateRun(SuiteRunner.java:337)
at org.testng.SuiteRunner.run(SuiteRunner.java:286)
at org.testng.SuiteRunnerWorker.runSuite(SuiteRunnerWorker.java:53)
at org.testng.SuiteRunnerWorker.run(SuiteRunnerWorker.java:96)
at org.testng.TestNG.runSuitesSequentially(TestNG.java:1218)
at org.testng.TestNG.runSuitesLocally(TestNG.java:1140)
at org.testng.TestNG.runSuites(TestNG.java:1069)
at org.testng.TestNG.run(TestNG.java:1037)
at org.apache.maven.surefire.testng.TestNGExecutor.run(TestNGExecutor.java:284)
at org.apache.maven.surefire.testng.TestNGXmlTestSuite.execute(TestNGXmlTestSuite.java:75)
at org.apache.maven.surefire.testng.TestNGProvider.invoke(TestNGProvider.java:119)
at org.apache.maven.surefire.booter.ForkedBooter.runSuitesInProcess(ForkedBooter.java:428)
at org.apache.maven.surefire.booter.ForkedBooter.execute(ForkedBooter.java:162)
at org.apache.maven.surefire.booter.ForkedBooter.run(ForkedBooter.java:562)
at org.apache.maven.surefire.booter.ForkedBooter.main(ForkedBooter.java:548)
]]>
    </failure>
  </testcase> <!-- FileProcessing -->
  <system-out/>
  <testcase name="FileProcessing" time="0.436" classname="MINTUI.Automation.FileProcessingScenariosTest"/>
  <system-out/>
  <testcase name="PushFileProcessing" time="0.320" classname="MINTUI.Automation.FileProcessingScenariosTest"/>
  <system-out/>
  <testcase name="FileProcessing" time="0.439" classname="MINTUI.Automation.FileProcessingScenariosTest"/>
  <system-out/>
  <testcase name="FileProcessing" time="0.112" classname="MINTUI.Automation.FileProcessingScenariosTest">
    <failure type="java.lang.AssertionError" message="expected [COMPLETED] but found [REJECTED]">
      <![CDATA[java.lang.AssertionError: expected [COMPLETED] but found [REJECTED]
at org.testng.Assert.fail(Assert.java:99)
at org.testng.Assert.failNotEquals(Assert.java:1037)
at org.testng.Assert.assertEqualsImpl(Assert.java:140)
at org.testng.Assert.assertEquals(Assert.java:122)
at org.testng.Assert.assertEquals(Assert.java:629)
at org.testng.Assert.assertEquals(Assert.java:639)
at MINTUI.Automation.FileProcessingScenariosTest.FileProcessing(FileProcessingScenariosTest.java:230)
at sun.reflect.GeneratedMethodAccessor3.invoke(Unknown Source)
at sun.reflect.DelegatingMethodAccessorImpl.invoke(DelegatingMethodAccessorImpl.java:43)
at java.lang.reflect.Method.invoke(Method.java:498)
at org.testng.internal.MethodInvocationHelper.invokeMethod(MethodInvocationHelper.java:132)
at org.testng.internal.TestInvoker.invokeMethod(TestInvoker.java:599)
at org.testng.internal.TestInvoker.invokeTestMethod(TestInvoker.java:174)
at org.testng.internal.MethodRunner.runInSequence(MethodRunner.java:46)
at org.testng.internal.TestInvoker$MethodInvocationAgent.invoke(TestInvoker.java:822)
at org.testng.internal.TestInvoker.invokeTestMethods(TestInvoker.java:147)
at org.testng.internal.TestMethodWorker.invokeTestMethods(TestMethodWorker.java:146)
at org.testng.internal.TestMethodWorker.run(TestMethodWorker.java:128)
at java.util.ArrayList.forEach(ArrayList.java:1257)
at org.testng.TestRunner.privateRun(TestRunner.java:764)
at org.testng.TestRunner.run(TestRunner.java:585)
at org.testng.SuiteRunner.runTest(SuiteRunner.java:384)
at org.testng.SuiteRunner.runSequentially(SuiteRunner.java:378)
at org.testng.SuiteRunner.privateRun(SuiteRunner.java:337)
at org.testng.SuiteRunner.run(SuiteRunner.java:286)
at org.testng.SuiteRunnerWorker.runSuite(SuiteRunnerWorker.java:53)
at org.testng.SuiteRunnerWorker.run(SuiteRunnerWorker.java:96)
at org.testng.TestNG.runSuitesSequentially(TestNG.java:1218)
at org.testng.TestNG.runSuitesLocally(TestNG.java:1140)
at org.testng.TestNG.runSuites(TestNG.java:1069)
at org.testng.TestNG.run(TestNG.java:1037)
at org.apache.maven.surefire.testng.TestNGExecutor.run(TestNGExecutor.java:284)
at org.apache.maven.surefire.testng.TestNGXmlTestSuite.execute(TestNGXmlTestSuite.java:75)
at org.apache.maven.surefire.testng.TestNGProvider.invoke(TestNGProvider.java:119)
at org.apache.maven.surefire.booter.ForkedBooter.runSuitesInProcess(ForkedBooter.java:428)
at org.apache.maven.surefire.booter.ForkedBooter.execute(ForkedBooter.java:162)
at org.apache.maven.surefire.booter.ForkedBooter.run(ForkedBooter.java:562)
at org.apache.maven.surefire.booter.ForkedBooter.main(ForkedBooter.java:548)
]]>
    </failure>
  </testcase> <!-- FileProcessing -->
  <system-out/>
  <testcase name="PushFileProcessing" time="0.353" classname="MINTUI.Automation.FileProcessingScenariosTest"/>
  <system-out/>
  <testcase name="FileProcessing" time="0.515" classname="MINTUI.Automation.FileProcessingScenariosTest"/>
  <system-out/>
  <testcase name="PushFileProcessing" time="0.376" classname="MINTUI.Automation.FileProcessingScenariosTest"/>
  <system-out/>
  <testcase name="FileProcessing" time="0.472" classname="MINTUI.Automation.FileProcessingScenariosTest"/>
  <system-out/>
  <testcase name="PushFileProcessing" time="0.359" classname="MINTUI.Automation.FileProcessingScenariosTest"/>
  <system-out/>
  <testcase name="FileProcessing" time="0.506" classname="MINTUI.Automation.FileProcessingScenariosTest"/>
  <system-out/>
  <testcase name="PushFileProcessing" time="0.312" classname="MINTUI.Automation.FileProcessingScenariosTest"/>
  <system-out/>
  <testcase name="FileProcessing" time="0.494" classname="MINTUI.Automation.FileProcessingScenariosTest"/>
  <system-out/>
  <testcase name="FileProcessing" time="0.444" classname="MINTUI.Automation.FileProcessingScenariosTest"/>
  <system-out/>
  <testcase name="PushFileProcessing" time="0.367" classname="MINTUI.Automation.FileProcessingScenariosTest"/>
  <system-out/>
  <testcase name="FileProcessing" time="0.101" classname="MINTUI.Automation.FileProcessingScenariosTest">
    <failure type="java.lang.AssertionError" message="expected [COMPLETED] but found [REJECTED]">
      <![CDATA[java.lang.AssertionError: expected [COMPLETED] but found [REJECTED]
at org.testng.Assert.fail(Assert.java:99)
at org.testng.Assert.failNotEquals(Assert.java:1037)
at org.testng.Assert.assertEqualsImpl(Assert.java:140)
at org.testng.Assert.assertEquals(Assert.java:122)
at org.testng.Assert.assertEquals(Assert.java:629)
at org.testng.Assert.assertEquals(Assert.java:639)
at MINTUI.Automation.FileProcessingScenariosTest.FileProcessing(FileProcessingScenariosTest.java:230)
at sun.reflect.NativeMethodAccessorImpl.invoke0(Native Method)
at sun.reflect.NativeMethodAccessorImpl.invoke(NativeMethodAccessorImpl.java:62)
at sun.reflect.DelegatingMethodAccessorImpl.invoke(DelegatingMethodAccessorImpl.java:43)
at java.lang.reflect.Method.invoke(Method.java:498)
at org.testng.internal.MethodInvocationHelper.invokeMethod(MethodInvocationHelper.java:132)
at org.testng.internal.TestInvoker.invokeMethod(TestInvoker.java:599)
at org.testng.internal.TestInvoker.invokeTestMethod(TestInvoker.java:174)
at org.testng.internal.MethodRunner.runInSequence(MethodRunner.java:46)
at org.testng.internal.TestInvoker$MethodInvocationAgent.invoke(TestInvoker.java:822)
at org.testng.internal.TestInvoker.invokeTestMethods(TestInvoker.java:147)
at org.testng.internal.TestMethodWorker.invokeTestMethods(TestMethodWorker.java:146)
at org.testng.internal.TestMethodWorker.run(TestMethodWorker.java:128)
at java.util.ArrayList.forEach(ArrayList.java:1257)
at org.testng.TestRunner.privateRun(TestRunner.java:764)
at org.testng.TestRunner.run(TestRunner.java:585)
at org.testng.SuiteRunner.runTest(SuiteRunner.java:384)
at org.testng.SuiteRunner.runSequentially(SuiteRunner.java:378)
at org.testng.SuiteRunner.privateRun(SuiteRunner.java:337)
at org.testng.SuiteRunner.run(SuiteRunner.java:286)
at org.testng.SuiteRunnerWorker.runSuite(SuiteRunnerWorker.java:53)
at org.testng.SuiteRunnerWorker.run(SuiteRunnerWorker.java:96)
at org.testng.TestNG.runSuitesSequentially(TestNG.java:1218)
at org.testng.TestNG.runSuitesLocally(TestNG.java:1140)
at org.testng.TestNG.runSuites(TestNG.java:1069)
at org.testng.TestNG.run(TestNG.java:1037)
at org.apache.maven.surefire.testng.TestNGExecutor.run(TestNGExecutor.java:284)
at org.apache.maven.surefire.testng.TestNGXmlTestSuite.execute(TestNGXmlTestSuite.java:75)
at org.apache.maven.surefire.testng.TestNGProvider.invoke(TestNGProvider.java:119)
at org.apache.maven.surefire.booter.ForkedBooter.runSuitesInProcess(ForkedBooter.java:428)
at org.apache.maven.surefire.booter.ForkedBooter.execute(ForkedBooter.java:162)
at org.apache.maven.surefire.booter.ForkedBooter.run(ForkedBooter.java:562)
at org.apache.maven.surefire.booter.ForkedBooter.main(ForkedBooter.java:548)
]]>
    </failure>
  </testcase> <!-- FileProcessing -->
  <system-out/>
  <testcase name="FileProcessing" time="0.454" classname="MINTUI.Automation.FileProcessingScenariosTest"/>
  <system-out/>
</testsuite> <!-- MINTUI.Automation.FileProcessingScenariosTest -->
