<html>
<head>
<title>TestNG:  Test</title>
<link href="../testng.css" rel="stylesheet" type="text/css" />
<link href="../my-testng.css" rel="stylesheet" type="text/css" />

<style type="text/css">
.log { display: none;} 
.stack-trace { display: none;} 
</style>
<script type="text/javascript">
<!--
function flip(e) {
  current = e.style.display;
  if (current == 'block') {
    e.style.display = 'none';
    return 0;
  }
  else {
    e.style.display = 'block';
    return 1;
  }
}

function toggleBox(szDivId, elem, msg1, msg2)
{
  var res = -1;  if (document.getElementById) {
    res = flip(document.getElementById(szDivId));
  }
  else if (document.all) {
    // this is the way old msie versions work
    res = flip(document.all[szDivId]);
  }
  if(elem) {
    if(res == 0) elem.innerHTML = msg1; else elem.innerHTML = msg2;
  }

}

function toggleAllBoxes() {
  if (document.getElementsByTagName) {
    d = document.getElementsByTagName('div');
    for (i = 0; i < d.length; i++) {
      if (d[i].className == 'log') {
        flip(d[i]);
      }
    }
  }
}

// -->
</script>

</head>
<body>
<h2 align='center'>Test</h2><table border='1' align="center">
<tr>
<td>Tests passed/Failed/Skipped:</td><td>32/5/0</td>
</tr><tr>
<td>Started on:</td><td>Tue Jun 01 16:15:00 BST 2021</td>
</tr>
<tr><td>Total time:</td><td>329 seconds (329052 ms)</td>
</tr><tr>
<td>Included groups:</td><td></td>
</tr><tr>
<td>Excluded groups:</td><td></td>
</tr>
</table><p/>
<small><i>(Hover the method name to see the test class name)</i></small><p/>
<table width='100%' border='1' class='invocation-failed'>
<tr><td colspan='4' align='center'><b>FAILED TESTS</b></td></tr>
<tr><td><b>Test method</b></td>
<td width="30%"><b>Exception</b></td>
<td width="10%"><b>Time (seconds)</b></td>
<td><b>Instance</b></td>
</tr>
<tr>
<td title='MINTUI.Automation.FileProcessingScenariosTest.FileProcessing()'><b>FileProcessing</b><br>Test class: MINTUI.Automation.FileProcessingScenariosTest<br>Parameters: TC_007_FileProcessing, PROGRAM, SONY, 1076, Positive, POPP202105040204PLAN.PROG, , , , </td>
<td><div><pre>java.lang.AssertionError: expected [COMPLETED] but found [REJECTED]
	at MINTUI.Automation.FileProcessingScenariosTest.FileProcessing(FileProcessingScenariosTest.java:230)
	at java.util.ArrayList.forEach(ArrayList.java:1257)
... Removed 37 stack frames</pre></div><a href='#' onClick='toggleBox("stack-trace843959601", this, "Click to show all stack frames", "Click to hide stack frames")'>Click to show all stack frames</a>
<div class='stack-trace' id='stack-trace843959601'><pre>java.lang.AssertionError: expected [COMPLETED] but found [REJECTED]
	at org.testng.Assert.fail(Assert.java:99)
	at org.testng.Assert.failNotEquals(Assert.java:1037)
	at org.testng.Assert.assertEqualsImpl(Assert.java:140)
	at org.testng.Assert.assertEquals(Assert.java:122)
	at org.testng.Assert.assertEquals(Assert.java:629)
	at org.testng.Assert.assertEquals(Assert.java:639)
	at MINTUI.Automation.FileProcessingScenariosTest.FileProcessing(FileProcessingScenariosTest.java:230)
	at sun.reflect.NativeMethodAccessorImpl.invoke0(Native Method)
	at sun.reflect.NativeMethodAccessorImpl.invoke(NativeMethodAccessorImpl.java:62)
	at sun.reflect.DelegatingMethodAccessorImpl.invoke(DelegatingMethodAccessorImpl.java:43)
	at java.lang.reflect.Method.invoke(Method.java:498)
	at org.testng.internal.MethodInvocationHelper.invokeMethod(MethodInvocationHelper.java:132)
	at org.testng.internal.TestInvoker.invokeMethod(TestInvoker.java:599)
	at org.testng.internal.TestInvoker.invokeTestMethod(TestInvoker.java:174)
	at org.testng.internal.MethodRunner.runInSequence(MethodRunner.java:46)
	at org.testng.internal.TestInvoker$MethodInvocationAgent.invoke(TestInvoker.java:822)
	at org.testng.internal.TestInvoker.invokeTestMethods(TestInvoker.java:147)
	at org.testng.internal.TestMethodWorker.invokeTestMethods(TestMethodWorker.java:146)
	at org.testng.internal.TestMethodWorker.run(TestMethodWorker.java:128)
	at java.util.ArrayList.forEach(ArrayList.java:1257)
	at org.testng.TestRunner.privateRun(TestRunner.java:764)
	at org.testng.TestRunner.run(TestRunner.java:585)
	at org.testng.SuiteRunner.runTest(SuiteRunner.java:384)
	at org.testng.SuiteRunner.runSequentially(SuiteRunner.java:378)
	at org.testng.SuiteRunner.privateRun(SuiteRunner.java:337)
	at org.testng.SuiteRunner.run(SuiteRunner.java:286)
	at org.testng.SuiteRunnerWorker.runSuite(SuiteRunnerWorker.java:53)
	at org.testng.SuiteRunnerWorker.run(SuiteRunnerWorker.java:96)
	at org.testng.TestNG.runSuitesSequentially(TestNG.java:1218)
	at org.testng.TestNG.runSuitesLocally(TestNG.java:1140)
	at org.testng.TestNG.runSuites(TestNG.java:1069)
	at org.testng.TestNG.run(TestNG.java:1037)
	at org.apache.maven.surefire.testng.TestNGExecutor.run(TestNGExecutor.java:284)
	at org.apache.maven.surefire.testng.TestNGXmlTestSuite.execute(TestNGXmlTestSuite.java:75)
	at org.apache.maven.surefire.testng.TestNGProvider.invoke(TestNGProvider.java:119)
	at org.apache.maven.surefire.booter.ForkedBooter.runSuitesInProcess(ForkedBooter.java:428)
	at org.apache.maven.surefire.booter.ForkedBooter.execute(ForkedBooter.java:162)
	at org.apache.maven.surefire.booter.ForkedBooter.run(ForkedBooter.java:562)
	at org.apache.maven.surefire.booter.ForkedBooter.main(ForkedBooter.java:548)
</pre></div></td>
<td>0</td>
<td>MINTUI.Automation.FileProcessingScenariosTest@533bda92</td></tr>
<tr>
<td title='MINTUI.Automation.FileProcessingScenariosTest.FileProcessing()'><b>FileProcessing</b><br>Test class: MINTUI.Automation.FileProcessingScenariosTest<br>Parameters: TC_013_FileProcessing, SPOT, UKTV, 989, Positive, SS_040521_095735.NBC.PROV.50126250, , , , </td>
<td><div><pre>java.lang.AssertionError: expected [COMPLETED] but found [REJECTED]
	at MINTUI.Automation.FileProcessingScenariosTest.FileProcessing(FileProcessingScenariosTest.java:230)
	at java.util.ArrayList.forEach(ArrayList.java:1257)
... Removed 37 stack frames</pre></div><a href='#' onClick='toggleBox("stack-trace987595204", this, "Click to show all stack frames", "Click to hide stack frames")'>Click to show all stack frames</a>
<div class='stack-trace' id='stack-trace987595204'><pre>java.lang.AssertionError: expected [COMPLETED] but found [REJECTED]
	at org.testng.Assert.fail(Assert.java:99)
	at org.testng.Assert.failNotEquals(Assert.java:1037)
	at org.testng.Assert.assertEqualsImpl(Assert.java:140)
	at org.testng.Assert.assertEquals(Assert.java:122)
	at org.testng.Assert.assertEquals(Assert.java:629)
	at org.testng.Assert.assertEquals(Assert.java:639)
	at MINTUI.Automation.FileProcessingScenariosTest.FileProcessing(FileProcessingScenariosTest.java:230)
	at sun.reflect.NativeMethodAccessorImpl.invoke0(Native Method)
	at sun.reflect.NativeMethodAccessorImpl.invoke(NativeMethodAccessorImpl.java:62)
	at sun.reflect.DelegatingMethodAccessorImpl.invoke(DelegatingMethodAccessorImpl.java:43)
	at java.lang.reflect.Method.invoke(Method.java:498)
	at org.testng.internal.MethodInvocationHelper.invokeMethod(MethodInvocationHelper.java:132)
	at org.testng.internal.TestInvoker.invokeMethod(TestInvoker.java:599)
	at org.testng.internal.TestInvoker.invokeTestMethod(TestInvoker.java:174)
	at org.testng.internal.MethodRunner.runInSequence(MethodRunner.java:46)
	at org.testng.internal.TestInvoker$MethodInvocationAgent.invoke(TestInvoker.java:822)
	at org.testng.internal.TestInvoker.invokeTestMethods(TestInvoker.java:147)
	at org.testng.internal.TestMethodWorker.invokeTestMethods(TestMethodWorker.java:146)
	at org.testng.internal.TestMethodWorker.run(TestMethodWorker.java:128)
	at java.util.ArrayList.forEach(ArrayList.java:1257)
	at org.testng.TestRunner.privateRun(TestRunner.java:764)
	at org.testng.TestRunner.run(TestRunner.java:585)
	at org.testng.SuiteRunner.runTest(SuiteRunner.java:384)
	at org.testng.SuiteRunner.runSequentially(SuiteRunner.java:378)
	at org.testng.SuiteRunner.privateRun(SuiteRunner.java:337)
	at org.testng.SuiteRunner.run(SuiteRunner.java:286)
	at org.testng.SuiteRunnerWorker.runSuite(SuiteRunnerWorker.java:53)
	at org.testng.SuiteRunnerWorker.run(SuiteRunnerWorker.java:96)
	at org.testng.TestNG.runSuitesSequentially(TestNG.java:1218)
	at org.testng.TestNG.runSuitesLocally(TestNG.java:1140)
	at org.testng.TestNG.runSuites(TestNG.java:1069)
	at org.testng.TestNG.run(TestNG.java:1037)
	at org.apache.maven.surefire.testng.TestNGExecutor.run(TestNGExecutor.java:284)
	at org.apache.maven.surefire.testng.TestNGXmlTestSuite.execute(TestNGXmlTestSuite.java:75)
	at org.apache.maven.surefire.testng.TestNGProvider.invoke(TestNGProvider.java:119)
	at org.apache.maven.surefire.booter.ForkedBooter.runSuitesInProcess(ForkedBooter.java:428)
	at org.apache.maven.surefire.booter.ForkedBooter.execute(ForkedBooter.java:162)
	at org.apache.maven.surefire.booter.ForkedBooter.run(ForkedBooter.java:562)
	at org.apache.maven.surefire.booter.ForkedBooter.main(ForkedBooter.java:548)
</pre></div></td>
<td>0</td>
<td>MINTUI.Automation.FileProcessingScenariosTest@533bda92</td></tr>
<tr>
<td title='MINTUI.Automation.FileProcessingScenariosTest.FileProcessing()'><b>FileProcessing</b><br>Test class: MINTUI.Automation.FileProcessingScenariosTest<br>Parameters: TC_016_FileProcessing, RECON, RECON, 1135, Negative, 0409620200708_REJE005.DCL, REJE005, 957, 04096, Additional details : Interface Name: <InterfaceName>, Channel Description: <Channel Description>(<ChannelCode>); Transmission Date: '2020-07-08'; The File Trailer count(957)  and the actual number of records(965) do not match.</td>
<td><div><pre>java.lang.AssertionError: expected [REJECTED] but found [FAILED]
	at MINTUI.Automation.FileProcessingScenariosTest.FileProcessing(FileProcessingScenariosTest.java:359)
	at java.util.ArrayList.forEach(ArrayList.java:1257)
... Removed 37 stack frames</pre></div><a href='#' onClick='toggleBox("stack-trace1517758613", this, "Click to show all stack frames", "Click to hide stack frames")'>Click to show all stack frames</a>
<div class='stack-trace' id='stack-trace1517758613'><pre>java.lang.AssertionError: expected [REJECTED] but found [FAILED]
	at org.testng.Assert.fail(Assert.java:99)
	at org.testng.Assert.failNotEquals(Assert.java:1037)
	at org.testng.Assert.assertEqualsImpl(Assert.java:140)
	at org.testng.Assert.assertEquals(Assert.java:122)
	at org.testng.Assert.assertEquals(Assert.java:629)
	at org.testng.Assert.assertEquals(Assert.java:639)
	at MINTUI.Automation.FileProcessingScenariosTest.FileProcessing(FileProcessingScenariosTest.java:359)
	at sun.reflect.NativeMethodAccessorImpl.invoke0(Native Method)
	at sun.reflect.NativeMethodAccessorImpl.invoke(NativeMethodAccessorImpl.java:62)
	at sun.reflect.DelegatingMethodAccessorImpl.invoke(DelegatingMethodAccessorImpl.java:43)
	at java.lang.reflect.Method.invoke(Method.java:498)
	at org.testng.internal.MethodInvocationHelper.invokeMethod(MethodInvocationHelper.java:132)
	at org.testng.internal.TestInvoker.invokeMethod(TestInvoker.java:599)
	at org.testng.internal.TestInvoker.invokeTestMethod(TestInvoker.java:174)
	at org.testng.internal.MethodRunner.runInSequence(MethodRunner.java:46)
	at org.testng.internal.TestInvoker$MethodInvocationAgent.invoke(TestInvoker.java:822)
	at org.testng.internal.TestInvoker.invokeTestMethods(TestInvoker.java:147)
	at org.testng.internal.TestMethodWorker.invokeTestMethods(TestMethodWorker.java:146)
	at org.testng.internal.TestMethodWorker.run(TestMethodWorker.java:128)
	at java.util.ArrayList.forEach(ArrayList.java:1257)
	at org.testng.TestRunner.privateRun(TestRunner.java:764)
	at org.testng.TestRunner.run(TestRunner.java:585)
	at org.testng.SuiteRunner.runTest(SuiteRunner.java:384)
	at org.testng.SuiteRunner.runSequentially(SuiteRunner.java:378)
	at org.testng.SuiteRunner.privateRun(SuiteRunner.java:337)
	at org.testng.SuiteRunner.run(SuiteRunner.java:286)
	at org.testng.SuiteRunnerWorker.runSuite(SuiteRunnerWorker.java:53)
	at org.testng.SuiteRunnerWorker.run(SuiteRunnerWorker.java:96)
	at org.testng.TestNG.runSuitesSequentially(TestNG.java:1218)
	at org.testng.TestNG.runSuitesLocally(TestNG.java:1140)
	at org.testng.TestNG.runSuites(TestNG.java:1069)
	at org.testng.TestNG.run(TestNG.java:1037)
	at org.apache.maven.surefire.testng.TestNGExecutor.run(TestNGExecutor.java:284)
	at org.apache.maven.surefire.testng.TestNGXmlTestSuite.execute(TestNGXmlTestSuite.java:75)
	at org.apache.maven.surefire.testng.TestNGProvider.invoke(TestNGProvider.java:119)
	at org.apache.maven.surefire.booter.ForkedBooter.runSuitesInProcess(ForkedBooter.java:428)
	at org.apache.maven.surefire.booter.ForkedBooter.execute(ForkedBooter.java:162)
	at org.apache.maven.surefire.booter.ForkedBooter.run(ForkedBooter.java:562)
	at org.apache.maven.surefire.booter.ForkedBooter.main(ForkedBooter.java:548)
</pre></div></td>
<td>0</td>
<td>MINTUI.Automation.FileProcessingScenariosTest@533bda92</td></tr>
<tr>
<td title='MINTUI.Automation.FileProcessingScenariosTest.FileProcessing()'><b>FileProcessing</b><br>Test class: MINTUI.Automation.FileProcessingScenariosTest<br>Parameters: TC_017_FileProcessing, LMKIItoSAP, LMKIItoSAP, 1027, Positive, IN_140520_210240_1, , , , </td>
<td><div><pre>java.lang.AssertionError: expected [COMPLETED] but found [REJECTED]
	at MINTUI.Automation.FileProcessingScenariosTest.FileProcessing(FileProcessingScenariosTest.java:230)
	at java.util.ArrayList.forEach(ArrayList.java:1257)
... Removed 36 stack frames</pre></div><a href='#' onClick='toggleBox("stack-trace1883971879", this, "Click to show all stack frames", "Click to hide stack frames")'>Click to show all stack frames</a>
<div class='stack-trace' id='stack-trace1883971879'><pre>java.lang.AssertionError: expected [COMPLETED] but found [REJECTED]
	at org.testng.Assert.fail(Assert.java:99)
	at org.testng.Assert.failNotEquals(Assert.java:1037)
	at org.testng.Assert.assertEqualsImpl(Assert.java:140)
	at org.testng.Assert.assertEquals(Assert.java:122)
	at org.testng.Assert.assertEquals(Assert.java:629)
	at org.testng.Assert.assertEquals(Assert.java:639)
	at MINTUI.Automation.FileProcessingScenariosTest.FileProcessing(FileProcessingScenariosTest.java:230)
	at sun.reflect.GeneratedMethodAccessor3.invoke(Unknown Source)
	at sun.reflect.DelegatingMethodAccessorImpl.invoke(DelegatingMethodAccessorImpl.java:43)
	at java.lang.reflect.Method.invoke(Method.java:498)
	at org.testng.internal.MethodInvocationHelper.invokeMethod(MethodInvocationHelper.java:132)
	at org.testng.internal.TestInvoker.invokeMethod(TestInvoker.java:599)
	at org.testng.internal.TestInvoker.invokeTestMethod(TestInvoker.java:174)
	at org.testng.internal.MethodRunner.runInSequence(MethodRunner.java:46)
	at org.testng.internal.TestInvoker$MethodInvocationAgent.invoke(TestInvoker.java:822)
	at org.testng.internal.TestInvoker.invokeTestMethods(TestInvoker.java:147)
	at org.testng.internal.TestMethodWorker.invokeTestMethods(TestMethodWorker.java:146)
	at org.testng.internal.TestMethodWorker.run(TestMethodWorker.java:128)
	at java.util.ArrayList.forEach(ArrayList.java:1257)
	at org.testng.TestRunner.privateRun(TestRunner.java:764)
	at org.testng.TestRunner.run(TestRunner.java:585)
	at org.testng.SuiteRunner.runTest(SuiteRunner.java:384)
	at org.testng.SuiteRunner.runSequentially(SuiteRunner.java:378)
	at org.testng.SuiteRunner.privateRun(SuiteRunner.java:337)
	at org.testng.SuiteRunner.run(SuiteRunner.java:286)
	at org.testng.SuiteRunnerWorker.runSuite(SuiteRunnerWorker.java:53)
	at org.testng.SuiteRunnerWorker.run(SuiteRunnerWorker.java:96)
	at org.testng.TestNG.runSuitesSequentially(TestNG.java:1218)
	at org.testng.TestNG.runSuitesLocally(TestNG.java:1140)
	at org.testng.TestNG.runSuites(TestNG.java:1069)
	at org.testng.TestNG.run(TestNG.java:1037)
	at org.apache.maven.surefire.testng.TestNGExecutor.run(TestNGExecutor.java:284)
	at org.apache.maven.surefire.testng.TestNGXmlTestSuite.execute(TestNGXmlTestSuite.java:75)
	at org.apache.maven.surefire.testng.TestNGProvider.invoke(TestNGProvider.java:119)
	at org.apache.maven.surefire.booter.ForkedBooter.runSuitesInProcess(ForkedBooter.java:428)
	at org.apache.maven.surefire.booter.ForkedBooter.execute(ForkedBooter.java:162)
	at org.apache.maven.surefire.booter.ForkedBooter.run(ForkedBooter.java:562)
	at org.apache.maven.surefire.booter.ForkedBooter.main(ForkedBooter.java:548)
</pre></div></td>
<td>0</td>
<td>MINTUI.Automation.FileProcessingScenariosTest@533bda92</td></tr>
<tr>
<td title='MINTUI.Automation.FileProcessingScenariosTest.FileProcessing()'><b>FileProcessing</b><br>Test class: MINTUI.Automation.FileProcessingScenariosTest<br>Parameters: TC_018_FileProcessing, ATTRIBUTION, ATTRIBUTION, 1046, Positive, INDAY1.sky, , , , </td>
<td><div><pre>java.lang.AssertionError: expected [INDAY1.sky] but found [INDAY1.sky_210601151815002]
	at MINTUI.Automation.FileProcessingScenariosTest.VerifyTargetFileName(FileProcessingScenariosTest.java:533)
	at MINTUI.Automation.FileProcessingScenariosTest.FileProcessing(FileProcessingScenariosTest.java:280)
	at java.util.ArrayList.forEach(ArrayList.java:1257)
... Removed 36 stack frames</pre></div><a href='#' onClick='toggleBox("stack-trace130850024", this, "Click to show all stack frames", "Click to hide stack frames")'>Click to show all stack frames</a>
<div class='stack-trace' id='stack-trace130850024'><pre>java.lang.AssertionError: expected [INDAY1.sky] but found [INDAY1.sky_210601151815002]
	at org.testng.Assert.fail(Assert.java:99)
	at org.testng.Assert.failNotEquals(Assert.java:1037)
	at org.testng.Assert.assertEqualsImpl(Assert.java:140)
	at org.testng.Assert.assertEquals(Assert.java:122)
	at org.testng.Assert.assertEquals(Assert.java:629)
	at org.testng.Assert.assertEquals(Assert.java:639)
	at MINTUI.Automation.FileProcessingScenariosTest.VerifyTargetFileName(FileProcessingScenariosTest.java:533)
	at MINTUI.Automation.FileProcessingScenariosTest.FileProcessing(FileProcessingScenariosTest.java:280)
	at sun.reflect.GeneratedMethodAccessor3.invoke(Unknown Source)
	at sun.reflect.DelegatingMethodAccessorImpl.invoke(DelegatingMethodAccessorImpl.java:43)
	at java.lang.reflect.Method.invoke(Method.java:498)
	at org.testng.internal.MethodInvocationHelper.invokeMethod(MethodInvocationHelper.java:132)
	at org.testng.internal.TestInvoker.invokeMethod(TestInvoker.java:599)
	at org.testng.internal.TestInvoker.invokeTestMethod(TestInvoker.java:174)
	at org.testng.internal.MethodRunner.runInSequence(MethodRunner.java:46)
	at org.testng.internal.TestInvoker$MethodInvocationAgent.invoke(TestInvoker.java:822)
	at org.testng.internal.TestInvoker.invokeTestMethods(TestInvoker.java:147)
	at org.testng.internal.TestMethodWorker.invokeTestMethods(TestMethodWorker.java:146)
	at org.testng.internal.TestMethodWorker.run(TestMethodWorker.java:128)
	at java.util.ArrayList.forEach(ArrayList.java:1257)
	at org.testng.TestRunner.privateRun(TestRunner.java:764)
	at org.testng.TestRunner.run(TestRunner.java:585)
	at org.testng.SuiteRunner.runTest(SuiteRunner.java:384)
	at org.testng.SuiteRunner.runSequentially(SuiteRunner.java:378)
	at org.testng.SuiteRunner.privateRun(SuiteRunner.java:337)
	at org.testng.SuiteRunner.run(SuiteRunner.java:286)
	at org.testng.SuiteRunnerWorker.runSuite(SuiteRunnerWorker.java:53)
	at org.testng.SuiteRunnerWorker.run(SuiteRunnerWorker.java:96)
	at org.testng.TestNG.runSuitesSequentially(TestNG.java:1218)
	at org.testng.TestNG.runSuitesLocally(TestNG.java:1140)
	at org.testng.TestNG.runSuites(TestNG.java:1069)
	at org.testng.TestNG.run(TestNG.java:1037)
	at org.apache.maven.surefire.testng.TestNGExecutor.run(TestNGExecutor.java:284)
	at org.apache.maven.surefire.testng.TestNGXmlTestSuite.execute(TestNGXmlTestSuite.java:75)
	at org.apache.maven.surefire.testng.TestNGProvider.invoke(TestNGProvider.java:119)
	at org.apache.maven.surefire.booter.ForkedBooter.runSuitesInProcess(ForkedBooter.java:428)
	at org.apache.maven.surefire.booter.ForkedBooter.execute(ForkedBooter.java:162)
	at org.apache.maven.surefire.booter.ForkedBooter.run(ForkedBooter.java:562)
	at org.apache.maven.surefire.booter.ForkedBooter.main(ForkedBooter.java:548)
</pre></div></td>
<td>0</td>
<td>MINTUI.Automation.FileProcessingScenariosTest@533bda92</td></tr>
</table><p>
<table width='100%' border='1' class='invocation-passed'>
<tr><td colspan='4' align='center'><b>PASSED TESTS</b></td></tr>
<tr><td><b>Test method</b></td>
<td width="30%"><b>Exception</b></td>
<td width="10%"><b>Time (seconds)</b></td>
<td><b>Instance</b></td>
</tr>
<tr>
<td title='MINTUI.Automation.FileProcessingScenariosTest.FileProcessing()'><b>FileProcessing</b><br>Test class: MINTUI.Automation.FileProcessingScenariosTest<br>Parameters: TC_001_FileProcessing, BREAK, UKTV, 758, Positive, UKTBSCH.34076, , , , </td>
<td></td>
<td>0</td>
<td>MINTUI.Automation.FileProcessingScenariosTest@533bda92</td></tr>
<tr>
<td title='MINTUI.Automation.FileProcessingScenariosTest.FileProcessing()'><b>FileProcessing</b><br>Test class: MINTUI.Automation.FileProcessingScenariosTest<br>Parameters: TC_002_FileProcessing, BREAK, BSS, 953, Positive, CCENBSCH.506, , , , </td>
<td></td>
<td>0</td>
<td>MINTUI.Automation.FileProcessingScenariosTest@533bda92</td></tr>
<tr>
<td title='MINTUI.Automation.FileProcessingScenariosTest.FileProcessing()'><b>FileProcessing</b><br>Test class: MINTUI.Automation.FileProcessingScenariosTest<br>Parameters: TC_003_FileProcessing, BREAK, LFTS, 1131, Positive, LFTS_BreakSchedule_OCT2020_TS23.txt, , , , </td>
<td></td>
<td>0</td>
<td>MINTUI.Automation.FileProcessingScenariosTest@533bda92</td></tr>
<tr>
<td title='MINTUI.Automation.FileProcessingScenariosTest.FileProcessing()'><b>FileProcessing</b><br>Test class: MINTUI.Automation.FileProcessingScenariosTest<br>Parameters: TC_004_FileProcessing, BREAK, SONY, 752, Positive, MOUK202105060539.BRK, , , , </td>
<td></td>
<td>0</td>
<td>MINTUI.Automation.FileProcessingScenariosTest@533bda92</td></tr>
<tr>
<td title='MINTUI.Automation.FileProcessingScenariosTest.FileProcessing()'><b>FileProcessing</b><br>Test class: MINTUI.Automation.FileProcessingScenariosTest<br>Parameters: TC_005_FileProcessing, PROGRAM, V6, 1001, Positive, NJR2PSCH.13680, , , , </td>
<td></td>
<td>0</td>
<td>MINTUI.Automation.FileProcessingScenariosTest@533bda92</td></tr>
<tr>
<td title='MINTUI.Automation.FileProcessingScenariosTest.FileProcessing()'><b>FileProcessing</b><br>Test class: MINTUI.Automation.FileProcessingScenariosTest<br>Parameters: TC_006_FileProcessing, PROGRAM, V7, 771, Positive, skypsch.083, , , , </td>
<td></td>
<td>0</td>
<td>MINTUI.Automation.FileProcessingScenariosTest@533bda92</td></tr>
<tr>
<td title='MINTUI.Automation.FileProcessingScenariosTest.FileProcessing()'><b>FileProcessing</b><br>Test class: MINTUI.Automation.FileProcessingScenariosTest<br>Parameters: TC_008_FileProcessing, PROGRAM, UKTV, 991, Positive, GI_PRG_05052021.dat, , , , </td>
<td></td>
<td>0</td>
<td>MINTUI.Automation.FileProcessingScenariosTest@533bda92</td></tr>
<tr>
<td title='MINTUI.Automation.FileProcessingScenariosTest.FileProcessing()'><b>FileProcessing</b><br>Test class: MINTUI.Automation.FileProcessingScenariosTest<br>Parameters: TC_009_FileProcessing, PROGRAM, S4C, 980, Positive, PROG20210508-20210514.XML, , , , </td>
<td></td>
<td>0</td>
<td>MINTUI.Automation.FileProcessingScenariosTest@533bda92</td></tr>
<tr>
<td title='MINTUI.Automation.FileProcessingScenariosTest.FileProcessing()'><b>FileProcessing</b><br>Test class: MINTUI.Automation.FileProcessingScenariosTest<br>Parameters: TC_010_FileProcessing, SPOT, BSS, 952, Positive, SS_040521_122759.SKYsgl.PROV.50145310.20210505SkyFootIre, , , , </td>
<td></td>
<td>12</td>
<td>MINTUI.Automation.FileProcessingScenariosTest@533bda92</td></tr>
<tr>
<td title='MINTUI.Automation.FileProcessingScenariosTest.FileProcessing()'><b>FileProcessing</b><br>Test class: MINTUI.Automation.FileProcessingScenariosTest<br>Parameters: TC_011_FileProcessing, SPOT, MEMS, 988, Positive, SS_040920_085601.MEM.PROV.35505830.txt, , , , </td>
<td></td>
<td>1</td>
<td>MINTUI.Automation.FileProcessingScenariosTest@533bda92</td></tr>
<tr>
<td title='MINTUI.Automation.FileProcessingScenariosTest.FileProcessing()'><b>FileProcessing</b><br>Test class: MINTUI.Automation.FileProcessingScenariosTest<br>Parameters: TC_012_FileProcessing, SPOT, SONY, 1151, Positive, SS_220720_160547.SON.FINAL.33075960, , , , </td>
<td></td>
<td>0</td>
<td>MINTUI.Automation.FileProcessingScenariosTest@533bda92</td></tr>
<tr>
<td title='MINTUI.Automation.FileProcessingScenariosTest.FileProcessing()'><b>FileProcessing</b><br>Test class: MINTUI.Automation.FileProcessingScenariosTest<br>Parameters: TC_014_FileProcessing, SPOT, S4C, 981, Positive, SS_300421_150225.S4C.FINAL.50045480, , , , </td>
<td></td>
<td>0</td>
<td>MINTUI.Automation.FileProcessingScenariosTest@533bda92</td></tr>
<tr>
<td title='MINTUI.Automation.FileProcessingScenariosTest.FileProcessing()'><b>FileProcessing</b><br>Test class: MINTUI.Automation.FileProcessingScenariosTest<br>Parameters: TC_015_FileProcessing, RECON, RECON, 1135, Positive, 0409720210218.DCL, , , , </td>
<td></td>
<td>0</td>
<td>MINTUI.Automation.FileProcessingScenariosTest@533bda92</td></tr>
<tr>
<td title='MINTUI.Automation.FileProcessingScenariosTest.PushFileProcessing()'><b>PushFileProcessing</b><br>Test class: MINTUI.Automation.FileProcessingScenariosTest<br>Parameters: TC_001_FileProcessing, BREAK, UKTV, 758, Positive, UKTBSCH.34076, , , , </td>
<td></td>
<td>0</td>
<td>MINTUI.Automation.FileProcessingScenariosTest@533bda92</td></tr>
<tr>
<td title='MINTUI.Automation.FileProcessingScenariosTest.PushFileProcessing()'><b>PushFileProcessing</b><br>Test class: MINTUI.Automation.FileProcessingScenariosTest<br>Parameters: TC_002_FileProcessing, BREAK, BSS, 953, Positive, CCENBSCH.506, , , , </td>
<td></td>
<td>0</td>
<td>MINTUI.Automation.FileProcessingScenariosTest@533bda92</td></tr>
<tr>
<td title='MINTUI.Automation.FileProcessingScenariosTest.PushFileProcessing()'><b>PushFileProcessing</b><br>Test class: MINTUI.Automation.FileProcessingScenariosTest<br>Parameters: TC_003_FileProcessing, BREAK, LFTS, 1131, Positive, LFTS_BreakSchedule_OCT2020_TS23.txt, , , , </td>
<td></td>
<td>0</td>
<td>MINTUI.Automation.FileProcessingScenariosTest@533bda92</td></tr>
<tr>
<td title='MINTUI.Automation.FileProcessingScenariosTest.PushFileProcessing()'><b>PushFileProcessing</b><br>Test class: MINTUI.Automation.FileProcessingScenariosTest<br>Parameters: TC_004_FileProcessing, BREAK, SONY, 752, Positive, MOUK202105060539.BRK, , , , </td>
<td></td>
<td>0</td>
<td>MINTUI.Automation.FileProcessingScenariosTest@533bda92</td></tr>
<tr>
<td title='MINTUI.Automation.FileProcessingScenariosTest.PushFileProcessing()'><b>PushFileProcessing</b><br>Test class: MINTUI.Automation.FileProcessingScenariosTest<br>Parameters: TC_005_FileProcessing, PROGRAM, V6, 1001, Positive, NJR2PSCH.13680, , , , </td>
<td></td>
<td>0</td>
<td>MINTUI.Automation.FileProcessingScenariosTest@533bda92</td></tr>
<tr>
<td title='MINTUI.Automation.FileProcessingScenariosTest.PushFileProcessing()'><b>PushFileProcessing</b><br>Test class: MINTUI.Automation.FileProcessingScenariosTest<br>Parameters: TC_006_FileProcessing, PROGRAM, V7, 771, Positive, skypsch.083, , , , </td>
<td></td>
<td>0</td>
<td>MINTUI.Automation.FileProcessingScenariosTest@533bda92</td></tr>
<tr>
<td title='MINTUI.Automation.FileProcessingScenariosTest.PushFileProcessing()'><b>PushFileProcessing</b><br>Test class: MINTUI.Automation.FileProcessingScenariosTest<br>Parameters: TC_007_FileProcessing, PROGRAM, SONY, 1076, Positive, POPP202105040204PLAN.PROG, , , , </td>
<td></td>
<td>0</td>
<td>MINTUI.Automation.FileProcessingScenariosTest@533bda92</td></tr>
<tr>
<td title='MINTUI.Automation.FileProcessingScenariosTest.PushFileProcessing()'><b>PushFileProcessing</b><br>Test class: MINTUI.Automation.FileProcessingScenariosTest<br>Parameters: TC_008_FileProcessing, PROGRAM, UKTV, 991, Positive, GI_PRG_05052021.dat, , , , </td>
<td></td>
<td>0</td>
<td>MINTUI.Automation.FileProcessingScenariosTest@533bda92</td></tr>
<tr>
<td title='MINTUI.Automation.FileProcessingScenariosTest.PushFileProcessing()'><b>PushFileProcessing</b><br>Test class: MINTUI.Automation.FileProcessingScenariosTest<br>Parameters: TC_009_FileProcessing, PROGRAM, S4C, 980, Positive, PROG20210508-20210514.XML, , , , </td>
<td></td>
<td>0</td>
<td>MINTUI.Automation.FileProcessingScenariosTest@533bda92</td></tr>
<tr>
<td title='MINTUI.Automation.FileProcessingScenariosTest.PushFileProcessing()'><b>PushFileProcessing</b><br>Test class: MINTUI.Automation.FileProcessingScenariosTest<br>Parameters: TC_010_FileProcessing, SPOT, BSS, 952, Positive, SS_040521_122759.SKYsgl.PROV.50145310.20210505SkyFootIre, , , , </td>
<td></td>
<td>0</td>
<td>MINTUI.Automation.FileProcessingScenariosTest@533bda92</td></tr>
<tr>
<td title='MINTUI.Automation.FileProcessingScenariosTest.PushFileProcessing()'><b>PushFileProcessing</b><br>Test class: MINTUI.Automation.FileProcessingScenariosTest<br>Parameters: TC_011_FileProcessing, SPOT, MEMS, 988, Positive, SS_040920_085601.MEM.PROV.35505830.txt, , , , </td>
<td></td>
<td>0</td>
<td>MINTUI.Automation.FileProcessingScenariosTest@533bda92</td></tr>
<tr>
<td title='MINTUI.Automation.FileProcessingScenariosTest.PushFileProcessing()'><b>PushFileProcessing</b><br>Test class: MINTUI.Automation.FileProcessingScenariosTest<br>Parameters: TC_012_FileProcessing, SPOT, SONY, 1151, Positive, SS_220720_160547.SON.FINAL.33075960, , , , </td>
<td></td>
<td>0</td>
<td>MINTUI.Automation.FileProcessingScenariosTest@533bda92</td></tr>
<tr>
<td title='MINTUI.Automation.FileProcessingScenariosTest.PushFileProcessing()'><b>PushFileProcessing</b><br>Test class: MINTUI.Automation.FileProcessingScenariosTest<br>Parameters: TC_013_FileProcessing, SPOT, UKTV, 989, Positive, SS_040521_095735.NBC.PROV.50126250, , , , </td>
<td></td>
<td>0</td>
<td>MINTUI.Automation.FileProcessingScenariosTest@533bda92</td></tr>
<tr>
<td title='MINTUI.Automation.FileProcessingScenariosTest.PushFileProcessing()'><b>PushFileProcessing</b><br>Test class: MINTUI.Automation.FileProcessingScenariosTest<br>Parameters: TC_014_FileProcessing, SPOT, S4C, 981, Positive, SS_300421_150225.S4C.FINAL.50045480, , , , </td>
<td></td>
<td>0</td>
<td>MINTUI.Automation.FileProcessingScenariosTest@533bda92</td></tr>
<tr>
<td title='MINTUI.Automation.FileProcessingScenariosTest.PushFileProcessing()'><b>PushFileProcessing</b><br>Test class: MINTUI.Automation.FileProcessingScenariosTest<br>Parameters: TC_015_FileProcessing, RECON, RECON, 1135, Positive, 0409720210218.DCL, , , , </td>
<td></td>
<td>0</td>
<td>MINTUI.Automation.FileProcessingScenariosTest@533bda92</td></tr>
<tr>
<td title='MINTUI.Automation.FileProcessingScenariosTest.PushFileProcessing()'><b>PushFileProcessing</b><br>Test class: MINTUI.Automation.FileProcessingScenariosTest<br>Parameters: TC_016_FileProcessing, RECON, RECON, 1135, Negative, 0409620200708_REJE005.DCL, REJE005, 957, 04096, Additional details : Interface Name: <InterfaceName>, Channel Description: <Channel Description>(<ChannelCode>); Transmission Date: '2020-07-08'; The File Trailer count(957)  and the actual number of records(965) do not match.</td>
<td></td>
<td>0</td>
<td>MINTUI.Automation.FileProcessingScenariosTest@533bda92</td></tr>
<tr>
<td title='MINTUI.Automation.FileProcessingScenariosTest.PushFileProcessing()'><b>PushFileProcessing</b><br>Test class: MINTUI.Automation.FileProcessingScenariosTest<br>Parameters: TC_017_FileProcessing, LMKIItoSAP, LMKIItoSAP, 1027, Positive, IN_140520_210240_1, , , , </td>
<td></td>
<td>0</td>
<td>MINTUI.Automation.FileProcessingScenariosTest@533bda92</td></tr>
<tr>
<td title='MINTUI.Automation.FileProcessingScenariosTest.PushFileProcessing()'><b>PushFileProcessing</b><br>Test class: MINTUI.Automation.FileProcessingScenariosTest<br>Parameters: TC_018_FileProcessing, ATTRIBUTION, ATTRIBUTION, 1046, Positive, INDAY1.sky, , , , </td>
<td></td>
<td>0</td>
<td>MINTUI.Automation.FileProcessingScenariosTest@533bda92</td></tr>
<tr>
<td title='MINTUI.Automation.FileProcessingScenariosTest.waitTime()'><b>waitTime</b><br>Test class: MINTUI.Automation.FileProcessingScenariosTest</td>
<td></td>
<td>300</td>
<td>MINTUI.Automation.FileProcessingScenariosTest@533bda92</td></tr>
</table><p>
</body>
</html>