<?xml version="1.0" encoding="UTF-8"?>
<!-- Generated by org.testng.reporters.JUnitXMLReporter -->
<testsuite hostname="S52XD000100" ignored="0" name="Test" tests="37" failures="5" timestamp="2021-06-01T16:20:30 BST" time="329.052" errors="0">
  <testcase name="PushFileProcessing" time="0.626" classname="MINTUI.Automation.FileProcessingScenariosTest"/>
  <testcase name="PushFileProcessing" time="0.312" classname="MINTUI.Automation.FileProcessingScenariosTest"/>
  <testcase name="PushFileProcessing" time="0.33" classname="MINTUI.Automation.FileProcessingScenariosTest"/>
  <testcase name="PushFileProcessing" time="0.299" classname="MINTUI.Automation.FileProcessingScenariosTest"/>
  <testcase name="PushFileProcessing" time="0.353" classname="MINTUI.Automation.FileProcessingScenariosTest"/>
  <testcase name="PushFileProcessing" time="0.32" classname="MINTUI.Automation.FileProcessingScenariosTest"/>
  <testcase name="PushFileProcessing" time="0.332" classname="MINTUI.Automation.FileProcessingScenariosTest"/>
  <testcase name="PushFileProcessing" time="0.43" classname="MINTUI.Automation.FileProcessingScenariosTest"/>
  <testcase name="PushFileProcessing" time="0.375" classname="MINTUI.Automation.FileProcessingScenariosTest"/>
  <testcase name="PushFileProcessing" time="0.359" classname="MINTUI.Automation.FileProcessingScenariosTest"/>
  <testcase name="PushFileProcessing" time="0.399" classname="MINTUI.Automation.FileProcessingScenariosTest"/>
  <testcase name="PushFileProcessing" time="0.358" classname="MINTUI.Automation.FileProcessingScenariosTest"/>
  <testcase name="PushFileProcessing" time="0.376" classname="MINTUI.Automation.FileProcessingScenariosTest"/>
  <testcase name="PushFileProcessing" time="0.343" classname="MINTUI.Automation.FileProcessingScenariosTest"/>
  <testcase name="PushFileProcessing" time="0.367" classname="MINTUI.Automation.FileProcessingScenariosTest"/>
  <testcase name="PushFileProcessing" time="0.359" classname="MINTUI.Automation.FileProcessingScenariosTest"/>
  <testcase name="PushFileProcessing" time="0.347" classname="MINTUI.Automation.FileProcessingScenariosTest"/>
  <testcase name="PushFileProcessing" time="0.372" classname="MINTUI.Automation.FileProcessingScenariosTest"/>
  <testcase name="waitTime" time="300.006" classname="MINTUI.Automation.FileProcessingScenariosTest"/>
  <testcase name="FileProcessing" time="0.572" classname="MINTUI.Automation.FileProcessingScenariosTest"/>
  <testcase name="FileProcessing" time="0.439" classname="MINTUI.Automation.FileProcessingScenariosTest"/>
  <testcase name="FileProcessing" time="0.431" classname="MINTUI.Automation.FileProcessingScenariosTest"/>
  <testcase name="FileProcessing" time="0.436" classname="MINTUI.Automation.FileProcessingScenariosTest"/>
  <testcase name="FileProcessing" time="0.506" classname="MINTUI.Automation.FileProcessingScenariosTest"/>
  <testcase name="FileProcessing" time="0.444" classname="MINTUI.Automation.FileProcessingScenariosTest"/>
  <testcase name="FileProcessing" time="0.101" classname="MINTUI.Automation.FileProcessingScenariosTest">
    <failure type="java.lang.AssertionError" message="expected [COMPLETED] but found [REJECTED]">
      <![CDATA[java.lang.AssertionError: expected [COMPLETED] but found [REJECTED]
at MINTUI.Automation.FileProcessingScenariosTest.FileProcessing(FileProcessingScenariosTest.java:230)
at java.util.ArrayList.forEach(ArrayList.java:1257)
... Removed 37 stack frames]]>
    </failure>
  </testcase> <!-- FileProcessing -->
  <testcase name="FileProcessing" time="0.515" classname="MINTUI.Automation.FileProcessingScenariosTest"/>
  <testcase name="FileProcessing" time="0.448" classname="MINTUI.Automation.FileProcessingScenariosTest"/>
  <testcase name="FileProcessing" time="12.676" classname="MINTUI.Automation.FileProcessingScenariosTest"/>
  <testcase name="FileProcessing" time="1.129" classname="MINTUI.Automation.FileProcessingScenariosTest"/>
  <testcase name="FileProcessing" time="0.472" classname="MINTUI.Automation.FileProcessingScenariosTest"/>
  <testcase name="FileProcessing" time="0.108" classname="MINTUI.Automation.FileProcessingScenariosTest">
    <failure type="java.lang.AssertionError" message="expected [COMPLETED] but found [REJECTED]">
      <![CDATA[java.lang.AssertionError: expected [COMPLETED] but found [REJECTED]
at MINTUI.Automation.FileProcessingScenariosTest.FileProcessing(FileProcessingScenariosTest.java:230)
at java.util.ArrayList.forEach(ArrayList.java:1257)
... Removed 37 stack frames]]>
    </failure>
  </testcase> <!-- FileProcessing -->
  <testcase name="FileProcessing" time="0.454" classname="MINTUI.Automation.FileProcessingScenariosTest"/>
  <testcase name="FileProcessing" time="0.494" classname="MINTUI.Automation.FileProcessingScenariosTest"/>
  <testcase name="FileProcessing" time="0.106" classname="MINTUI.Automation.FileProcessingScenariosTest">
    <failure type="java.lang.AssertionError" message="expected [REJECTED] but found [FAILED]">
      <![CDATA[java.lang.AssertionError: expected [REJECTED] but found [FAILED]
at MINTUI.Automation.FileProcessingScenariosTest.FileProcessing(FileProcessingScenariosTest.java:359)
at java.util.ArrayList.forEach(ArrayList.java:1257)
... Removed 37 stack frames]]>
    </failure>
  </testcase> <!-- FileProcessing -->
  <testcase name="FileProcessing" time="0.112" classname="MINTUI.Automation.FileProcessingScenariosTest">
    <failure type="java.lang.AssertionError" message="expected [COMPLETED] but found [REJECTED]">
      <![CDATA[java.lang.AssertionError: expected [COMPLETED] but found [REJECTED]
at MINTUI.Automation.FileProcessingScenariosTest.FileProcessing(FileProcessingScenariosTest.java:230)
at java.util.ArrayList.forEach(ArrayList.java:1257)
... Removed 36 stack frames]]>
    </failure>
  </testcase> <!-- FileProcessing -->
  <testcase name="FileProcessing" time="0.211" classname="MINTUI.Automation.FileProcessingScenariosTest">
    <failure type="java.lang.AssertionError" message="expected [INDAY1.sky] but found [INDAY1.sky_210601151815002]">
      <![CDATA[java.lang.AssertionError: expected [INDAY1.sky] but found [INDAY1.sky_210601151815002]
at MINTUI.Automation.FileProcessingScenariosTest.VerifyTargetFileName(FileProcessingScenariosTest.java:533)
at MINTUI.Automation.FileProcessingScenariosTest.FileProcessing(FileProcessingScenariosTest.java:280)
at java.util.ArrayList.forEach(ArrayList.java:1257)
... Removed 36 stack frames]]>
    </failure>
  </testcase> <!-- FileProcessing -->
</testsuite> <!-- Test -->
