<?xml version="1.0" encoding="UTF-8"?>
<!-- Generated by org.testng.reporters.JUnitXMLReporter -->
<testsuite ignored="0" hostname="S52XD000100" failures="6" tests="41" name="Test" time="-2893.898" errors="0" timestamp="10 Jun 2021 15:00:03 GMT">
  <testcase classname="MINTUI.Automation.FileProcessingScenariosTest" name="PushFileProcessing" time="1.349"/>
  <testcase classname="MINTUI.Automation.FileProcessingScenariosTest" name="PushFileProcessing" time="0.386"/>
  <testcase classname="MINTUI.Automation.FileProcessingScenariosTest" name="PushFileProcessing" time="0.338"/>
  <testcase classname="MINTUI.Automation.FileProcessingScenariosTest" name="PushFileProcessing" time="0.341"/>
  <testcase classname="MINTUI.Automation.FileProcessingScenariosTest" name="PushFileProcessing" time="0.411"/>
  <testcase classname="MINTUI.Automation.FileProcessingScenariosTest" name="PushFileProcessing" time="0.404"/>
  <testcase classname="MINTUI.Automation.FileProcessingScenariosTest" name="PushFileProcessing" time="0.372"/>
  <testcase classname="MINTUI.Automation.FileProcessingScenariosTest" name="PushFileProcessing" time="0.469"/>
  <testcase classname="MINTUI.Automation.FileProcessingScenariosTest" name="PushFileProcessing" time="0.403"/>
  <testcase classname="MINTUI.Automation.FileProcessingScenariosTest" name="PushFileProcessing" time="0.415"/>
  <testcase classname="MINTUI.Automation.FileProcessingScenariosTest" name="PushFileProcessing" time="0.384"/>
  <testcase classname="MINTUI.Automation.FileProcessingScenariosTest" name="PushFileProcessing" time="0.374"/>
  <testcase classname="MINTUI.Automation.FileProcessingScenariosTest" name="PushFileProcessing" time="0.384"/>
  <testcase classname="MINTUI.Automation.FileProcessingScenariosTest" name="PushFileProcessing" time="-3239.575"/>
  <testcase classname="MINTUI.Automation.FileProcessingScenariosTest" name="PushFileProcessing" time="13.378"/>
  <testcase classname="MINTUI.Automation.FileProcessingScenariosTest" name="PushFileProcessing" time="12.398"/>
  <testcase classname="MINTUI.Automation.FileProcessingScenariosTest" name="PushFileProcessing" time="0.375"/>
  <testcase classname="MINTUI.Automation.FileProcessingScenariosTest" name="PushFileProcessing" time="0.393"/>
  <testcase classname="MINTUI.Automation.FileProcessingScenariosTest" name="PushFileProcessing" time="0.412"/>
  <testcase classname="MINTUI.Automation.FileProcessingScenariosTest" name="PushFileProcessing" time="0.356"/>
  <testcase classname="MINTUI.Automation.FileProcessingScenariosTest" name="waitTime" time="300.006"/>
  <testcase classname="MINTUI.Automation.FileProcessingScenariosTest" name="FileProcessing" time="0.286">
    <failure type="java.lang.AssertionError" message="expected [BR] but found [20]">
      <![CDATA[java.lang.AssertionError: expected [BR] but found [20]
at MINTUI.Automation.FileProcessingScenariosTest.VerifyTargetFileName(FileProcessingScenariosTest.java:510)
at MINTUI.Automation.FileProcessingScenariosTest.FileProcessing(FileProcessingScenariosTest.java:280)
... Removed 31 stack frames]]>
    </failure>
  </testcase> <!-- FileProcessing -->
  <testcase classname="MINTUI.Automation.FileProcessingScenariosTest" name="FileProcessing" time="0.218">
    <failure type="java.lang.AssertionError" message="expected [SENT] but found [FAIL]">
      <![CDATA[java.lang.AssertionError: expected [SENT] but found [FAIL]
at MINTUI.Automation.FileProcessingScenariosTest.FileProcessing(FileProcessingScenariosTest.java:278)
... Removed 31 stack frames]]>
    </failure>
  </testcase> <!-- FileProcessing -->
  <testcase classname="MINTUI.Automation.FileProcessingScenariosTest" name="FileProcessing" time="0.488"/>
  <testcase classname="MINTUI.Automation.FileProcessingScenariosTest" name="FileProcessing" time="0.45"/>
  <testcase classname="MINTUI.Automation.FileProcessingScenariosTest" name="FileProcessing" time="0.117">
    <failure type="java.lang.AssertionError" message="expected [COMPLETED] but found [REJECTED]">
      <![CDATA[java.lang.AssertionError: expected [COMPLETED] but found [REJECTED]
at MINTUI.Automation.FileProcessingScenariosTest.FileProcessing(FileProcessingScenariosTest.java:230)
... Removed 31 stack frames]]>
    </failure>
  </testcase> <!-- FileProcessing -->
  <testcase classname="MINTUI.Automation.FileProcessingScenariosTest" name="FileProcessing" time="0.505"/>
  <testcase classname="MINTUI.Automation.FileProcessingScenariosTest" name="FileProcessing" time="0.513"/>
  <testcase classname="MINTUI.Automation.FileProcessingScenariosTest" name="FileProcessing" time="0.142">
    <failure type="java.lang.AssertionError" message="expected [COMPLETED] but found [FAILED]">
      <![CDATA[java.lang.AssertionError: expected [COMPLETED] but found [FAILED]
at MINTUI.Automation.FileProcessingScenariosTest.FileProcessing(FileProcessingScenariosTest.java:230)
... Removed 31 stack frames]]>
    </failure>
  </testcase> <!-- FileProcessing -->
  <testcase classname="MINTUI.Automation.FileProcessingScenariosTest" name="FileProcessing" time="0.502"/>
  <testcase classname="MINTUI.Automation.FileProcessingScenariosTest" name="FileProcessing" time="0.477"/>
  <testcase classname="MINTUI.Automation.FileProcessingScenariosTest" name="FileProcessing" time="1.183"/>
  <testcase classname="MINTUI.Automation.FileProcessingScenariosTest" name="FileProcessing" time="0.476"/>
  <testcase classname="MINTUI.Automation.FileProcessingScenariosTest" name="FileProcessing" time="1.302"/>
  <testcase classname="MINTUI.Automation.FileProcessingScenariosTest" name="FileProcessing" time="0.702"/>
  <testcase classname="MINTUI.Automation.FileProcessingScenariosTest" name="FileProcessing" time="0.189"/>
  <testcase classname="MINTUI.Automation.FileProcessingScenariosTest" name="FileProcessing" time="0.414"/>
  <testcase classname="MINTUI.Automation.FileProcessingScenariosTest" name="FileProcessing" time="0.512"/>
  <testcase classname="MINTUI.Automation.FileProcessingScenariosTest" name="FileProcessing" time="0.127">
    <failure type="java.lang.AssertionError" message="expected [COMPLETED] but found [REJECTED]">
      <![CDATA[java.lang.AssertionError: expected [COMPLETED] but found [REJECTED]
at MINTUI.Automation.FileProcessingScenariosTest.FileProcessing(FileProcessingScenariosTest.java:230)
... Removed 30 stack frames]]>
    </failure>
  </testcase> <!-- FileProcessing -->
  <testcase classname="MINTUI.Automation.FileProcessingScenariosTest" name="FileProcessing" time="0.123">
    <failure type="java.lang.AssertionError" message="expected [COMPLETED] but found [FAILED]">
      <![CDATA[java.lang.AssertionError: expected [COMPLETED] but found [FAILED]
at MINTUI.Automation.FileProcessingScenariosTest.FileProcessing(FileProcessingScenariosTest.java:230)
... Removed 30 stack frames]]>
    </failure>
  </testcase> <!-- FileProcessing -->
  <testcase classname="MINTUI.Automation.FileProcessingScenariosTest" name="FileProcessing" time="0.318"/>
</testsuite> <!-- Test -->
