<html>
<head>
<title>TestNG:  Test</title>
<link href="../testng.css" rel="stylesheet" type="text/css" />
<link href="../my-testng.css" rel="stylesheet" type="text/css" />

<style type="text/css">
.log { display: none;} 
.stack-trace { display: none;} 
</style>
<script type="text/javascript">
<!--
function flip(e) {
  current = e.style.display;
  if (current == 'block') {
    e.style.display = 'none';
    return 0;
  }
  else {
    e.style.display = 'block';
    return 1;
  }
}

function toggleBox(szDivId, elem, msg1, msg2)
{
  var res = -1;  if (document.getElementById) {
    res = flip(document.getElementById(szDivId));
  }
  else if (document.all) {
    // this is the way old msie versions work
    res = flip(document.all[szDivId]);
  }
  if(elem) {
    if(res == 0) elem.innerHTML = msg1; else elem.innerHTML = msg2;
  }

}

function toggleAllBoxes() {
  if (document.getElementsByTagName) {
    d = document.getElementsByTagName('div');
    for (i = 0; i < d.length; i++) {
      if (d[i].className == 'log') {
        flip(d[i]);
      }
    }
  }
}

// -->
</script>

</head>
<body>
<h2 align='center'>Test</h2><table border='1' align="center">
<tr>
<td>Tests passed/Failed/Skipped:</td><td>35/6/0</td>
</tr><tr>
<td>Started on:</td><td>Thu Jun 10 16:48:17 BST 2021</td>
</tr>
<tr><td>Total time:</td><td>-2893 seconds (-2893898 ms)</td>
</tr><tr>
<td>Included groups:</td><td></td>
</tr><tr>
<td>Excluded groups:</td><td></td>
</tr>
</table><p/>
<small><i>(Hover the method name to see the test class name)</i></small><p/>
<table width='100%' border='1' class='invocation-failed'>
<tr><td colspan='4' align='center'><b>FAILED TESTS</b></td></tr>
<tr><td><b>Test method</b></td>
<td width="30%"><b>Exception</b></td>
<td width="10%"><b>Time (seconds)</b></td>
<td><b>Instance</b></td>
</tr>
<tr>
<td title='MINTUI.Automation.FileProcessingScenariosTest.FileProcessing()'><b>FileProcessing</b><br>Test class: MINTUI.Automation.FileProcessingScenariosTest<br>Parameters: TC_001_FileProcessing, BREAK, UKTV, 97, Positive, UKTBSCH.34076, , , , </td>
<td><div><pre>java.lang.AssertionError: expected [BR] but found [20]
	at MINTUI.Automation.FileProcessingScenariosTest.VerifyTargetFileName(FileProcessingScenariosTest.java:510)
	at MINTUI.Automation.FileProcessingScenariosTest.FileProcessing(FileProcessingScenariosTest.java:280)
... Removed 31 stack frames</pre></div><a href='#' onClick='toggleBox("stack-trace730584984", this, "Click to show all stack frames", "Click to hide stack frames")'>Click to show all stack frames</a>
<div class='stack-trace' id='stack-trace730584984'><pre>java.lang.AssertionError: expected [BR] but found [20]
	at org.testng.Assert.fail(Assert.java:96)
	at org.testng.Assert.failNotEquals(Assert.java:776)
	at org.testng.Assert.assertEqualsImpl(Assert.java:137)
	at org.testng.Assert.assertEquals(Assert.java:118)
	at org.testng.Assert.assertEquals(Assert.java:453)
	at org.testng.Assert.assertEquals(Assert.java:463)
	at MINTUI.Automation.FileProcessingScenariosTest.VerifyTargetFileName(FileProcessingScenariosTest.java:510)
	at MINTUI.Automation.FileProcessingScenariosTest.FileProcessing(FileProcessingScenariosTest.java:280)
	at java.base/jdk.internal.reflect.NativeMethodAccessorImpl.invoke0(Native Method)
	at java.base/jdk.internal.reflect.NativeMethodAccessorImpl.invoke(NativeMethodAccessorImpl.java:62)
	at java.base/jdk.internal.reflect.DelegatingMethodAccessorImpl.invoke(DelegatingMethodAccessorImpl.java:43)
	at java.base/java.lang.reflect.Method.invoke(Method.java:567)
	at org.testng.internal.MethodInvocationHelper.invokeMethod(MethodInvocationHelper.java:124)
	at org.testng.internal.Invoker.invokeMethod(Invoker.java:583)
	at org.testng.internal.Invoker.invokeTestMethod(Invoker.java:719)
	at org.testng.internal.Invoker.invokeTestMethods(Invoker.java:989)
	at org.testng.internal.TestMethodWorker.invokeTestMethods(TestMethodWorker.java:125)
	at org.testng.internal.TestMethodWorker.run(TestMethodWorker.java:109)
	at org.testng.TestRunner.privateRun(TestRunner.java:648)
	at org.testng.TestRunner.run(TestRunner.java:505)
	at org.testng.SuiteRunner.runTest(SuiteRunner.java:455)
	at org.testng.SuiteRunner.runSequentially(SuiteRunner.java:450)
	at org.testng.SuiteRunner.privateRun(SuiteRunner.java:415)
	at org.testng.SuiteRunner.run(SuiteRunner.java:364)
	at org.testng.SuiteRunnerWorker.runSuite(SuiteRunnerWorker.java:52)
	at org.testng.SuiteRunnerWorker.run(SuiteRunnerWorker.java:84)
	at org.testng.TestNG.runSuitesSequentially(TestNG.java:1208)
	at org.testng.TestNG.runSuitesLocally(TestNG.java:1137)
	at org.testng.TestNG.runSuites(TestNG.java:1049)
	at org.testng.TestNG.run(TestNG.java:1017)
	at org.testng.remote.AbstractRemoteTestNG.run(AbstractRemoteTestNG.java:115)
	at org.testng.remote.RemoteTestNG.initAndRun(RemoteTestNG.java:251)
	at org.testng.remote.RemoteTestNG.main(RemoteTestNG.java:77)
</pre></div></td>
<td>0</td>
<td>MINTUI.Automation.FileProcessingScenariosTest@460ebd80</td></tr>
<tr>
<td title='MINTUI.Automation.FileProcessingScenariosTest.FileProcessing()'><b>FileProcessing</b><br>Test class: MINTUI.Automation.FileProcessingScenariosTest<br>Parameters: TC_002_FileProcessing, BREAK, BSS, 649, Positive, CCENBSCH.506, , , , </td>
<td><div><pre>java.lang.AssertionError: expected [SENT] but found [FAIL]
	at MINTUI.Automation.FileProcessingScenariosTest.FileProcessing(FileProcessingScenariosTest.java:278)
... Removed 31 stack frames</pre></div><a href='#' onClick='toggleBox("stack-trace1764622989", this, "Click to show all stack frames", "Click to hide stack frames")'>Click to show all stack frames</a>
<div class='stack-trace' id='stack-trace1764622989'><pre>java.lang.AssertionError: expected [SENT] but found [FAIL]
	at org.testng.Assert.fail(Assert.java:96)
	at org.testng.Assert.failNotEquals(Assert.java:776)
	at org.testng.Assert.assertEqualsImpl(Assert.java:137)
	at org.testng.Assert.assertEquals(Assert.java:118)
	at org.testng.Assert.assertEquals(Assert.java:453)
	at org.testng.Assert.assertEquals(Assert.java:463)
	at MINTUI.Automation.FileProcessingScenariosTest.FileProcessing(FileProcessingScenariosTest.java:278)
	at java.base/jdk.internal.reflect.NativeMethodAccessorImpl.invoke0(Native Method)
	at java.base/jdk.internal.reflect.NativeMethodAccessorImpl.invoke(NativeMethodAccessorImpl.java:62)
	at java.base/jdk.internal.reflect.DelegatingMethodAccessorImpl.invoke(DelegatingMethodAccessorImpl.java:43)
	at java.base/java.lang.reflect.Method.invoke(Method.java:567)
	at org.testng.internal.MethodInvocationHelper.invokeMethod(MethodInvocationHelper.java:124)
	at org.testng.internal.Invoker.invokeMethod(Invoker.java:583)
	at org.testng.internal.Invoker.invokeTestMethod(Invoker.java:719)
	at org.testng.internal.Invoker.invokeTestMethods(Invoker.java:989)
	at org.testng.internal.TestMethodWorker.invokeTestMethods(TestMethodWorker.java:125)
	at org.testng.internal.TestMethodWorker.run(TestMethodWorker.java:109)
	at org.testng.TestRunner.privateRun(TestRunner.java:648)
	at org.testng.TestRunner.run(TestRunner.java:505)
	at org.testng.SuiteRunner.runTest(SuiteRunner.java:455)
	at org.testng.SuiteRunner.runSequentially(SuiteRunner.java:450)
	at org.testng.SuiteRunner.privateRun(SuiteRunner.java:415)
	at org.testng.SuiteRunner.run(SuiteRunner.java:364)
	at org.testng.SuiteRunnerWorker.runSuite(SuiteRunnerWorker.java:52)
	at org.testng.SuiteRunnerWorker.run(SuiteRunnerWorker.java:84)
	at org.testng.TestNG.runSuitesSequentially(TestNG.java:1208)
	at org.testng.TestNG.runSuitesLocally(TestNG.java:1137)
	at org.testng.TestNG.runSuites(TestNG.java:1049)
	at org.testng.TestNG.run(TestNG.java:1017)
	at org.testng.remote.AbstractRemoteTestNG.run(AbstractRemoteTestNG.java:115)
	at org.testng.remote.RemoteTestNG.initAndRun(RemoteTestNG.java:251)
	at org.testng.remote.RemoteTestNG.main(RemoteTestNG.java:77)
</pre></div></td>
<td>0</td>
<td>MINTUI.Automation.FileProcessingScenariosTest@460ebd80</td></tr>
<tr>
<td title='MINTUI.Automation.FileProcessingScenariosTest.FileProcessing()'><b>FileProcessing</b><br>Test class: MINTUI.Automation.FileProcessingScenariosTest<br>Parameters: TC_005_FileProcessing, PROGRAM, V6, 89, Positive, NJR2PSCH.13680, , , , </td>
<td><div><pre>java.lang.AssertionError: expected [COMPLETED] but found [REJECTED]
	at MINTUI.Automation.FileProcessingScenariosTest.FileProcessing(FileProcessingScenariosTest.java:230)
... Removed 31 stack frames</pre></div><a href='#' onClick='toggleBox("stack-trace534643569", this, "Click to show all stack frames", "Click to hide stack frames")'>Click to show all stack frames</a>
<div class='stack-trace' id='stack-trace534643569'><pre>java.lang.AssertionError: expected [COMPLETED] but found [REJECTED]
	at org.testng.Assert.fail(Assert.java:96)
	at org.testng.Assert.failNotEquals(Assert.java:776)
	at org.testng.Assert.assertEqualsImpl(Assert.java:137)
	at org.testng.Assert.assertEquals(Assert.java:118)
	at org.testng.Assert.assertEquals(Assert.java:453)
	at org.testng.Assert.assertEquals(Assert.java:463)
	at MINTUI.Automation.FileProcessingScenariosTest.FileProcessing(FileProcessingScenariosTest.java:230)
	at java.base/jdk.internal.reflect.NativeMethodAccessorImpl.invoke0(Native Method)
	at java.base/jdk.internal.reflect.NativeMethodAccessorImpl.invoke(NativeMethodAccessorImpl.java:62)
	at java.base/jdk.internal.reflect.DelegatingMethodAccessorImpl.invoke(DelegatingMethodAccessorImpl.java:43)
	at java.base/java.lang.reflect.Method.invoke(Method.java:567)
	at org.testng.internal.MethodInvocationHelper.invokeMethod(MethodInvocationHelper.java:124)
	at org.testng.internal.Invoker.invokeMethod(Invoker.java:583)
	at org.testng.internal.Invoker.invokeTestMethod(Invoker.java:719)
	at org.testng.internal.Invoker.invokeTestMethods(Invoker.java:989)
	at org.testng.internal.TestMethodWorker.invokeTestMethods(TestMethodWorker.java:125)
	at org.testng.internal.TestMethodWorker.run(TestMethodWorker.java:109)
	at org.testng.TestRunner.privateRun(TestRunner.java:648)
	at org.testng.TestRunner.run(TestRunner.java:505)
	at org.testng.SuiteRunner.runTest(SuiteRunner.java:455)
	at org.testng.SuiteRunner.runSequentially(SuiteRunner.java:450)
	at org.testng.SuiteRunner.privateRun(SuiteRunner.java:415)
	at org.testng.SuiteRunner.run(SuiteRunner.java:364)
	at org.testng.SuiteRunnerWorker.runSuite(SuiteRunnerWorker.java:52)
	at org.testng.SuiteRunnerWorker.run(SuiteRunnerWorker.java:84)
	at org.testng.TestNG.runSuitesSequentially(TestNG.java:1208)
	at org.testng.TestNG.runSuitesLocally(TestNG.java:1137)
	at org.testng.TestNG.runSuites(TestNG.java:1049)
	at org.testng.TestNG.run(TestNG.java:1017)
	at org.testng.remote.AbstractRemoteTestNG.run(AbstractRemoteTestNG.java:115)
	at org.testng.remote.RemoteTestNG.initAndRun(RemoteTestNG.java:251)
	at org.testng.remote.RemoteTestNG.main(RemoteTestNG.java:77)
</pre></div></td>
<td>0</td>
<td>MINTUI.Automation.FileProcessingScenariosTest@460ebd80</td></tr>
<tr>
<td title='MINTUI.Automation.FileProcessingScenariosTest.FileProcessing()'><b>FileProcessing</b><br>Test class: MINTUI.Automation.FileProcessingScenariosTest<br>Parameters: TC_008_FileProcessing, PROGRAM, UKTV, 958, Positive, GI_PRG_05052021.dat, , , , </td>
<td><div><pre>java.lang.AssertionError: expected [COMPLETED] but found [FAILED]
	at MINTUI.Automation.FileProcessingScenariosTest.FileProcessing(FileProcessingScenariosTest.java:230)
... Removed 31 stack frames</pre></div><a href='#' onClick='toggleBox("stack-trace1331654213", this, "Click to show all stack frames", "Click to hide stack frames")'>Click to show all stack frames</a>
<div class='stack-trace' id='stack-trace1331654213'><pre>java.lang.AssertionError: expected [COMPLETED] but found [FAILED]
	at org.testng.Assert.fail(Assert.java:96)
	at org.testng.Assert.failNotEquals(Assert.java:776)
	at org.testng.Assert.assertEqualsImpl(Assert.java:137)
	at org.testng.Assert.assertEquals(Assert.java:118)
	at org.testng.Assert.assertEquals(Assert.java:453)
	at org.testng.Assert.assertEquals(Assert.java:463)
	at MINTUI.Automation.FileProcessingScenariosTest.FileProcessing(FileProcessingScenariosTest.java:230)
	at java.base/jdk.internal.reflect.NativeMethodAccessorImpl.invoke0(Native Method)
	at java.base/jdk.internal.reflect.NativeMethodAccessorImpl.invoke(NativeMethodAccessorImpl.java:62)
	at java.base/jdk.internal.reflect.DelegatingMethodAccessorImpl.invoke(DelegatingMethodAccessorImpl.java:43)
	at java.base/java.lang.reflect.Method.invoke(Method.java:567)
	at org.testng.internal.MethodInvocationHelper.invokeMethod(MethodInvocationHelper.java:124)
	at org.testng.internal.Invoker.invokeMethod(Invoker.java:583)
	at org.testng.internal.Invoker.invokeTestMethod(Invoker.java:719)
	at org.testng.internal.Invoker.invokeTestMethods(Invoker.java:989)
	at org.testng.internal.TestMethodWorker.invokeTestMethods(TestMethodWorker.java:125)
	at org.testng.internal.TestMethodWorker.run(TestMethodWorker.java:109)
	at org.testng.TestRunner.privateRun(TestRunner.java:648)
	at org.testng.TestRunner.run(TestRunner.java:505)
	at org.testng.SuiteRunner.runTest(SuiteRunner.java:455)
	at org.testng.SuiteRunner.runSequentially(SuiteRunner.java:450)
	at org.testng.SuiteRunner.privateRun(SuiteRunner.java:415)
	at org.testng.SuiteRunner.run(SuiteRunner.java:364)
	at org.testng.SuiteRunnerWorker.runSuite(SuiteRunnerWorker.java:52)
	at org.testng.SuiteRunnerWorker.run(SuiteRunnerWorker.java:84)
	at org.testng.TestNG.runSuitesSequentially(TestNG.java:1208)
	at org.testng.TestNG.runSuitesLocally(TestNG.java:1137)
	at org.testng.TestNG.runSuites(TestNG.java:1049)
	at org.testng.TestNG.run(TestNG.java:1017)
	at org.testng.remote.AbstractRemoteTestNG.run(AbstractRemoteTestNG.java:115)
	at org.testng.remote.RemoteTestNG.initAndRun(RemoteTestNG.java:251)
	at org.testng.remote.RemoteTestNG.main(RemoteTestNG.java:77)
</pre></div></td>
<td>0</td>
<td>MINTUI.Automation.FileProcessingScenariosTest@460ebd80</td></tr>
<tr>
<td title='MINTUI.Automation.FileProcessingScenariosTest.FileProcessing()'><b>FileProcessing</b><br>Test class: MINTUI.Automation.FileProcessingScenariosTest<br>Parameters: TC_018_FileProcessing, ATTRIBUTION, ATTRIBUTION, 1299, Positive, INDAY1.sky, , , , </td>
<td><div><pre>java.lang.AssertionError: expected [COMPLETED] but found [REJECTED]
	at MINTUI.Automation.FileProcessingScenariosTest.FileProcessing(FileProcessingScenariosTest.java:230)
... Removed 30 stack frames</pre></div><a href='#' onClick='toggleBox("stack-trace1960031800", this, "Click to show all stack frames", "Click to hide stack frames")'>Click to show all stack frames</a>
<div class='stack-trace' id='stack-trace1960031800'><pre>java.lang.AssertionError: expected [COMPLETED] but found [REJECTED]
	at org.testng.Assert.fail(Assert.java:96)
	at org.testng.Assert.failNotEquals(Assert.java:776)
	at org.testng.Assert.assertEqualsImpl(Assert.java:137)
	at org.testng.Assert.assertEquals(Assert.java:118)
	at org.testng.Assert.assertEquals(Assert.java:453)
	at org.testng.Assert.assertEquals(Assert.java:463)
	at MINTUI.Automation.FileProcessingScenariosTest.FileProcessing(FileProcessingScenariosTest.java:230)
	at jdk.internal.reflect.GeneratedMethodAccessor2.invoke(Unknown Source)
	at java.base/jdk.internal.reflect.DelegatingMethodAccessorImpl.invoke(DelegatingMethodAccessorImpl.java:43)
	at java.base/java.lang.reflect.Method.invoke(Method.java:567)
	at org.testng.internal.MethodInvocationHelper.invokeMethod(MethodInvocationHelper.java:124)
	at org.testng.internal.Invoker.invokeMethod(Invoker.java:583)
	at org.testng.internal.Invoker.invokeTestMethod(Invoker.java:719)
	at org.testng.internal.Invoker.invokeTestMethods(Invoker.java:989)
	at org.testng.internal.TestMethodWorker.invokeTestMethods(TestMethodWorker.java:125)
	at org.testng.internal.TestMethodWorker.run(TestMethodWorker.java:109)
	at org.testng.TestRunner.privateRun(TestRunner.java:648)
	at org.testng.TestRunner.run(TestRunner.java:505)
	at org.testng.SuiteRunner.runTest(SuiteRunner.java:455)
	at org.testng.SuiteRunner.runSequentially(SuiteRunner.java:450)
	at org.testng.SuiteRunner.privateRun(SuiteRunner.java:415)
	at org.testng.SuiteRunner.run(SuiteRunner.java:364)
	at org.testng.SuiteRunnerWorker.runSuite(SuiteRunnerWorker.java:52)
	at org.testng.SuiteRunnerWorker.run(SuiteRunnerWorker.java:84)
	at org.testng.TestNG.runSuitesSequentially(TestNG.java:1208)
	at org.testng.TestNG.runSuitesLocally(TestNG.java:1137)
	at org.testng.TestNG.runSuites(TestNG.java:1049)
	at org.testng.TestNG.run(TestNG.java:1017)
	at org.testng.remote.AbstractRemoteTestNG.run(AbstractRemoteTestNG.java:115)
	at org.testng.remote.RemoteTestNG.initAndRun(RemoteTestNG.java:251)
	at org.testng.remote.RemoteTestNG.main(RemoteTestNG.java:77)
</pre></div></td>
<td>0</td>
<td>MINTUI.Automation.FileProcessingScenariosTest@460ebd80</td></tr>
<tr>
<td title='MINTUI.Automation.FileProcessingScenariosTest.FileProcessing()'><b>FileProcessing</b><br>Test class: MINTUI.Automation.FileProcessingScenariosTest<br>Parameters: TC_019_FileProcessing, UNIVERSES, UNIVERSES, 1081, Positive, B20191001.UNI.Z, , , , </td>
<td><div><pre>java.lang.AssertionError: expected [COMPLETED] but found [FAILED]
	at MINTUI.Automation.FileProcessingScenariosTest.FileProcessing(FileProcessingScenariosTest.java:230)
... Removed 30 stack frames</pre></div><a href='#' onClick='toggleBox("stack-trace973604748", this, "Click to show all stack frames", "Click to hide stack frames")'>Click to show all stack frames</a>
<div class='stack-trace' id='stack-trace973604748'><pre>java.lang.AssertionError: expected [COMPLETED] but found [FAILED]
	at org.testng.Assert.fail(Assert.java:96)
	at org.testng.Assert.failNotEquals(Assert.java:776)
	at org.testng.Assert.assertEqualsImpl(Assert.java:137)
	at org.testng.Assert.assertEquals(Assert.java:118)
	at org.testng.Assert.assertEquals(Assert.java:453)
	at org.testng.Assert.assertEquals(Assert.java:463)
	at MINTUI.Automation.FileProcessingScenariosTest.FileProcessing(FileProcessingScenariosTest.java:230)
	at jdk.internal.reflect.GeneratedMethodAccessor2.invoke(Unknown Source)
	at java.base/jdk.internal.reflect.DelegatingMethodAccessorImpl.invoke(DelegatingMethodAccessorImpl.java:43)
	at java.base/java.lang.reflect.Method.invoke(Method.java:567)
	at org.testng.internal.MethodInvocationHelper.invokeMethod(MethodInvocationHelper.java:124)
	at org.testng.internal.Invoker.invokeMethod(Invoker.java:583)
	at org.testng.internal.Invoker.invokeTestMethod(Invoker.java:719)
	at org.testng.internal.Invoker.invokeTestMethods(Invoker.java:989)
	at org.testng.internal.TestMethodWorker.invokeTestMethods(TestMethodWorker.java:125)
	at org.testng.internal.TestMethodWorker.run(TestMethodWorker.java:109)
	at org.testng.TestRunner.privateRun(TestRunner.java:648)
	at org.testng.TestRunner.run(TestRunner.java:505)
	at org.testng.SuiteRunner.runTest(SuiteRunner.java:455)
	at org.testng.SuiteRunner.runSequentially(SuiteRunner.java:450)
	at org.testng.SuiteRunner.privateRun(SuiteRunner.java:415)
	at org.testng.SuiteRunner.run(SuiteRunner.java:364)
	at org.testng.SuiteRunnerWorker.runSuite(SuiteRunnerWorker.java:52)
	at org.testng.SuiteRunnerWorker.run(SuiteRunnerWorker.java:84)
	at org.testng.TestNG.runSuitesSequentially(TestNG.java:1208)
	at org.testng.TestNG.runSuitesLocally(TestNG.java:1137)
	at org.testng.TestNG.runSuites(TestNG.java:1049)
	at org.testng.TestNG.run(TestNG.java:1017)
	at org.testng.remote.AbstractRemoteTestNG.run(AbstractRemoteTestNG.java:115)
	at org.testng.remote.RemoteTestNG.initAndRun(RemoteTestNG.java:251)
	at org.testng.remote.RemoteTestNG.main(RemoteTestNG.java:77)
</pre></div></td>
<td>0</td>
<td>MINTUI.Automation.FileProcessingScenariosTest@460ebd80</td></tr>
</table><p>
<table width='100%' border='1' class='invocation-passed'>
<tr><td colspan='4' align='center'><b>PASSED TESTS</b></td></tr>
<tr><td><b>Test method</b></td>
<td width="30%"><b>Exception</b></td>
<td width="10%"><b>Time (seconds)</b></td>
<td><b>Instance</b></td>
</tr>
<tr>
<td title='MINTUI.Automation.FileProcessingScenariosTest.FileProcessing()'><b>FileProcessing</b><br>Test class: MINTUI.Automation.FileProcessingScenariosTest<br>Parameters: TC_003_FileProcessing, BREAK, LFTS, 909, Positive, LFTS_BreakSchedule_OCT2020_TS23.txt, , , , </td>
<td></td>
<td>0</td>
<td>MINTUI.Automation.FileProcessingScenariosTest@460ebd80</td></tr>
<tr>
<td title='MINTUI.Automation.FileProcessingScenariosTest.FileProcessing()'><b>FileProcessing</b><br>Test class: MINTUI.Automation.FileProcessingScenariosTest<br>Parameters: TC_004_FileProcessing, BREAK, SONY, 3, Positive, MOUK202105060539.BRK, , , , </td>
<td></td>
<td>0</td>
<td>MINTUI.Automation.FileProcessingScenariosTest@460ebd80</td></tr>
<tr>
<td title='MINTUI.Automation.FileProcessingScenariosTest.FileProcessing()'><b>FileProcessing</b><br>Test class: MINTUI.Automation.FileProcessingScenariosTest<br>Parameters: TC_006_FileProcessing, PROGRAM, V7, 84, Positive, skypsch.083, , , , </td>
<td></td>
<td>0</td>
<td>MINTUI.Automation.FileProcessingScenariosTest@460ebd80</td></tr>
<tr>
<td title='MINTUI.Automation.FileProcessingScenariosTest.FileProcessing()'><b>FileProcessing</b><br>Test class: MINTUI.Automation.FileProcessingScenariosTest<br>Parameters: TC_007_FileProcessing, PROGRAM, SONY, 96, Positive, POPP202105040204PLAN.PROG, , , , </td>
<td></td>
<td>0</td>
<td>MINTUI.Automation.FileProcessingScenariosTest@460ebd80</td></tr>
<tr>
<td title='MINTUI.Automation.FileProcessingScenariosTest.FileProcessing()'><b>FileProcessing</b><br>Test class: MINTUI.Automation.FileProcessingScenariosTest<br>Parameters: TC_009_FileProcessing, PROGRAM, S4C, 54, Positive, PROG20210508-20210514.XML, , , , </td>
<td></td>
<td>0</td>
<td>MINTUI.Automation.FileProcessingScenariosTest@460ebd80</td></tr>
<tr>
<td title='MINTUI.Automation.FileProcessingScenariosTest.FileProcessing()'><b>FileProcessing</b><br>Test class: MINTUI.Automation.FileProcessingScenariosTest<br>Parameters: TC_010_FileProcessing, SPOT, BSS, 98, Positive, SS_040521_122759.SKYsgl.PROV.50145310.20210505SkyFootIre, , , , </td>
<td></td>
<td>0</td>
<td>MINTUI.Automation.FileProcessingScenariosTest@460ebd80</td></tr>
<tr>
<td title='MINTUI.Automation.FileProcessingScenariosTest.FileProcessing()'><b>FileProcessing</b><br>Test class: MINTUI.Automation.FileProcessingScenariosTest<br>Parameters: TC_011_FileProcessing, SPOT, MEMS, 594, Positive, SS_040920_085601.MEM.PROV.35505830.txt, , , , </td>
<td></td>
<td>1</td>
<td>MINTUI.Automation.FileProcessingScenariosTest@460ebd80</td></tr>
<tr>
<td title='MINTUI.Automation.FileProcessingScenariosTest.FileProcessing()'><b>FileProcessing</b><br>Test class: MINTUI.Automation.FileProcessingScenariosTest<br>Parameters: TC_012_FileProcessing, SPOT, SONY, 770, Positive, SS_220720_160547.SON.FINAL.33075960, , , , </td>
<td></td>
<td>0</td>
<td>MINTUI.Automation.FileProcessingScenariosTest@460ebd80</td></tr>
<tr>
<td title='MINTUI.Automation.FileProcessingScenariosTest.FileProcessing()'><b>FileProcessing</b><br>Test class: MINTUI.Automation.FileProcessingScenariosTest<br>Parameters: TC_013_FileProcessing, SPOT, UKTV, 168, Positive, SS_040521_095735.NBC.PROV.50126250, , , , </td>
<td></td>
<td>1</td>
<td>MINTUI.Automation.FileProcessingScenariosTest@460ebd80</td></tr>
<tr>
<td title='MINTUI.Automation.FileProcessingScenariosTest.FileProcessing()'><b>FileProcessing</b><br>Test class: MINTUI.Automation.FileProcessingScenariosTest<br>Parameters: TC_014_FileProcessing, SPOT, S4C, 639, Positive, SS_300421_150225.S4C.FINAL.50045480, , , , </td>
<td></td>
<td>0</td>
<td>MINTUI.Automation.FileProcessingScenariosTest@460ebd80</td></tr>
<tr>
<td title='MINTUI.Automation.FileProcessingScenariosTest.FileProcessing()'><b>FileProcessing</b><br>Test class: MINTUI.Automation.FileProcessingScenariosTest<br>Parameters: TC_015_FileProcessing, RECON, RECON, 1378, Positive, 0409720210218.DCL, , , , </td>
<td></td>
<td>0</td>
<td>MINTUI.Automation.FileProcessingScenariosTest@460ebd80</td></tr>
<tr>
<td title='MINTUI.Automation.FileProcessingScenariosTest.FileProcessing()'><b>FileProcessing</b><br>Test class: MINTUI.Automation.FileProcessingScenariosTest<br>Parameters: TC_016_FileProcessing, RECON, RECON, 1378, Negative, 0409620200708_REJE005.DCL, REJE005, 957, 04096, Additional details : Interface Name: <InterfaceName>, Channel Description: <Channel Description>(<ChannelCode>); Transmission Date: '2020-07-08'; The File Trailer count(957)  and the actual number of records(965) do not match.</td>
<td></td>
<td>0</td>
<td>MINTUI.Automation.FileProcessingScenariosTest@460ebd80</td></tr>
<tr>
<td title='MINTUI.Automation.FileProcessingScenariosTest.FileProcessing()'><b>FileProcessing</b><br>Test class: MINTUI.Automation.FileProcessingScenariosTest<br>Parameters: TC_017_FileProcessing, LMKIItoSAP, LMKIItoSAP, 1083, Positive, IN_140520_210240_1, , , , </td>
<td></td>
<td>0</td>
<td>MINTUI.Automation.FileProcessingScenariosTest@460ebd80</td></tr>
<tr>
<td title='MINTUI.Automation.FileProcessingScenariosTest.FileProcessing()'><b>FileProcessing</b><br>Test class: MINTUI.Automation.FileProcessingScenariosTest<br>Parameters: TC_020_FileProcessing, BREAK, UKTV, 1244, Negative, EENT201912162115.BRK_REJE001.txt, REJE001, 3, EENT, Additional details : Interface Name: <InterfaceName>,  Partner :  <Partner>, Channel description: <Channel Description>(<ChannelCode>); ErrorText :</td>
<td></td>
<td>0</td>
<td>MINTUI.Automation.FileProcessingScenariosTest@460ebd80</td></tr>
<tr>
<td title='MINTUI.Automation.FileProcessingScenariosTest.PushFileProcessing()'><b>PushFileProcessing</b><br>Test class: MINTUI.Automation.FileProcessingScenariosTest<br>Parameters: TC_001_FileProcessing, BREAK, UKTV, 97, Positive, UKTBSCH.34076, , , , </td>
<td></td>
<td>1</td>
<td>MINTUI.Automation.FileProcessingScenariosTest@460ebd80</td></tr>
<tr>
<td title='MINTUI.Automation.FileProcessingScenariosTest.PushFileProcessing()'><b>PushFileProcessing</b><br>Test class: MINTUI.Automation.FileProcessingScenariosTest<br>Parameters: TC_002_FileProcessing, BREAK, BSS, 649, Positive, CCENBSCH.506, , , , </td>
<td></td>
<td>0</td>
<td>MINTUI.Automation.FileProcessingScenariosTest@460ebd80</td></tr>
<tr>
<td title='MINTUI.Automation.FileProcessingScenariosTest.PushFileProcessing()'><b>PushFileProcessing</b><br>Test class: MINTUI.Automation.FileProcessingScenariosTest<br>Parameters: TC_003_FileProcessing, BREAK, LFTS, 909, Positive, LFTS_BreakSchedule_OCT2020_TS23.txt, , , , </td>
<td></td>
<td>0</td>
<td>MINTUI.Automation.FileProcessingScenariosTest@460ebd80</td></tr>
<tr>
<td title='MINTUI.Automation.FileProcessingScenariosTest.PushFileProcessing()'><b>PushFileProcessing</b><br>Test class: MINTUI.Automation.FileProcessingScenariosTest<br>Parameters: TC_004_FileProcessing, BREAK, SONY, 3, Positive, MOUK202105060539.BRK, , , , </td>
<td></td>
<td>0</td>
<td>MINTUI.Automation.FileProcessingScenariosTest@460ebd80</td></tr>
<tr>
<td title='MINTUI.Automation.FileProcessingScenariosTest.PushFileProcessing()'><b>PushFileProcessing</b><br>Test class: MINTUI.Automation.FileProcessingScenariosTest<br>Parameters: TC_005_FileProcessing, PROGRAM, V6, 89, Positive, NJR2PSCH.13680, , , , </td>
<td></td>
<td>0</td>
<td>MINTUI.Automation.FileProcessingScenariosTest@460ebd80</td></tr>
<tr>
<td title='MINTUI.Automation.FileProcessingScenariosTest.PushFileProcessing()'><b>PushFileProcessing</b><br>Test class: MINTUI.Automation.FileProcessingScenariosTest<br>Parameters: TC_006_FileProcessing, PROGRAM, V7, 84, Positive, skypsch.083, , , , </td>
<td></td>
<td>0</td>
<td>MINTUI.Automation.FileProcessingScenariosTest@460ebd80</td></tr>
<tr>
<td title='MINTUI.Automation.FileProcessingScenariosTest.PushFileProcessing()'><b>PushFileProcessing</b><br>Test class: MINTUI.Automation.FileProcessingScenariosTest<br>Parameters: TC_007_FileProcessing, PROGRAM, SONY, 96, Positive, POPP202105040204PLAN.PROG, , , , </td>
<td></td>
<td>0</td>
<td>MINTUI.Automation.FileProcessingScenariosTest@460ebd80</td></tr>
<tr>
<td title='MINTUI.Automation.FileProcessingScenariosTest.PushFileProcessing()'><b>PushFileProcessing</b><br>Test class: MINTUI.Automation.FileProcessingScenariosTest<br>Parameters: TC_008_FileProcessing, PROGRAM, UKTV, 958, Positive, GI_PRG_05052021.dat, , , , </td>
<td></td>
<td>0</td>
<td>MINTUI.Automation.FileProcessingScenariosTest@460ebd80</td></tr>
<tr>
<td title='MINTUI.Automation.FileProcessingScenariosTest.PushFileProcessing()'><b>PushFileProcessing</b><br>Test class: MINTUI.Automation.FileProcessingScenariosTest<br>Parameters: TC_009_FileProcessing, PROGRAM, S4C, 54, Positive, PROG20210508-20210514.XML, , , , </td>
<td></td>
<td>0</td>
<td>MINTUI.Automation.FileProcessingScenariosTest@460ebd80</td></tr>
<tr>
<td title='MINTUI.Automation.FileProcessingScenariosTest.PushFileProcessing()'><b>PushFileProcessing</b><br>Test class: MINTUI.Automation.FileProcessingScenariosTest<br>Parameters: TC_010_FileProcessing, SPOT, BSS, 98, Positive, SS_040521_122759.SKYsgl.PROV.50145310.20210505SkyFootIre, , , , </td>
<td></td>
<td>0</td>
<td>MINTUI.Automation.FileProcessingScenariosTest@460ebd80</td></tr>
<tr>
<td title='MINTUI.Automation.FileProcessingScenariosTest.PushFileProcessing()'><b>PushFileProcessing</b><br>Test class: MINTUI.Automation.FileProcessingScenariosTest<br>Parameters: TC_011_FileProcessing, SPOT, MEMS, 594, Positive, SS_040920_085601.MEM.PROV.35505830.txt, , , , </td>
<td></td>
<td>0</td>
<td>MINTUI.Automation.FileProcessingScenariosTest@460ebd80</td></tr>
<tr>
<td title='MINTUI.Automation.FileProcessingScenariosTest.PushFileProcessing()'><b>PushFileProcessing</b><br>Test class: MINTUI.Automation.FileProcessingScenariosTest<br>Parameters: TC_012_FileProcessing, SPOT, SONY, 770, Positive, SS_220720_160547.SON.FINAL.33075960, , , , </td>
<td></td>
<td>0</td>
<td>MINTUI.Automation.FileProcessingScenariosTest@460ebd80</td></tr>
<tr>
<td title='MINTUI.Automation.FileProcessingScenariosTest.PushFileProcessing()'><b>PushFileProcessing</b><br>Test class: MINTUI.Automation.FileProcessingScenariosTest<br>Parameters: TC_013_FileProcessing, SPOT, UKTV, 168, Positive, SS_040521_095735.NBC.PROV.50126250, , , , </td>
<td></td>
<td>0</td>
<td>MINTUI.Automation.FileProcessingScenariosTest@460ebd80</td></tr>
<tr>
<td title='MINTUI.Automation.FileProcessingScenariosTest.PushFileProcessing()'><b>PushFileProcessing</b><br>Test class: MINTUI.Automation.FileProcessingScenariosTest<br>Parameters: TC_014_FileProcessing, SPOT, S4C, 639, Positive, SS_300421_150225.S4C.FINAL.50045480, , , , </td>
<td></td>
<td>-3239</td>
<td>MINTUI.Automation.FileProcessingScenariosTest@460ebd80</td></tr>
<tr>
<td title='MINTUI.Automation.FileProcessingScenariosTest.PushFileProcessing()'><b>PushFileProcessing</b><br>Test class: MINTUI.Automation.FileProcessingScenariosTest<br>Parameters: TC_015_FileProcessing, RECON, RECON, 1378, Positive, 0409720210218.DCL, , , , </td>
<td></td>
<td>13</td>
<td>MINTUI.Automation.FileProcessingScenariosTest@460ebd80</td></tr>
<tr>
<td title='MINTUI.Automation.FileProcessingScenariosTest.PushFileProcessing()'><b>PushFileProcessing</b><br>Test class: MINTUI.Automation.FileProcessingScenariosTest<br>Parameters: TC_016_FileProcessing, RECON, RECON, 1378, Negative, 0409620200708_REJE005.DCL, REJE005, 957, 04096, Additional details : Interface Name: <InterfaceName>, Channel Description: <Channel Description>(<ChannelCode>); Transmission Date: '2020-07-08'; The File Trailer count(957)  and the actual number of records(965) do not match.</td>
<td></td>
<td>12</td>
<td>MINTUI.Automation.FileProcessingScenariosTest@460ebd80</td></tr>
<tr>
<td title='MINTUI.Automation.FileProcessingScenariosTest.PushFileProcessing()'><b>PushFileProcessing</b><br>Test class: MINTUI.Automation.FileProcessingScenariosTest<br>Parameters: TC_017_FileProcessing, LMKIItoSAP, LMKIItoSAP, 1083, Positive, IN_140520_210240_1, , , , </td>
<td></td>
<td>0</td>
<td>MINTUI.Automation.FileProcessingScenariosTest@460ebd80</td></tr>
<tr>
<td title='MINTUI.Automation.FileProcessingScenariosTest.PushFileProcessing()'><b>PushFileProcessing</b><br>Test class: MINTUI.Automation.FileProcessingScenariosTest<br>Parameters: TC_018_FileProcessing, ATTRIBUTION, ATTRIBUTION, 1299, Positive, INDAY1.sky, , , , </td>
<td></td>
<td>0</td>
<td>MINTUI.Automation.FileProcessingScenariosTest@460ebd80</td></tr>
<tr>
<td title='MINTUI.Automation.FileProcessingScenariosTest.PushFileProcessing()'><b>PushFileProcessing</b><br>Test class: MINTUI.Automation.FileProcessingScenariosTest<br>Parameters: TC_019_FileProcessing, UNIVERSES, UNIVERSES, 1081, Positive, B20191001.UNI.Z, , , , </td>
<td></td>
<td>0</td>
<td>MINTUI.Automation.FileProcessingScenariosTest@460ebd80</td></tr>
<tr>
<td title='MINTUI.Automation.FileProcessingScenariosTest.PushFileProcessing()'><b>PushFileProcessing</b><br>Test class: MINTUI.Automation.FileProcessingScenariosTest<br>Parameters: TC_020_FileProcessing, BREAK, UKTV, 1244, Negative, EENT201912162115.BRK_REJE001.txt, REJE001, 3, EENT, Additional details : Interface Name: <InterfaceName>,  Partner :  <Partner>, Channel description: <Channel Description>(<ChannelCode>); ErrorText :</td>
<td></td>
<td>0</td>
<td>MINTUI.Automation.FileProcessingScenariosTest@460ebd80</td></tr>
<tr>
<td title='MINTUI.Automation.FileProcessingScenariosTest.waitTime()'><b>waitTime</b><br>Test class: MINTUI.Automation.FileProcessingScenariosTest</td>
<td></td>
<td>300</td>
<td>MINTUI.Automation.FileProcessingScenariosTest@460ebd80</td></tr>
</table><p>
</body>
</html>