<?xml version="1.0" encoding="UTF-8"?>
<testng-results ignored="0" total="41" passed="35" failed="6" skipped="0">
  <reporter-output>
  </reporter-output>
  <suite started-at="2021-06-10T15:00:04Z" name="Suite" finished-at="2021-06-10T15:00:03Z" duration-ms="-988">
    <groups>
    </groups>
    <test started-at="2021-06-10T15:48:17Z" name="Test" finished-at="2021-06-10T15:00:03Z" duration-ms="-2893898">
      <class name="MINTUI.Automation.FileProcessingScenariosTest">
        <test-method signature="PushFileProcessing(java.lang.String, java.lang.String, java.lang.String, java.lang.String, java.lang.String, java.lang.String, java.lang.String, java.lang.String, java.lang.String, java.lang.String)[pri:0, instance:MINTUI.Automation.FileProcessingScenariosTest@460ebd80]" started-at="2021-06-10T14:54:26Z" name="PushFileProcessing" data-provider="getdataFileProcessing" finished-at="2021-06-10T14:54:39Z" duration-ms="13378" status="PASS">
          <params>
            <param index="0">
              <value>
                <![CDATA[TC_015_FileProcessing]]>
              </value>
            </param>
            <param index="1">
              <value>
                <![CDATA[RECON]]>
              </value>
            </param>
            <param index="2">
              <value>
                <![CDATA[RECON]]>
              </value>
            </param>
            <param index="3">
              <value>
                <![CDATA[1378]]>
              </value>
            </param>
            <param index="4">
              <value>
                <![CDATA[Positive]]>
              </value>
            </param>
            <param index="5">
              <value>
                <![CDATA[0409720210218.DCL]]>
              </value>
            </param>
            <param index="6">
              <value>
                <![CDATA[]]>
              </value>
            </param>
            <param index="7">
              <value>
                <![CDATA[]]>
              </value>
            </param>
            <param index="8">
              <value>
                <![CDATA[]]>
              </value>
            </param>
            <param index="9">
              <value>
                <![CDATA[]]>
              </value>
            </param>
          </params>
          <reporter-output>
          </reporter-output>
        </test-method> <!-- PushFileProcessing -->
        <test-method signature="PushFileProcessing(java.lang.String, java.lang.String, java.lang.String, java.lang.String, java.lang.String, java.lang.String, java.lang.String, java.lang.String, java.lang.String, java.lang.String)[pri:0, instance:MINTUI.Automation.FileProcessingScenariosTest@460ebd80]" started-at="2021-06-10T14:54:39Z" name="PushFileProcessing" data-provider="getdataFileProcessing" finished-at="2021-06-10T14:54:52Z" duration-ms="12398" status="PASS">
          <params>
            <param index="0">
              <value>
                <![CDATA[TC_016_FileProcessing]]>
              </value>
            </param>
            <param index="1">
              <value>
                <![CDATA[RECON]]>
              </value>
            </param>
            <param index="2">
              <value>
                <![CDATA[RECON]]>
              </value>
            </param>
            <param index="3">
              <value>
                <![CDATA[1378]]>
              </value>
            </param>
            <param index="4">
              <value>
                <![CDATA[Negative]]>
              </value>
            </param>
            <param index="5">
              <value>
                <![CDATA[0409620200708_REJE005.DCL]]>
              </value>
            </param>
            <param index="6">
              <value>
                <![CDATA[REJE005]]>
              </value>
            </param>
            <param index="7">
              <value>
                <![CDATA[957]]>
              </value>
            </param>
            <param index="8">
              <value>
                <![CDATA[04096]]>
              </value>
            </param>
            <param index="9">
              <value>
                <![CDATA[Additional details : Interface Name: <InterfaceName>, Channel Description: <Channel Description>(<ChannelCode>); Transmission Date: '2020-07-08'; The File Trailer count(957)  and the actual number of records(965) do not match.]]>
              </value>
            </param>
          </params>
          <reporter-output>
          </reporter-output>
        </test-method> <!-- PushFileProcessing -->
        <test-method signature="PushFileProcessing(java.lang.String, java.lang.String, java.lang.String, java.lang.String, java.lang.String, java.lang.String, java.lang.String, java.lang.String, java.lang.String, java.lang.String)[pri:0, instance:MINTUI.Automation.FileProcessingScenariosTest@460ebd80]" started-at="2021-06-10T14:54:52Z" name="PushFileProcessing" data-provider="getdataFileProcessing" finished-at="2021-06-10T14:54:52Z" duration-ms="375" status="PASS">
          <params>
            <param index="0">
              <value>
                <![CDATA[TC_017_FileProcessing]]>
              </value>
            </param>
            <param index="1">
              <value>
                <![CDATA[LMKIItoSAP]]>
              </value>
            </param>
            <param index="2">
              <value>
                <![CDATA[LMKIItoSAP]]>
              </value>
            </param>
            <param index="3">
              <value>
                <![CDATA[1083]]>
              </value>
            </param>
            <param index="4">
              <value>
                <![CDATA[Positive]]>
              </value>
            </param>
            <param index="5">
              <value>
                <![CDATA[IN_140520_210240_1]]>
              </value>
            </param>
            <param index="6">
              <value>
                <![CDATA[]]>
              </value>
            </param>
            <param index="7">
              <value>
                <![CDATA[]]>
              </value>
            </param>
            <param index="8">
              <value>
                <![CDATA[]]>
              </value>
            </param>
            <param index="9">
              <value>
                <![CDATA[]]>
              </value>
            </param>
          </params>
          <reporter-output>
          </reporter-output>
        </test-method> <!-- PushFileProcessing -->
        <test-method signature="PushFileProcessing(java.lang.String, java.lang.String, java.lang.String, java.lang.String, java.lang.String, java.lang.String, java.lang.String, java.lang.String, java.lang.String, java.lang.String)[pri:0, instance:MINTUI.Automation.FileProcessingScenariosTest@460ebd80]" started-at="2021-06-10T14:54:52Z" name="PushFileProcessing" data-provider="getdataFileProcessing" finished-at="2021-06-10T14:54:52Z" duration-ms="393" status="PASS">
          <params>
            <param index="0">
              <value>
                <![CDATA[TC_018_FileProcessing]]>
              </value>
            </param>
            <param index="1">
              <value>
                <![CDATA[ATTRIBUTION]]>
              </value>
            </param>
            <param index="2">
              <value>
                <![CDATA[ATTRIBUTION]]>
              </value>
            </param>
            <param index="3">
              <value>
                <![CDATA[1299]]>
              </value>
            </param>
            <param index="4">
              <value>
                <![CDATA[Positive]]>
              </value>
            </param>
            <param index="5">
              <value>
                <![CDATA[INDAY1.sky]]>
              </value>
            </param>
            <param index="6">
              <value>
                <![CDATA[]]>
              </value>
            </param>
            <param index="7">
              <value>
                <![CDATA[]]>
              </value>
            </param>
            <param index="8">
              <value>
                <![CDATA[]]>
              </value>
            </param>
            <param index="9">
              <value>
                <![CDATA[]]>
              </value>
            </param>
          </params>
          <reporter-output>
          </reporter-output>
        </test-method> <!-- PushFileProcessing -->
        <test-method signature="PushFileProcessing(java.lang.String, java.lang.String, java.lang.String, java.lang.String, java.lang.String, java.lang.String, java.lang.String, java.lang.String, java.lang.String, java.lang.String)[pri:0, instance:MINTUI.Automation.FileProcessingScenariosTest@460ebd80]" started-at="2021-06-10T14:54:52Z" name="PushFileProcessing" data-provider="getdataFileProcessing" finished-at="2021-06-10T14:54:53Z" duration-ms="412" status="PASS">
          <params>
            <param index="0">
              <value>
                <![CDATA[TC_019_FileProcessing]]>
              </value>
            </param>
            <param index="1">
              <value>
                <![CDATA[UNIVERSES]]>
              </value>
            </param>
            <param index="2">
              <value>
                <![CDATA[UNIVERSES]]>
              </value>
            </param>
            <param index="3">
              <value>
                <![CDATA[1081]]>
              </value>
            </param>
            <param index="4">
              <value>
                <![CDATA[Positive]]>
              </value>
            </param>
            <param index="5">
              <value>
                <![CDATA[B20191001.UNI.Z]]>
              </value>
            </param>
            <param index="6">
              <value>
                <![CDATA[]]>
              </value>
            </param>
            <param index="7">
              <value>
                <![CDATA[]]>
              </value>
            </param>
            <param index="8">
              <value>
                <![CDATA[]]>
              </value>
            </param>
            <param index="9">
              <value>
                <![CDATA[]]>
              </value>
            </param>
          </params>
          <reporter-output>
          </reporter-output>
        </test-method> <!-- PushFileProcessing -->
        <test-method signature="PushFileProcessing(java.lang.String, java.lang.String, java.lang.String, java.lang.String, java.lang.String, java.lang.String, java.lang.String, java.lang.String, java.lang.String, java.lang.String)[pri:0, instance:MINTUI.Automation.FileProcessingScenariosTest@460ebd80]" started-at="2021-06-10T14:54:53Z" name="PushFileProcessing" data-provider="getdataFileProcessing" finished-at="2021-06-10T14:54:53Z" duration-ms="356" status="PASS">
          <params>
            <param index="0">
              <value>
                <![CDATA[TC_020_FileProcessing]]>
              </value>
            </param>
            <param index="1">
              <value>
                <![CDATA[BREAK]]>
              </value>
            </param>
            <param index="2">
              <value>
                <![CDATA[UKTV]]>
              </value>
            </param>
            <param index="3">
              <value>
                <![CDATA[1244]]>
              </value>
            </param>
            <param index="4">
              <value>
                <![CDATA[Negative]]>
              </value>
            </param>
            <param index="5">
              <value>
                <![CDATA[EENT201912162115.BRK_REJE001.txt]]>
              </value>
            </param>
            <param index="6">
              <value>
                <![CDATA[REJE001]]>
              </value>
            </param>
            <param index="7">
              <value>
                <![CDATA[3]]>
              </value>
            </param>
            <param index="8">
              <value>
                <![CDATA[EENT]]>
              </value>
            </param>
            <param index="9">
              <value>
                <![CDATA[Additional details : Interface Name: <InterfaceName>,  Partner :  <Partner>, Channel description: <Channel Description>(<ChannelCode>); ErrorText :]]>
              </value>
            </param>
          </params>
          <reporter-output>
          </reporter-output>
        </test-method> <!-- PushFileProcessing -->
        <test-method signature="waitTime()[pri:0, instance:MINTUI.Automation.FileProcessingScenariosTest@460ebd80]" started-at="2021-06-10T14:54:53Z" name="waitTime" finished-at="2021-06-10T14:59:53Z" duration-ms="300006" status="PASS">
          <reporter-output>
          </reporter-output>
        </test-method> <!-- waitTime -->
        <test-method signature="FileProcessing(java.lang.String, java.lang.String, java.lang.String, java.lang.String, java.lang.String, java.lang.String, java.lang.String, java.lang.String, java.lang.String, java.lang.String)[pri:0, instance:MINTUI.Automation.FileProcessingScenariosTest@460ebd80]" started-at="2021-06-10T14:59:53Z" name="FileProcessing" data-provider="getdataFileProcessing" finished-at="2021-06-10T14:59:54Z" duration-ms="286" status="FAIL">
          <params>
            <param index="0">
              <value>
                <![CDATA[TC_001_FileProcessing]]>
              </value>
            </param>
            <param index="1">
              <value>
                <![CDATA[BREAK]]>
              </value>
            </param>
            <param index="2">
              <value>
                <![CDATA[UKTV]]>
              </value>
            </param>
            <param index="3">
              <value>
                <![CDATA[97]]>
              </value>
            </param>
            <param index="4">
              <value>
                <![CDATA[Positive]]>
              </value>
            </param>
            <param index="5">
              <value>
                <![CDATA[UKTBSCH.34076]]>
              </value>
            </param>
            <param index="6">
              <value>
                <![CDATA[]]>
              </value>
            </param>
            <param index="7">
              <value>
                <![CDATA[]]>
              </value>
            </param>
            <param index="8">
              <value>
                <![CDATA[]]>
              </value>
            </param>
            <param index="9">
              <value>
                <![CDATA[]]>
              </value>
            </param>
          </params>
          <exception class="java.lang.AssertionError">
            <message>
              <![CDATA[expected [BR] but found [20]]]>
            </message>
            <full-stacktrace>
              <![CDATA[java.lang.AssertionError: expected [BR] but found [20]
at org.testng.Assert.fail(Assert.java:96)
at org.testng.Assert.failNotEquals(Assert.java:776)
at org.testng.Assert.assertEqualsImpl(Assert.java:137)
at org.testng.Assert.assertEquals(Assert.java:118)
at org.testng.Assert.assertEquals(Assert.java:453)
at org.testng.Assert.assertEquals(Assert.java:463)
at MINTUI.Automation.FileProcessingScenariosTest.VerifyTargetFileName(FileProcessingScenariosTest.java:510)
at MINTUI.Automation.FileProcessingScenariosTest.FileProcessing(FileProcessingScenariosTest.java:280)
at java.base/jdk.internal.reflect.NativeMethodAccessorImpl.invoke0(Native Method)
at java.base/jdk.internal.reflect.NativeMethodAccessorImpl.invoke(NativeMethodAccessorImpl.java:62)
at java.base/jdk.internal.reflect.DelegatingMethodAccessorImpl.invoke(DelegatingMethodAccessorImpl.java:43)
at java.base/java.lang.reflect.Method.invoke(Method.java:567)
at org.testng.internal.MethodInvocationHelper.invokeMethod(MethodInvocationHelper.java:124)
at org.testng.internal.Invoker.invokeMethod(Invoker.java:583)
at org.testng.internal.Invoker.invokeTestMethod(Invoker.java:719)
at org.testng.internal.Invoker.invokeTestMethods(Invoker.java:989)
at org.testng.internal.TestMethodWorker.invokeTestMethods(TestMethodWorker.java:125)
at org.testng.internal.TestMethodWorker.run(TestMethodWorker.java:109)
at org.testng.TestRunner.privateRun(TestRunner.java:648)
at org.testng.TestRunner.run(TestRunner.java:505)
at org.testng.SuiteRunner.runTest(SuiteRunner.java:455)
at org.testng.SuiteRunner.runSequentially(SuiteRunner.java:450)
at org.testng.SuiteRunner.privateRun(SuiteRunner.java:415)
at org.testng.SuiteRunner.run(SuiteRunner.java:364)
at org.testng.SuiteRunnerWorker.runSuite(SuiteRunnerWorker.java:52)
at org.testng.SuiteRunnerWorker.run(SuiteRunnerWorker.java:84)
at org.testng.TestNG.runSuitesSequentially(TestNG.java:1208)
at org.testng.TestNG.runSuitesLocally(TestNG.java:1137)
at org.testng.TestNG.runSuites(TestNG.java:1049)
at org.testng.TestNG.run(TestNG.java:1017)
at org.testng.remote.AbstractRemoteTestNG.run(AbstractRemoteTestNG.java:115)
at org.testng.remote.RemoteTestNG.initAndRun(RemoteTestNG.java:251)
at org.testng.remote.RemoteTestNG.main(RemoteTestNG.java:77)
]]>
            </full-stacktrace>
          </exception> <!-- java.lang.AssertionError -->
          <reporter-output>
          </reporter-output>
        </test-method> <!-- FileProcessing -->
        <test-method signature="FileProcessing(java.lang.String, java.lang.String, java.lang.String, java.lang.String, java.lang.String, java.lang.String, java.lang.String, java.lang.String, java.lang.String, java.lang.String)[pri:0, instance:MINTUI.Automation.FileProcessingScenariosTest@460ebd80]" started-at="2021-06-10T14:59:54Z" name="FileProcessing" data-provider="getdataFileProcessing" finished-at="2021-06-10T14:59:54Z" duration-ms="218" status="FAIL">
          <params>
            <param index="0">
              <value>
                <![CDATA[TC_002_FileProcessing]]>
              </value>
            </param>
            <param index="1">
              <value>
                <![CDATA[BREAK]]>
              </value>
            </param>
            <param index="2">
              <value>
                <![CDATA[BSS]]>
              </value>
            </param>
            <param index="3">
              <value>
                <![CDATA[649]]>
              </value>
            </param>
            <param index="4">
              <value>
                <![CDATA[Positive]]>
              </value>
            </param>
            <param index="5">
              <value>
                <![CDATA[CCENBSCH.506]]>
              </value>
            </param>
            <param index="6">
              <value>
                <![CDATA[]]>
              </value>
            </param>
            <param index="7">
              <value>
                <![CDATA[]]>
              </value>
            </param>
            <param index="8">
              <value>
                <![CDATA[]]>
              </value>
            </param>
            <param index="9">
              <value>
                <![CDATA[]]>
              </value>
            </param>
          </params>
          <exception class="java.lang.AssertionError">
            <message>
              <![CDATA[expected [SENT] but found [FAIL]]]>
            </message>
            <full-stacktrace>
              <![CDATA[java.lang.AssertionError: expected [SENT] but found [FAIL]
at org.testng.Assert.fail(Assert.java:96)
at org.testng.Assert.failNotEquals(Assert.java:776)
at org.testng.Assert.assertEqualsImpl(Assert.java:137)
at org.testng.Assert.assertEquals(Assert.java:118)
at org.testng.Assert.assertEquals(Assert.java:453)
at org.testng.Assert.assertEquals(Assert.java:463)
at MINTUI.Automation.FileProcessingScenariosTest.FileProcessing(FileProcessingScenariosTest.java:278)
at java.base/jdk.internal.reflect.NativeMethodAccessorImpl.invoke0(Native Method)
at java.base/jdk.internal.reflect.NativeMethodAccessorImpl.invoke(NativeMethodAccessorImpl.java:62)
at java.base/jdk.internal.reflect.DelegatingMethodAccessorImpl.invoke(DelegatingMethodAccessorImpl.java:43)
at java.base/java.lang.reflect.Method.invoke(Method.java:567)
at org.testng.internal.MethodInvocationHelper.invokeMethod(MethodInvocationHelper.java:124)
at org.testng.internal.Invoker.invokeMethod(Invoker.java:583)
at org.testng.internal.Invoker.invokeTestMethod(Invoker.java:719)
at org.testng.internal.Invoker.invokeTestMethods(Invoker.java:989)
at org.testng.internal.TestMethodWorker.invokeTestMethods(TestMethodWorker.java:125)
at org.testng.internal.TestMethodWorker.run(TestMethodWorker.java:109)
at org.testng.TestRunner.privateRun(TestRunner.java:648)
at org.testng.TestRunner.run(TestRunner.java:505)
at org.testng.SuiteRunner.runTest(SuiteRunner.java:455)
at org.testng.SuiteRunner.runSequentially(SuiteRunner.java:450)
at org.testng.SuiteRunner.privateRun(SuiteRunner.java:415)
at org.testng.SuiteRunner.run(SuiteRunner.java:364)
at org.testng.SuiteRunnerWorker.runSuite(SuiteRunnerWorker.java:52)
at org.testng.SuiteRunnerWorker.run(SuiteRunnerWorker.java:84)
at org.testng.TestNG.runSuitesSequentially(TestNG.java:1208)
at org.testng.TestNG.runSuitesLocally(TestNG.java:1137)
at org.testng.TestNG.runSuites(TestNG.java:1049)
at org.testng.TestNG.run(TestNG.java:1017)
at org.testng.remote.AbstractRemoteTestNG.run(AbstractRemoteTestNG.java:115)
at org.testng.remote.RemoteTestNG.initAndRun(RemoteTestNG.java:251)
at org.testng.remote.RemoteTestNG.main(RemoteTestNG.java:77)
]]>
            </full-stacktrace>
          </exception> <!-- java.lang.AssertionError -->
          <reporter-output>
          </reporter-output>
        </test-method> <!-- FileProcessing -->
        <test-method signature="FileProcessing(java.lang.String, java.lang.String, java.lang.String, java.lang.String, java.lang.String, java.lang.String, java.lang.String, java.lang.String, java.lang.String, java.lang.String)[pri:0, instance:MINTUI.Automation.FileProcessingScenariosTest@460ebd80]" started-at="2021-06-10T14:59:54Z" name="FileProcessing" data-provider="getdataFileProcessing" finished-at="2021-06-10T14:59:54Z" duration-ms="488" status="PASS">
          <params>
            <param index="0">
              <value>
                <![CDATA[TC_003_FileProcessing]]>
              </value>
            </param>
            <param index="1">
              <value>
                <![CDATA[BREAK]]>
              </value>
            </param>
            <param index="2">
              <value>
                <![CDATA[LFTS]]>
              </value>
            </param>
            <param index="3">
              <value>
                <![CDATA[909]]>
              </value>
            </param>
            <param index="4">
              <value>
                <![CDATA[Positive]]>
              </value>
            </param>
            <param index="5">
              <value>
                <![CDATA[LFTS_BreakSchedule_OCT2020_TS23.txt]]>
              </value>
            </param>
            <param index="6">
              <value>
                <![CDATA[]]>
              </value>
            </param>
            <param index="7">
              <value>
                <![CDATA[]]>
              </value>
            </param>
            <param index="8">
              <value>
                <![CDATA[]]>
              </value>
            </param>
            <param index="9">
              <value>
                <![CDATA[]]>
              </value>
            </param>
          </params>
          <reporter-output>
          </reporter-output>
        </test-method> <!-- FileProcessing -->
        <test-method signature="FileProcessing(java.lang.String, java.lang.String, java.lang.String, java.lang.String, java.lang.String, java.lang.String, java.lang.String, java.lang.String, java.lang.String, java.lang.String)[pri:0, instance:MINTUI.Automation.FileProcessingScenariosTest@460ebd80]" started-at="2021-06-10T14:59:54Z" name="FileProcessing" data-provider="getdataFileProcessing" finished-at="2021-06-10T14:59:55Z" duration-ms="450" status="PASS">
          <params>
            <param index="0">
              <value>
                <![CDATA[TC_004_FileProcessing]]>
              </value>
            </param>
            <param index="1">
              <value>
                <![CDATA[BREAK]]>
              </value>
            </param>
            <param index="2">
              <value>
                <![CDATA[SONY]]>
              </value>
            </param>
            <param index="3">
              <value>
                <![CDATA[3]]>
              </value>
            </param>
            <param index="4">
              <value>
                <![CDATA[Positive]]>
              </value>
            </param>
            <param index="5">
              <value>
                <![CDATA[MOUK202105060539.BRK]]>
              </value>
            </param>
            <param index="6">
              <value>
                <![CDATA[]]>
              </value>
            </param>
            <param index="7">
              <value>
                <![CDATA[]]>
              </value>
            </param>
            <param index="8">
              <value>
                <![CDATA[]]>
              </value>
            </param>
            <param index="9">
              <value>
                <![CDATA[]]>
              </value>
            </param>
          </params>
          <reporter-output>
          </reporter-output>
        </test-method> <!-- FileProcessing -->
        <test-method signature="FileProcessing(java.lang.String, java.lang.String, java.lang.String, java.lang.String, java.lang.String, java.lang.String, java.lang.String, java.lang.String, java.lang.String, java.lang.String)[pri:0, instance:MINTUI.Automation.FileProcessingScenariosTest@460ebd80]" started-at="2021-06-10T14:59:55Z" name="FileProcessing" data-provider="getdataFileProcessing" finished-at="2021-06-10T14:59:55Z" duration-ms="117" status="FAIL">
          <params>
            <param index="0">
              <value>
                <![CDATA[TC_005_FileProcessing]]>
              </value>
            </param>
            <param index="1">
              <value>
                <![CDATA[PROGRAM]]>
              </value>
            </param>
            <param index="2">
              <value>
                <![CDATA[V6]]>
              </value>
            </param>
            <param index="3">
              <value>
                <![CDATA[89]]>
              </value>
            </param>
            <param index="4">
              <value>
                <![CDATA[Positive]]>
              </value>
            </param>
            <param index="5">
              <value>
                <![CDATA[NJR2PSCH.13680]]>
              </value>
            </param>
            <param index="6">
              <value>
                <![CDATA[]]>
              </value>
            </param>
            <param index="7">
              <value>
                <![CDATA[]]>
              </value>
            </param>
            <param index="8">
              <value>
                <![CDATA[]]>
              </value>
            </param>
            <param index="9">
              <value>
                <![CDATA[]]>
              </value>
            </param>
          </params>
          <exception class="java.lang.AssertionError">
            <message>
              <![CDATA[expected [COMPLETED] but found [REJECTED]]]>
            </message>
            <full-stacktrace>
              <![CDATA[java.lang.AssertionError: expected [COMPLETED] but found [REJECTED]
at org.testng.Assert.fail(Assert.java:96)
at org.testng.Assert.failNotEquals(Assert.java:776)
at org.testng.Assert.assertEqualsImpl(Assert.java:137)
at org.testng.Assert.assertEquals(Assert.java:118)
at org.testng.Assert.assertEquals(Assert.java:453)
at org.testng.Assert.assertEquals(Assert.java:463)
at MINTUI.Automation.FileProcessingScenariosTest.FileProcessing(FileProcessingScenariosTest.java:230)
at java.base/jdk.internal.reflect.NativeMethodAccessorImpl.invoke0(Native Method)
at java.base/jdk.internal.reflect.NativeMethodAccessorImpl.invoke(NativeMethodAccessorImpl.java:62)
at java.base/jdk.internal.reflect.DelegatingMethodAccessorImpl.invoke(DelegatingMethodAccessorImpl.java:43)
at java.base/java.lang.reflect.Method.invoke(Method.java:567)
at org.testng.internal.MethodInvocationHelper.invokeMethod(MethodInvocationHelper.java:124)
at org.testng.internal.Invoker.invokeMethod(Invoker.java:583)
at org.testng.internal.Invoker.invokeTestMethod(Invoker.java:719)
at org.testng.internal.Invoker.invokeTestMethods(Invoker.java:989)
at org.testng.internal.TestMethodWorker.invokeTestMethods(TestMethodWorker.java:125)
at org.testng.internal.TestMethodWorker.run(TestMethodWorker.java:109)
at org.testng.TestRunner.privateRun(TestRunner.java:648)
at org.testng.TestRunner.run(TestRunner.java:505)
at org.testng.SuiteRunner.runTest(SuiteRunner.java:455)
at org.testng.SuiteRunner.runSequentially(SuiteRunner.java:450)
at org.testng.SuiteRunner.privateRun(SuiteRunner.java:415)
at org.testng.SuiteRunner.run(SuiteRunner.java:364)
at org.testng.SuiteRunnerWorker.runSuite(SuiteRunnerWorker.java:52)
at org.testng.SuiteRunnerWorker.run(SuiteRunnerWorker.java:84)
at org.testng.TestNG.runSuitesSequentially(TestNG.java:1208)
at org.testng.TestNG.runSuitesLocally(TestNG.java:1137)
at org.testng.TestNG.runSuites(TestNG.java:1049)
at org.testng.TestNG.run(TestNG.java:1017)
at org.testng.remote.AbstractRemoteTestNG.run(AbstractRemoteTestNG.java:115)
at org.testng.remote.RemoteTestNG.initAndRun(RemoteTestNG.java:251)
at org.testng.remote.RemoteTestNG.main(RemoteTestNG.java:77)
]]>
            </full-stacktrace>
          </exception> <!-- java.lang.AssertionError -->
          <reporter-output>
          </reporter-output>
        </test-method> <!-- FileProcessing -->
        <test-method signature="FileProcessing(java.lang.String, java.lang.String, java.lang.String, java.lang.String, java.lang.String, java.lang.String, java.lang.String, java.lang.String, java.lang.String, java.lang.String)[pri:0, instance:MINTUI.Automation.FileProcessingScenariosTest@460ebd80]" started-at="2021-06-10T14:59:55Z" name="FileProcessing" data-provider="getdataFileProcessing" finished-at="2021-06-10T14:59:55Z" duration-ms="505" status="PASS">
          <params>
            <param index="0">
              <value>
                <![CDATA[TC_006_FileProcessing]]>
              </value>
            </param>
            <param index="1">
              <value>
                <![CDATA[PROGRAM]]>
              </value>
            </param>
            <param index="2">
              <value>
                <![CDATA[V7]]>
              </value>
            </param>
            <param index="3">
              <value>
                <![CDATA[84]]>
              </value>
            </param>
            <param index="4">
              <value>
                <![CDATA[Positive]]>
              </value>
            </param>
            <param index="5">
              <value>
                <![CDATA[skypsch.083]]>
              </value>
            </param>
            <param index="6">
              <value>
                <![CDATA[]]>
              </value>
            </param>
            <param index="7">
              <value>
                <![CDATA[]]>
              </value>
            </param>
            <param index="8">
              <value>
                <![CDATA[]]>
              </value>
            </param>
            <param index="9">
              <value>
                <![CDATA[]]>
              </value>
            </param>
          </params>
          <reporter-output>
          </reporter-output>
        </test-method> <!-- FileProcessing -->
        <test-method signature="FileProcessing(java.lang.String, java.lang.String, java.lang.String, java.lang.String, java.lang.String, java.lang.String, java.lang.String, java.lang.String, java.lang.String, java.lang.String)[pri:0, instance:MINTUI.Automation.FileProcessingScenariosTest@460ebd80]" started-at="2021-06-10T14:59:55Z" name="FileProcessing" data-provider="getdataFileProcessing" finished-at="2021-06-10T14:59:56Z" duration-ms="513" status="PASS">
          <params>
            <param index="0">
              <value>
                <![CDATA[TC_007_FileProcessing]]>
              </value>
            </param>
            <param index="1">
              <value>
                <![CDATA[PROGRAM]]>
              </value>
            </param>
            <param index="2">
              <value>
                <![CDATA[SONY]]>
              </value>
            </param>
            <param index="3">
              <value>
                <![CDATA[96]]>
              </value>
            </param>
            <param index="4">
              <value>
                <![CDATA[Positive]]>
              </value>
            </param>
            <param index="5">
              <value>
                <![CDATA[POPP202105040204PLAN.PROG]]>
              </value>
            </param>
            <param index="6">
              <value>
                <![CDATA[]]>
              </value>
            </param>
            <param index="7">
              <value>
                <![CDATA[]]>
              </value>
            </param>
            <param index="8">
              <value>
                <![CDATA[]]>
              </value>
            </param>
            <param index="9">
              <value>
                <![CDATA[]]>
              </value>
            </param>
          </params>
          <reporter-output>
          </reporter-output>
        </test-method> <!-- FileProcessing -->
        <test-method signature="FileProcessing(java.lang.String, java.lang.String, java.lang.String, java.lang.String, java.lang.String, java.lang.String, java.lang.String, java.lang.String, java.lang.String, java.lang.String)[pri:0, instance:MINTUI.Automation.FileProcessingScenariosTest@460ebd80]" started-at="2021-06-10T14:59:56Z" name="FileProcessing" data-provider="getdataFileProcessing" finished-at="2021-06-10T14:59:56Z" duration-ms="142" status="FAIL">
          <params>
            <param index="0">
              <value>
                <![CDATA[TC_008_FileProcessing]]>
              </value>
            </param>
            <param index="1">
              <value>
                <![CDATA[PROGRAM]]>
              </value>
            </param>
            <param index="2">
              <value>
                <![CDATA[UKTV]]>
              </value>
            </param>
            <param index="3">
              <value>
                <![CDATA[958]]>
              </value>
            </param>
            <param index="4">
              <value>
                <![CDATA[Positive]]>
              </value>
            </param>
            <param index="5">
              <value>
                <![CDATA[GI_PRG_05052021.dat]]>
              </value>
            </param>
            <param index="6">
              <value>
                <![CDATA[]]>
              </value>
            </param>
            <param index="7">
              <value>
                <![CDATA[]]>
              </value>
            </param>
            <param index="8">
              <value>
                <![CDATA[]]>
              </value>
            </param>
            <param index="9">
              <value>
                <![CDATA[]]>
              </value>
            </param>
          </params>
          <exception class="java.lang.AssertionError">
            <message>
              <![CDATA[expected [COMPLETED] but found [FAILED]]]>
            </message>
            <full-stacktrace>
              <![CDATA[java.lang.AssertionError: expected [COMPLETED] but found [FAILED]
at org.testng.Assert.fail(Assert.java:96)
at org.testng.Assert.failNotEquals(Assert.java:776)
at org.testng.Assert.assertEqualsImpl(Assert.java:137)
at org.testng.Assert.assertEquals(Assert.java:118)
at org.testng.Assert.assertEquals(Assert.java:453)
at org.testng.Assert.assertEquals(Assert.java:463)
at MINTUI.Automation.FileProcessingScenariosTest.FileProcessing(FileProcessingScenariosTest.java:230)
at java.base/jdk.internal.reflect.NativeMethodAccessorImpl.invoke0(Native Method)
at java.base/jdk.internal.reflect.NativeMethodAccessorImpl.invoke(NativeMethodAccessorImpl.java:62)
at java.base/jdk.internal.reflect.DelegatingMethodAccessorImpl.invoke(DelegatingMethodAccessorImpl.java:43)
at java.base/java.lang.reflect.Method.invoke(Method.java:567)
at org.testng.internal.MethodInvocationHelper.invokeMethod(MethodInvocationHelper.java:124)
at org.testng.internal.Invoker.invokeMethod(Invoker.java:583)
at org.testng.internal.Invoker.invokeTestMethod(Invoker.java:719)
at org.testng.internal.Invoker.invokeTestMethods(Invoker.java:989)
at org.testng.internal.TestMethodWorker.invokeTestMethods(TestMethodWorker.java:125)
at org.testng.internal.TestMethodWorker.run(TestMethodWorker.java:109)
at org.testng.TestRunner.privateRun(TestRunner.java:648)
at org.testng.TestRunner.run(TestRunner.java:505)
at org.testng.SuiteRunner.runTest(SuiteRunner.java:455)
at org.testng.SuiteRunner.runSequentially(SuiteRunner.java:450)
at org.testng.SuiteRunner.privateRun(SuiteRunner.java:415)
at org.testng.SuiteRunner.run(SuiteRunner.java:364)
at org.testng.SuiteRunnerWorker.runSuite(SuiteRunnerWorker.java:52)
at org.testng.SuiteRunnerWorker.run(SuiteRunnerWorker.java:84)
at org.testng.TestNG.runSuitesSequentially(TestNG.java:1208)
at org.testng.TestNG.runSuitesLocally(TestNG.java:1137)
at org.testng.TestNG.runSuites(TestNG.java:1049)
at org.testng.TestNG.run(TestNG.java:1017)
at org.testng.remote.AbstractRemoteTestNG.run(AbstractRemoteTestNG.java:115)
at org.testng.remote.RemoteTestNG.initAndRun(RemoteTestNG.java:251)
at org.testng.remote.RemoteTestNG.main(RemoteTestNG.java:77)
]]>
            </full-stacktrace>
          </exception> <!-- java.lang.AssertionError -->
          <reporter-output>
          </reporter-output>
        </test-method> <!-- FileProcessing -->
        <test-method signature="FileProcessing(java.lang.String, java.lang.String, java.lang.String, java.lang.String, java.lang.String, java.lang.String, java.lang.String, java.lang.String, java.lang.String, java.lang.String)[pri:0, instance:MINTUI.Automation.FileProcessingScenariosTest@460ebd80]" started-at="2021-06-10T14:59:56Z" name="FileProcessing" data-provider="getdataFileProcessing" finished-at="2021-06-10T14:59:57Z" duration-ms="502" status="PASS">
          <params>
            <param index="0">
              <value>
                <![CDATA[TC_009_FileProcessing]]>
              </value>
            </param>
            <param index="1">
              <value>
                <![CDATA[PROGRAM]]>
              </value>
            </param>
            <param index="2">
              <value>
                <![CDATA[S4C]]>
              </value>
            </param>
            <param index="3">
              <value>
                <![CDATA[54]]>
              </value>
            </param>
            <param index="4">
              <value>
                <![CDATA[Positive]]>
              </value>
            </param>
            <param index="5">
              <value>
                <![CDATA[PROG20210508-20210514.XML]]>
              </value>
            </param>
            <param index="6">
              <value>
                <![CDATA[]]>
              </value>
            </param>
            <param index="7">
              <value>
                <![CDATA[]]>
              </value>
            </param>
            <param index="8">
              <value>
                <![CDATA[]]>
              </value>
            </param>
            <param index="9">
              <value>
                <![CDATA[]]>
              </value>
            </param>
          </params>
          <reporter-output>
          </reporter-output>
        </test-method> <!-- FileProcessing -->
        <test-method signature="FileProcessing(java.lang.String, java.lang.String, java.lang.String, java.lang.String, java.lang.String, java.lang.String, java.lang.String, java.lang.String, java.lang.String, java.lang.String)[pri:0, instance:MINTUI.Automation.FileProcessingScenariosTest@460ebd80]" started-at="2021-06-10T14:59:57Z" name="FileProcessing" data-provider="getdataFileProcessing" finished-at="2021-06-10T14:59:57Z" duration-ms="477" status="PASS">
          <params>
            <param index="0">
              <value>
                <![CDATA[TC_010_FileProcessing]]>
              </value>
            </param>
            <param index="1">
              <value>
                <![CDATA[SPOT]]>
              </value>
            </param>
            <param index="2">
              <value>
                <![CDATA[BSS]]>
              </value>
            </param>
            <param index="3">
              <value>
                <![CDATA[98]]>
              </value>
            </param>
            <param index="4">
              <value>
                <![CDATA[Positive]]>
              </value>
            </param>
            <param index="5">
              <value>
                <![CDATA[SS_040521_122759.SKYsgl.PROV.50145310.20210505SkyFootIre]]>
              </value>
            </param>
            <param index="6">
              <value>
                <![CDATA[]]>
              </value>
            </param>
            <param index="7">
              <value>
                <![CDATA[]]>
              </value>
            </param>
            <param index="8">
              <value>
                <![CDATA[]]>
              </value>
            </param>
            <param index="9">
              <value>
                <![CDATA[]]>
              </value>
            </param>
          </params>
          <reporter-output>
          </reporter-output>
        </test-method> <!-- FileProcessing -->
        <test-method signature="FileProcessing(java.lang.String, java.lang.String, java.lang.String, java.lang.String, java.lang.String, java.lang.String, java.lang.String, java.lang.String, java.lang.String, java.lang.String)[pri:0, instance:MINTUI.Automation.FileProcessingScenariosTest@460ebd80]" started-at="2021-06-10T14:59:57Z" name="FileProcessing" data-provider="getdataFileProcessing" finished-at="2021-06-10T14:59:58Z" duration-ms="1183" status="PASS">
          <params>
            <param index="0">
              <value>
                <![CDATA[TC_011_FileProcessing]]>
              </value>
            </param>
            <param index="1">
              <value>
                <![CDATA[SPOT]]>
              </value>
            </param>
            <param index="2">
              <value>
                <![CDATA[MEMS]]>
              </value>
            </param>
            <param index="3">
              <value>
                <![CDATA[594]]>
              </value>
            </param>
            <param index="4">
              <value>
                <![CDATA[Positive]]>
              </value>
            </param>
            <param index="5">
              <value>
                <![CDATA[SS_040920_085601.MEM.PROV.35505830.txt]]>
              </value>
            </param>
            <param index="6">
              <value>
                <![CDATA[]]>
              </value>
            </param>
            <param index="7">
              <value>
                <![CDATA[]]>
              </value>
            </param>
            <param index="8">
              <value>
                <![CDATA[]]>
              </value>
            </param>
            <param index="9">
              <value>
                <![CDATA[]]>
              </value>
            </param>
          </params>
          <reporter-output>
          </reporter-output>
        </test-method> <!-- FileProcessing -->
        <test-method signature="FileProcessing(java.lang.String, java.lang.String, java.lang.String, java.lang.String, java.lang.String, java.lang.String, java.lang.String, java.lang.String, java.lang.String, java.lang.String)[pri:0, instance:MINTUI.Automation.FileProcessingScenariosTest@460ebd80]" started-at="2021-06-10T14:59:58Z" name="FileProcessing" data-provider="getdataFileProcessing" finished-at="2021-06-10T14:59:59Z" duration-ms="476" status="PASS">
          <params>
            <param index="0">
              <value>
                <![CDATA[TC_012_FileProcessing]]>
              </value>
            </param>
            <param index="1">
              <value>
                <![CDATA[SPOT]]>
              </value>
            </param>
            <param index="2">
              <value>
                <![CDATA[SONY]]>
              </value>
            </param>
            <param index="3">
              <value>
                <![CDATA[770]]>
              </value>
            </param>
            <param index="4">
              <value>
                <![CDATA[Positive]]>
              </value>
            </param>
            <param index="5">
              <value>
                <![CDATA[SS_220720_160547.SON.FINAL.33075960]]>
              </value>
            </param>
            <param index="6">
              <value>
                <![CDATA[]]>
              </value>
            </param>
            <param index="7">
              <value>
                <![CDATA[]]>
              </value>
            </param>
            <param index="8">
              <value>
                <![CDATA[]]>
              </value>
            </param>
            <param index="9">
              <value>
                <![CDATA[]]>
              </value>
            </param>
          </params>
          <reporter-output>
          </reporter-output>
        </test-method> <!-- FileProcessing -->
        <test-method signature="FileProcessing(java.lang.String, java.lang.String, java.lang.String, java.lang.String, java.lang.String, java.lang.String, java.lang.String, java.lang.String, java.lang.String, java.lang.String)[pri:0, instance:MINTUI.Automation.FileProcessingScenariosTest@460ebd80]" started-at="2021-06-10T14:59:59Z" name="FileProcessing" data-provider="getdataFileProcessing" finished-at="2021-06-10T15:00:00Z" duration-ms="1302" status="PASS">
          <params>
            <param index="0">
              <value>
                <![CDATA[TC_013_FileProcessing]]>
              </value>
            </param>
            <param index="1">
              <value>
                <![CDATA[SPOT]]>
              </value>
            </param>
            <param index="2">
              <value>
                <![CDATA[UKTV]]>
              </value>
            </param>
            <param index="3">
              <value>
                <![CDATA[168]]>
              </value>
            </param>
            <param index="4">
              <value>
                <![CDATA[Positive]]>
              </value>
            </param>
            <param index="5">
              <value>
                <![CDATA[SS_040521_095735.NBC.PROV.50126250]]>
              </value>
            </param>
            <param index="6">
              <value>
                <![CDATA[]]>
              </value>
            </param>
            <param index="7">
              <value>
                <![CDATA[]]>
              </value>
            </param>
            <param index="8">
              <value>
                <![CDATA[]]>
              </value>
            </param>
            <param index="9">
              <value>
                <![CDATA[]]>
              </value>
            </param>
          </params>
          <reporter-output>
          </reporter-output>
        </test-method> <!-- FileProcessing -->
        <test-method signature="FileProcessing(java.lang.String, java.lang.String, java.lang.String, java.lang.String, java.lang.String, java.lang.String, java.lang.String, java.lang.String, java.lang.String, java.lang.String)[pri:0, instance:MINTUI.Automation.FileProcessingScenariosTest@460ebd80]" started-at="2021-06-10T15:00:00Z" name="FileProcessing" data-provider="getdataFileProcessing" finished-at="2021-06-10T15:00:01Z" duration-ms="702" status="PASS">
          <params>
            <param index="0">
              <value>
                <![CDATA[TC_014_FileProcessing]]>
              </value>
            </param>
            <param index="1">
              <value>
                <![CDATA[SPOT]]>
              </value>
            </param>
            <param index="2">
              <value>
                <![CDATA[S4C]]>
              </value>
            </param>
            <param index="3">
              <value>
                <![CDATA[639]]>
              </value>
            </param>
            <param index="4">
              <value>
                <![CDATA[Positive]]>
              </value>
            </param>
            <param index="5">
              <value>
                <![CDATA[SS_300421_150225.S4C.FINAL.50045480]]>
              </value>
            </param>
            <param index="6">
              <value>
                <![CDATA[]]>
              </value>
            </param>
            <param index="7">
              <value>
                <![CDATA[]]>
              </value>
            </param>
            <param index="8">
              <value>
                <![CDATA[]]>
              </value>
            </param>
            <param index="9">
              <value>
                <![CDATA[]]>
              </value>
            </param>
          </params>
          <reporter-output>
          </reporter-output>
        </test-method> <!-- FileProcessing -->
        <test-method signature="FileProcessing(java.lang.String, java.lang.String, java.lang.String, java.lang.String, java.lang.String, java.lang.String, java.lang.String, java.lang.String, java.lang.String, java.lang.String)[pri:0, instance:MINTUI.Automation.FileProcessingScenariosTest@460ebd80]" started-at="2021-06-10T15:00:01Z" name="FileProcessing" data-provider="getdataFileProcessing" finished-at="2021-06-10T15:00:01Z" duration-ms="189" status="PASS">
          <params>
            <param index="0">
              <value>
                <![CDATA[TC_015_FileProcessing]]>
              </value>
            </param>
            <param index="1">
              <value>
                <![CDATA[RECON]]>
              </value>
            </param>
            <param index="2">
              <value>
                <![CDATA[RECON]]>
              </value>
            </param>
            <param index="3">
              <value>
                <![CDATA[1378]]>
              </value>
            </param>
            <param index="4">
              <value>
                <![CDATA[Positive]]>
              </value>
            </param>
            <param index="5">
              <value>
                <![CDATA[0409720210218.DCL]]>
              </value>
            </param>
            <param index="6">
              <value>
                <![CDATA[]]>
              </value>
            </param>
            <param index="7">
              <value>
                <![CDATA[]]>
              </value>
            </param>
            <param index="8">
              <value>
                <![CDATA[]]>
              </value>
            </param>
            <param index="9">
              <value>
                <![CDATA[]]>
              </value>
            </param>
          </params>
          <reporter-output>
          </reporter-output>
        </test-method> <!-- FileProcessing -->
        <test-method signature="FileProcessing(java.lang.String, java.lang.String, java.lang.String, java.lang.String, java.lang.String, java.lang.String, java.lang.String, java.lang.String, java.lang.String, java.lang.String)[pri:0, instance:MINTUI.Automation.FileProcessingScenariosTest@460ebd80]" started-at="2021-06-10T15:00:01Z" name="FileProcessing" data-provider="getdataFileProcessing" finished-at="2021-06-10T15:00:01Z" duration-ms="414" status="PASS">
          <params>
            <param index="0">
              <value>
                <![CDATA[TC_016_FileProcessing]]>
              </value>
            </param>
            <param index="1">
              <value>
                <![CDATA[RECON]]>
              </value>
            </param>
            <param index="2">
              <value>
                <![CDATA[RECON]]>
              </value>
            </param>
            <param index="3">
              <value>
                <![CDATA[1378]]>
              </value>
            </param>
            <param index="4">
              <value>
                <![CDATA[Negative]]>
              </value>
            </param>
            <param index="5">
              <value>
                <![CDATA[0409620200708_REJE005.DCL]]>
              </value>
            </param>
            <param index="6">
              <value>
                <![CDATA[REJE005]]>
              </value>
            </param>
            <param index="7">
              <value>
                <![CDATA[957]]>
              </value>
            </param>
            <param index="8">
              <value>
                <![CDATA[04096]]>
              </value>
            </param>
            <param index="9">
              <value>
                <![CDATA[Additional details : Interface Name: <InterfaceName>, Channel Description: <Channel Description>(<ChannelCode>); Transmission Date: '2020-07-08'; The File Trailer count(957)  and the actual number of records(965) do not match.]]>
              </value>
            </param>
          </params>
          <reporter-output>
          </reporter-output>
        </test-method> <!-- FileProcessing -->
        <test-method signature="FileProcessing(java.lang.String, java.lang.String, java.lang.String, java.lang.String, java.lang.String, java.lang.String, java.lang.String, java.lang.String, java.lang.String, java.lang.String)[pri:0, instance:MINTUI.Automation.FileProcessingScenariosTest@460ebd80]" started-at="2021-06-10T15:00:01Z" name="FileProcessing" data-provider="getdataFileProcessing" finished-at="2021-06-10T15:00:02Z" duration-ms="512" status="PASS">
          <params>
            <param index="0">
              <value>
                <![CDATA[TC_017_FileProcessing]]>
              </value>
            </param>
            <param index="1">
              <value>
                <![CDATA[LMKIItoSAP]]>
              </value>
            </param>
            <param index="2">
              <value>
                <![CDATA[LMKIItoSAP]]>
              </value>
            </param>
            <param index="3">
              <value>
                <![CDATA[1083]]>
              </value>
            </param>
            <param index="4">
              <value>
                <![CDATA[Positive]]>
              </value>
            </param>
            <param index="5">
              <value>
                <![CDATA[IN_140520_210240_1]]>
              </value>
            </param>
            <param index="6">
              <value>
                <![CDATA[]]>
              </value>
            </param>
            <param index="7">
              <value>
                <![CDATA[]]>
              </value>
            </param>
            <param index="8">
              <value>
                <![CDATA[]]>
              </value>
            </param>
            <param index="9">
              <value>
                <![CDATA[]]>
              </value>
            </param>
          </params>
          <reporter-output>
          </reporter-output>
        </test-method> <!-- FileProcessing -->
        <test-method signature="FileProcessing(java.lang.String, java.lang.String, java.lang.String, java.lang.String, java.lang.String, java.lang.String, java.lang.String, java.lang.String, java.lang.String, java.lang.String)[pri:0, instance:MINTUI.Automation.FileProcessingScenariosTest@460ebd80]" started-at="2021-06-10T15:00:02Z" name="FileProcessing" data-provider="getdataFileProcessing" finished-at="2021-06-10T15:00:02Z" duration-ms="127" status="FAIL">
          <params>
            <param index="0">
              <value>
                <![CDATA[TC_018_FileProcessing]]>
              </value>
            </param>
            <param index="1">
              <value>
                <![CDATA[ATTRIBUTION]]>
              </value>
            </param>
            <param index="2">
              <value>
                <![CDATA[ATTRIBUTION]]>
              </value>
            </param>
            <param index="3">
              <value>
                <![CDATA[1299]]>
              </value>
            </param>
            <param index="4">
              <value>
                <![CDATA[Positive]]>
              </value>
            </param>
            <param index="5">
              <value>
                <![CDATA[INDAY1.sky]]>
              </value>
            </param>
            <param index="6">
              <value>
                <![CDATA[]]>
              </value>
            </param>
            <param index="7">
              <value>
                <![CDATA[]]>
              </value>
            </param>
            <param index="8">
              <value>
                <![CDATA[]]>
              </value>
            </param>
            <param index="9">
              <value>
                <![CDATA[]]>
              </value>
            </param>
          </params>
          <exception class="java.lang.AssertionError">
            <message>
              <![CDATA[expected [COMPLETED] but found [REJECTED]]]>
            </message>
            <full-stacktrace>
              <![CDATA[java.lang.AssertionError: expected [COMPLETED] but found [REJECTED]
at org.testng.Assert.fail(Assert.java:96)
at org.testng.Assert.failNotEquals(Assert.java:776)
at org.testng.Assert.assertEqualsImpl(Assert.java:137)
at org.testng.Assert.assertEquals(Assert.java:118)
at org.testng.Assert.assertEquals(Assert.java:453)
at org.testng.Assert.assertEquals(Assert.java:463)
at MINTUI.Automation.FileProcessingScenariosTest.FileProcessing(FileProcessingScenariosTest.java:230)
at jdk.internal.reflect.GeneratedMethodAccessor2.invoke(Unknown Source)
at java.base/jdk.internal.reflect.DelegatingMethodAccessorImpl.invoke(DelegatingMethodAccessorImpl.java:43)
at java.base/java.lang.reflect.Method.invoke(Method.java:567)
at org.testng.internal.MethodInvocationHelper.invokeMethod(MethodInvocationHelper.java:124)
at org.testng.internal.Invoker.invokeMethod(Invoker.java:583)
at org.testng.internal.Invoker.invokeTestMethod(Invoker.java:719)
at org.testng.internal.Invoker.invokeTestMethods(Invoker.java:989)
at org.testng.internal.TestMethodWorker.invokeTestMethods(TestMethodWorker.java:125)
at org.testng.internal.TestMethodWorker.run(TestMethodWorker.java:109)
at org.testng.TestRunner.privateRun(TestRunner.java:648)
at org.testng.TestRunner.run(TestRunner.java:505)
at org.testng.SuiteRunner.runTest(SuiteRunner.java:455)
at org.testng.SuiteRunner.runSequentially(SuiteRunner.java:450)
at org.testng.SuiteRunner.privateRun(SuiteRunner.java:415)
at org.testng.SuiteRunner.run(SuiteRunner.java:364)
at org.testng.SuiteRunnerWorker.runSuite(SuiteRunnerWorker.java:52)
at org.testng.SuiteRunnerWorker.run(SuiteRunnerWorker.java:84)
at org.testng.TestNG.runSuitesSequentially(TestNG.java:1208)
at org.testng.TestNG.runSuitesLocally(TestNG.java:1137)
at org.testng.TestNG.runSuites(TestNG.java:1049)
at org.testng.TestNG.run(TestNG.java:1017)
at org.testng.remote.AbstractRemoteTestNG.run(AbstractRemoteTestNG.java:115)
at org.testng.remote.RemoteTestNG.initAndRun(RemoteTestNG.java:251)
at org.testng.remote.RemoteTestNG.main(RemoteTestNG.java:77)
]]>
            </full-stacktrace>
          </exception> <!-- java.lang.AssertionError -->
          <reporter-output>
          </reporter-output>
        </test-method> <!-- FileProcessing -->
        <test-method signature="FileProcessing(java.lang.String, java.lang.String, java.lang.String, java.lang.String, java.lang.String, java.lang.String, java.lang.String, java.lang.String, java.lang.String, java.lang.String)[pri:0, instance:MINTUI.Automation.FileProcessingScenariosTest@460ebd80]" started-at="2021-06-10T15:00:02Z" name="FileProcessing" data-provider="getdataFileProcessing" finished-at="2021-06-10T15:00:02Z" duration-ms="123" status="FAIL">
          <params>
            <param index="0">
              <value>
                <![CDATA[TC_019_FileProcessing]]>
              </value>
            </param>
            <param index="1">
              <value>
                <![CDATA[UNIVERSES]]>
              </value>
            </param>
            <param index="2">
              <value>
                <![CDATA[UNIVERSES]]>
              </value>
            </param>
            <param index="3">
              <value>
                <![CDATA[1081]]>
              </value>
            </param>
            <param index="4">
              <value>
                <![CDATA[Positive]]>
              </value>
            </param>
            <param index="5">
              <value>
                <![CDATA[B20191001.UNI.Z]]>
              </value>
            </param>
            <param index="6">
              <value>
                <![CDATA[]]>
              </value>
            </param>
            <param index="7">
              <value>
                <![CDATA[]]>
              </value>
            </param>
            <param index="8">
              <value>
                <![CDATA[]]>
              </value>
            </param>
            <param index="9">
              <value>
                <![CDATA[]]>
              </value>
            </param>
          </params>
          <exception class="java.lang.AssertionError">
            <message>
              <![CDATA[expected [COMPLETED] but found [FAILED]]]>
            </message>
            <full-stacktrace>
              <![CDATA[java.lang.AssertionError: expected [COMPLETED] but found [FAILED]
at org.testng.Assert.fail(Assert.java:96)
at org.testng.Assert.failNotEquals(Assert.java:776)
at org.testng.Assert.assertEqualsImpl(Assert.java:137)
at org.testng.Assert.assertEquals(Assert.java:118)
at org.testng.Assert.assertEquals(Assert.java:453)
at org.testng.Assert.assertEquals(Assert.java:463)
at MINTUI.Automation.FileProcessingScenariosTest.FileProcessing(FileProcessingScenariosTest.java:230)
at jdk.internal.reflect.GeneratedMethodAccessor2.invoke(Unknown Source)
at java.base/jdk.internal.reflect.DelegatingMethodAccessorImpl.invoke(DelegatingMethodAccessorImpl.java:43)
at java.base/java.lang.reflect.Method.invoke(Method.java:567)
at org.testng.internal.MethodInvocationHelper.invokeMethod(MethodInvocationHelper.java:124)
at org.testng.internal.Invoker.invokeMethod(Invoker.java:583)
at org.testng.internal.Invoker.invokeTestMethod(Invoker.java:719)
at org.testng.internal.Invoker.invokeTestMethods(Invoker.java:989)
at org.testng.internal.TestMethodWorker.invokeTestMethods(TestMethodWorker.java:125)
at org.testng.internal.TestMethodWorker.run(TestMethodWorker.java:109)
at org.testng.TestRunner.privateRun(TestRunner.java:648)
at org.testng.TestRunner.run(TestRunner.java:505)
at org.testng.SuiteRunner.runTest(SuiteRunner.java:455)
at org.testng.SuiteRunner.runSequentially(SuiteRunner.java:450)
at org.testng.SuiteRunner.privateRun(SuiteRunner.java:415)
at org.testng.SuiteRunner.run(SuiteRunner.java:364)
at org.testng.SuiteRunnerWorker.runSuite(SuiteRunnerWorker.java:52)
at org.testng.SuiteRunnerWorker.run(SuiteRunnerWorker.java:84)
at org.testng.TestNG.runSuitesSequentially(TestNG.java:1208)
at org.testng.TestNG.runSuitesLocally(TestNG.java:1137)
at org.testng.TestNG.runSuites(TestNG.java:1049)
at org.testng.TestNG.run(TestNG.java:1017)
at org.testng.remote.AbstractRemoteTestNG.run(AbstractRemoteTestNG.java:115)
at org.testng.remote.RemoteTestNG.initAndRun(RemoteTestNG.java:251)
at org.testng.remote.RemoteTestNG.main(RemoteTestNG.java:77)
]]>
            </full-stacktrace>
          </exception> <!-- java.lang.AssertionError -->
          <reporter-output>
          </reporter-output>
        </test-method> <!-- FileProcessing -->
        <test-method signature="FileProcessing(java.lang.String, java.lang.String, java.lang.String, java.lang.String, java.lang.String, java.lang.String, java.lang.String, java.lang.String, java.lang.String, java.lang.String)[pri:0, instance:MINTUI.Automation.FileProcessingScenariosTest@460ebd80]" started-at="2021-06-10T15:00:02Z" name="FileProcessing" data-provider="getdataFileProcessing" finished-at="2021-06-10T15:00:03Z" duration-ms="318" status="PASS">
          <params>
            <param index="0">
              <value>
                <![CDATA[TC_020_FileProcessing]]>
              </value>
            </param>
            <param index="1">
              <value>
                <![CDATA[BREAK]]>
              </value>
            </param>
            <param index="2">
              <value>
                <![CDATA[UKTV]]>
              </value>
            </param>
            <param index="3">
              <value>
                <![CDATA[1244]]>
              </value>
            </param>
            <param index="4">
              <value>
                <![CDATA[Negative]]>
              </value>
            </param>
            <param index="5">
              <value>
                <![CDATA[EENT201912162115.BRK_REJE001.txt]]>
              </value>
            </param>
            <param index="6">
              <value>
                <![CDATA[REJE001]]>
              </value>
            </param>
            <param index="7">
              <value>
                <![CDATA[3]]>
              </value>
            </param>
            <param index="8">
              <value>
                <![CDATA[EENT]]>
              </value>
            </param>
            <param index="9">
              <value>
                <![CDATA[Additional details : Interface Name: <InterfaceName>,  Partner :  <Partner>, Channel description: <Channel Description>(<ChannelCode>); ErrorText :]]>
              </value>
            </param>
          </params>
          <reporter-output>
          </reporter-output>
        </test-method> <!-- FileProcessing -->
        <test-method is-config="true" signature="Extent_Report_Flush()[pri:0, instance:MINTUI.Automation.FileProcessingScenariosTest@460ebd80]" started-at="2021-06-10T15:00:03Z" name="Extent_Report_Flush" finished-at="2021-06-10T15:00:03Z" duration-ms="655" status="PASS">
          <reporter-output>
          </reporter-output>
        </test-method> <!-- Extent_Report_Flush -->
        <test-method is-config="true" signature="Extent_Report()[pri:0, instance:MINTUI.Automation.FileProcessingScenariosTest@460ebd80]" started-at="2021-06-10T15:48:17Z" name="Extent_Report" finished-at="2021-06-10T15:48:18Z" duration-ms="713" status="PASS">
          <reporter-output>
          </reporter-output>
        </test-method> <!-- Extent_Report -->
        <test-method signature="PushFileProcessing(java.lang.String, java.lang.String, java.lang.String, java.lang.String, java.lang.String, java.lang.String, java.lang.String, java.lang.String, java.lang.String, java.lang.String)[pri:0, instance:MINTUI.Automation.FileProcessingScenariosTest@460ebd80]" started-at="2021-06-10T15:48:19Z" name="PushFileProcessing" data-provider="getdataFileProcessing" finished-at="2021-06-10T15:48:21Z" duration-ms="1349" status="PASS">
          <params>
            <param index="0">
              <value>
                <![CDATA[TC_001_FileProcessing]]>
              </value>
            </param>
            <param index="1">
              <value>
                <![CDATA[BREAK]]>
              </value>
            </param>
            <param index="2">
              <value>
                <![CDATA[UKTV]]>
              </value>
            </param>
            <param index="3">
              <value>
                <![CDATA[97]]>
              </value>
            </param>
            <param index="4">
              <value>
                <![CDATA[Positive]]>
              </value>
            </param>
            <param index="5">
              <value>
                <![CDATA[UKTBSCH.34076]]>
              </value>
            </param>
            <param index="6">
              <value>
                <![CDATA[]]>
              </value>
            </param>
            <param index="7">
              <value>
                <![CDATA[]]>
              </value>
            </param>
            <param index="8">
              <value>
                <![CDATA[]]>
              </value>
            </param>
            <param index="9">
              <value>
                <![CDATA[]]>
              </value>
            </param>
          </params>
          <reporter-output>
          </reporter-output>
        </test-method> <!-- PushFileProcessing -->
        <test-method signature="PushFileProcessing(java.lang.String, java.lang.String, java.lang.String, java.lang.String, java.lang.String, java.lang.String, java.lang.String, java.lang.String, java.lang.String, java.lang.String)[pri:0, instance:MINTUI.Automation.FileProcessingScenariosTest@460ebd80]" started-at="2021-06-10T15:48:21Z" name="PushFileProcessing" data-provider="getdataFileProcessing" finished-at="2021-06-10T15:48:21Z" duration-ms="386" status="PASS">
          <params>
            <param index="0">
              <value>
                <![CDATA[TC_002_FileProcessing]]>
              </value>
            </param>
            <param index="1">
              <value>
                <![CDATA[BREAK]]>
              </value>
            </param>
            <param index="2">
              <value>
                <![CDATA[BSS]]>
              </value>
            </param>
            <param index="3">
              <value>
                <![CDATA[649]]>
              </value>
            </param>
            <param index="4">
              <value>
                <![CDATA[Positive]]>
              </value>
            </param>
            <param index="5">
              <value>
                <![CDATA[CCENBSCH.506]]>
              </value>
            </param>
            <param index="6">
              <value>
                <![CDATA[]]>
              </value>
            </param>
            <param index="7">
              <value>
                <![CDATA[]]>
              </value>
            </param>
            <param index="8">
              <value>
                <![CDATA[]]>
              </value>
            </param>
            <param index="9">
              <value>
                <![CDATA[]]>
              </value>
            </param>
          </params>
          <reporter-output>
          </reporter-output>
        </test-method> <!-- PushFileProcessing -->
        <test-method signature="PushFileProcessing(java.lang.String, java.lang.String, java.lang.String, java.lang.String, java.lang.String, java.lang.String, java.lang.String, java.lang.String, java.lang.String, java.lang.String)[pri:0, instance:MINTUI.Automation.FileProcessingScenariosTest@460ebd80]" started-at="2021-06-10T15:48:21Z" name="PushFileProcessing" data-provider="getdataFileProcessing" finished-at="2021-06-10T15:48:21Z" duration-ms="338" status="PASS">
          <params>
            <param index="0">
              <value>
                <![CDATA[TC_003_FileProcessing]]>
              </value>
            </param>
            <param index="1">
              <value>
                <![CDATA[BREAK]]>
              </value>
            </param>
            <param index="2">
              <value>
                <![CDATA[LFTS]]>
              </value>
            </param>
            <param index="3">
              <value>
                <![CDATA[909]]>
              </value>
            </param>
            <param index="4">
              <value>
                <![CDATA[Positive]]>
              </value>
            </param>
            <param index="5">
              <value>
                <![CDATA[LFTS_BreakSchedule_OCT2020_TS23.txt]]>
              </value>
            </param>
            <param index="6">
              <value>
                <![CDATA[]]>
              </value>
            </param>
            <param index="7">
              <value>
                <![CDATA[]]>
              </value>
            </param>
            <param index="8">
              <value>
                <![CDATA[]]>
              </value>
            </param>
            <param index="9">
              <value>
                <![CDATA[]]>
              </value>
            </param>
          </params>
          <reporter-output>
          </reporter-output>
        </test-method> <!-- PushFileProcessing -->
        <test-method signature="PushFileProcessing(java.lang.String, java.lang.String, java.lang.String, java.lang.String, java.lang.String, java.lang.String, java.lang.String, java.lang.String, java.lang.String, java.lang.String)[pri:0, instance:MINTUI.Automation.FileProcessingScenariosTest@460ebd80]" started-at="2021-06-10T15:48:21Z" name="PushFileProcessing" data-provider="getdataFileProcessing" finished-at="2021-06-10T15:48:22Z" duration-ms="341" status="PASS">
          <params>
            <param index="0">
              <value>
                <![CDATA[TC_004_FileProcessing]]>
              </value>
            </param>
            <param index="1">
              <value>
                <![CDATA[BREAK]]>
              </value>
            </param>
            <param index="2">
              <value>
                <![CDATA[SONY]]>
              </value>
            </param>
            <param index="3">
              <value>
                <![CDATA[3]]>
              </value>
            </param>
            <param index="4">
              <value>
                <![CDATA[Positive]]>
              </value>
            </param>
            <param index="5">
              <value>
                <![CDATA[MOUK202105060539.BRK]]>
              </value>
            </param>
            <param index="6">
              <value>
                <![CDATA[]]>
              </value>
            </param>
            <param index="7">
              <value>
                <![CDATA[]]>
              </value>
            </param>
            <param index="8">
              <value>
                <![CDATA[]]>
              </value>
            </param>
            <param index="9">
              <value>
                <![CDATA[]]>
              </value>
            </param>
          </params>
          <reporter-output>
          </reporter-output>
        </test-method> <!-- PushFileProcessing -->
        <test-method signature="PushFileProcessing(java.lang.String, java.lang.String, java.lang.String, java.lang.String, java.lang.String, java.lang.String, java.lang.String, java.lang.String, java.lang.String, java.lang.String)[pri:0, instance:MINTUI.Automation.FileProcessingScenariosTest@460ebd80]" started-at="2021-06-10T15:48:22Z" name="PushFileProcessing" data-provider="getdataFileProcessing" finished-at="2021-06-10T15:48:22Z" duration-ms="411" status="PASS">
          <params>
            <param index="0">
              <value>
                <![CDATA[TC_005_FileProcessing]]>
              </value>
            </param>
            <param index="1">
              <value>
                <![CDATA[PROGRAM]]>
              </value>
            </param>
            <param index="2">
              <value>
                <![CDATA[V6]]>
              </value>
            </param>
            <param index="3">
              <value>
                <![CDATA[89]]>
              </value>
            </param>
            <param index="4">
              <value>
                <![CDATA[Positive]]>
              </value>
            </param>
            <param index="5">
              <value>
                <![CDATA[NJR2PSCH.13680]]>
              </value>
            </param>
            <param index="6">
              <value>
                <![CDATA[]]>
              </value>
            </param>
            <param index="7">
              <value>
                <![CDATA[]]>
              </value>
            </param>
            <param index="8">
              <value>
                <![CDATA[]]>
              </value>
            </param>
            <param index="9">
              <value>
                <![CDATA[]]>
              </value>
            </param>
          </params>
          <reporter-output>
          </reporter-output>
        </test-method> <!-- PushFileProcessing -->
        <test-method signature="PushFileProcessing(java.lang.String, java.lang.String, java.lang.String, java.lang.String, java.lang.String, java.lang.String, java.lang.String, java.lang.String, java.lang.String, java.lang.String)[pri:0, instance:MINTUI.Automation.FileProcessingScenariosTest@460ebd80]" started-at="2021-06-10T15:48:22Z" name="PushFileProcessing" data-provider="getdataFileProcessing" finished-at="2021-06-10T15:48:23Z" duration-ms="404" status="PASS">
          <params>
            <param index="0">
              <value>
                <![CDATA[TC_006_FileProcessing]]>
              </value>
            </param>
            <param index="1">
              <value>
                <![CDATA[PROGRAM]]>
              </value>
            </param>
            <param index="2">
              <value>
                <![CDATA[V7]]>
              </value>
            </param>
            <param index="3">
              <value>
                <![CDATA[84]]>
              </value>
            </param>
            <param index="4">
              <value>
                <![CDATA[Positive]]>
              </value>
            </param>
            <param index="5">
              <value>
                <![CDATA[skypsch.083]]>
              </value>
            </param>
            <param index="6">
              <value>
                <![CDATA[]]>
              </value>
            </param>
            <param index="7">
              <value>
                <![CDATA[]]>
              </value>
            </param>
            <param index="8">
              <value>
                <![CDATA[]]>
              </value>
            </param>
            <param index="9">
              <value>
                <![CDATA[]]>
              </value>
            </param>
          </params>
          <reporter-output>
          </reporter-output>
        </test-method> <!-- PushFileProcessing -->
        <test-method signature="PushFileProcessing(java.lang.String, java.lang.String, java.lang.String, java.lang.String, java.lang.String, java.lang.String, java.lang.String, java.lang.String, java.lang.String, java.lang.String)[pri:0, instance:MINTUI.Automation.FileProcessingScenariosTest@460ebd80]" started-at="2021-06-10T15:48:23Z" name="PushFileProcessing" data-provider="getdataFileProcessing" finished-at="2021-06-10T15:48:23Z" duration-ms="372" status="PASS">
          <params>
            <param index="0">
              <value>
                <![CDATA[TC_007_FileProcessing]]>
              </value>
            </param>
            <param index="1">
              <value>
                <![CDATA[PROGRAM]]>
              </value>
            </param>
            <param index="2">
              <value>
                <![CDATA[SONY]]>
              </value>
            </param>
            <param index="3">
              <value>
                <![CDATA[96]]>
              </value>
            </param>
            <param index="4">
              <value>
                <![CDATA[Positive]]>
              </value>
            </param>
            <param index="5">
              <value>
                <![CDATA[POPP202105040204PLAN.PROG]]>
              </value>
            </param>
            <param index="6">
              <value>
                <![CDATA[]]>
              </value>
            </param>
            <param index="7">
              <value>
                <![CDATA[]]>
              </value>
            </param>
            <param index="8">
              <value>
                <![CDATA[]]>
              </value>
            </param>
            <param index="9">
              <value>
                <![CDATA[]]>
              </value>
            </param>
          </params>
          <reporter-output>
          </reporter-output>
        </test-method> <!-- PushFileProcessing -->
        <test-method signature="PushFileProcessing(java.lang.String, java.lang.String, java.lang.String, java.lang.String, java.lang.String, java.lang.String, java.lang.String, java.lang.String, java.lang.String, java.lang.String)[pri:0, instance:MINTUI.Automation.FileProcessingScenariosTest@460ebd80]" started-at="2021-06-10T15:48:23Z" name="PushFileProcessing" data-provider="getdataFileProcessing" finished-at="2021-06-10T15:48:23Z" duration-ms="469" status="PASS">
          <params>
            <param index="0">
              <value>
                <![CDATA[TC_008_FileProcessing]]>
              </value>
            </param>
            <param index="1">
              <value>
                <![CDATA[PROGRAM]]>
              </value>
            </param>
            <param index="2">
              <value>
                <![CDATA[UKTV]]>
              </value>
            </param>
            <param index="3">
              <value>
                <![CDATA[958]]>
              </value>
            </param>
            <param index="4">
              <value>
                <![CDATA[Positive]]>
              </value>
            </param>
            <param index="5">
              <value>
                <![CDATA[GI_PRG_05052021.dat]]>
              </value>
            </param>
            <param index="6">
              <value>
                <![CDATA[]]>
              </value>
            </param>
            <param index="7">
              <value>
                <![CDATA[]]>
              </value>
            </param>
            <param index="8">
              <value>
                <![CDATA[]]>
              </value>
            </param>
            <param index="9">
              <value>
                <![CDATA[]]>
              </value>
            </param>
          </params>
          <reporter-output>
          </reporter-output>
        </test-method> <!-- PushFileProcessing -->
        <test-method signature="PushFileProcessing(java.lang.String, java.lang.String, java.lang.String, java.lang.String, java.lang.String, java.lang.String, java.lang.String, java.lang.String, java.lang.String, java.lang.String)[pri:0, instance:MINTUI.Automation.FileProcessingScenariosTest@460ebd80]" started-at="2021-06-10T15:48:23Z" name="PushFileProcessing" data-provider="getdataFileProcessing" finished-at="2021-06-10T15:48:24Z" duration-ms="403" status="PASS">
          <params>
            <param index="0">
              <value>
                <![CDATA[TC_009_FileProcessing]]>
              </value>
            </param>
            <param index="1">
              <value>
                <![CDATA[PROGRAM]]>
              </value>
            </param>
            <param index="2">
              <value>
                <![CDATA[S4C]]>
              </value>
            </param>
            <param index="3">
              <value>
                <![CDATA[54]]>
              </value>
            </param>
            <param index="4">
              <value>
                <![CDATA[Positive]]>
              </value>
            </param>
            <param index="5">
              <value>
                <![CDATA[PROG20210508-20210514.XML]]>
              </value>
            </param>
            <param index="6">
              <value>
                <![CDATA[]]>
              </value>
            </param>
            <param index="7">
              <value>
                <![CDATA[]]>
              </value>
            </param>
            <param index="8">
              <value>
                <![CDATA[]]>
              </value>
            </param>
            <param index="9">
              <value>
                <![CDATA[]]>
              </value>
            </param>
          </params>
          <reporter-output>
          </reporter-output>
        </test-method> <!-- PushFileProcessing -->
        <test-method signature="PushFileProcessing(java.lang.String, java.lang.String, java.lang.String, java.lang.String, java.lang.String, java.lang.String, java.lang.String, java.lang.String, java.lang.String, java.lang.String)[pri:0, instance:MINTUI.Automation.FileProcessingScenariosTest@460ebd80]" started-at="2021-06-10T15:48:24Z" name="PushFileProcessing" data-provider="getdataFileProcessing" finished-at="2021-06-10T15:48:24Z" duration-ms="415" status="PASS">
          <params>
            <param index="0">
              <value>
                <![CDATA[TC_010_FileProcessing]]>
              </value>
            </param>
            <param index="1">
              <value>
                <![CDATA[SPOT]]>
              </value>
            </param>
            <param index="2">
              <value>
                <![CDATA[BSS]]>
              </value>
            </param>
            <param index="3">
              <value>
                <![CDATA[98]]>
              </value>
            </param>
            <param index="4">
              <value>
                <![CDATA[Positive]]>
              </value>
            </param>
            <param index="5">
              <value>
                <![CDATA[SS_040521_122759.SKYsgl.PROV.50145310.20210505SkyFootIre]]>
              </value>
            </param>
            <param index="6">
              <value>
                <![CDATA[]]>
              </value>
            </param>
            <param index="7">
              <value>
                <![CDATA[]]>
              </value>
            </param>
            <param index="8">
              <value>
                <![CDATA[]]>
              </value>
            </param>
            <param index="9">
              <value>
                <![CDATA[]]>
              </value>
            </param>
          </params>
          <reporter-output>
          </reporter-output>
        </test-method> <!-- PushFileProcessing -->
        <test-method signature="PushFileProcessing(java.lang.String, java.lang.String, java.lang.String, java.lang.String, java.lang.String, java.lang.String, java.lang.String, java.lang.String, java.lang.String, java.lang.String)[pri:0, instance:MINTUI.Automation.FileProcessingScenariosTest@460ebd80]" started-at="2021-06-10T15:48:24Z" name="PushFileProcessing" data-provider="getdataFileProcessing" finished-at="2021-06-10T15:48:25Z" duration-ms="384" status="PASS">
          <params>
            <param index="0">
              <value>
                <![CDATA[TC_011_FileProcessing]]>
              </value>
            </param>
            <param index="1">
              <value>
                <![CDATA[SPOT]]>
              </value>
            </param>
            <param index="2">
              <value>
                <![CDATA[MEMS]]>
              </value>
            </param>
            <param index="3">
              <value>
                <![CDATA[594]]>
              </value>
            </param>
            <param index="4">
              <value>
                <![CDATA[Positive]]>
              </value>
            </param>
            <param index="5">
              <value>
                <![CDATA[SS_040920_085601.MEM.PROV.35505830.txt]]>
              </value>
            </param>
            <param index="6">
              <value>
                <![CDATA[]]>
              </value>
            </param>
            <param index="7">
              <value>
                <![CDATA[]]>
              </value>
            </param>
            <param index="8">
              <value>
                <![CDATA[]]>
              </value>
            </param>
            <param index="9">
              <value>
                <![CDATA[]]>
              </value>
            </param>
          </params>
          <reporter-output>
          </reporter-output>
        </test-method> <!-- PushFileProcessing -->
        <test-method signature="PushFileProcessing(java.lang.String, java.lang.String, java.lang.String, java.lang.String, java.lang.String, java.lang.String, java.lang.String, java.lang.String, java.lang.String, java.lang.String)[pri:0, instance:MINTUI.Automation.FileProcessingScenariosTest@460ebd80]" started-at="2021-06-10T15:48:25Z" name="PushFileProcessing" data-provider="getdataFileProcessing" finished-at="2021-06-10T15:48:25Z" duration-ms="374" status="PASS">
          <params>
            <param index="0">
              <value>
                <![CDATA[TC_012_FileProcessing]]>
              </value>
            </param>
            <param index="1">
              <value>
                <![CDATA[SPOT]]>
              </value>
            </param>
            <param index="2">
              <value>
                <![CDATA[SONY]]>
              </value>
            </param>
            <param index="3">
              <value>
                <![CDATA[770]]>
              </value>
            </param>
            <param index="4">
              <value>
                <![CDATA[Positive]]>
              </value>
            </param>
            <param index="5">
              <value>
                <![CDATA[SS_220720_160547.SON.FINAL.33075960]]>
              </value>
            </param>
            <param index="6">
              <value>
                <![CDATA[]]>
              </value>
            </param>
            <param index="7">
              <value>
                <![CDATA[]]>
              </value>
            </param>
            <param index="8">
              <value>
                <![CDATA[]]>
              </value>
            </param>
            <param index="9">
              <value>
                <![CDATA[]]>
              </value>
            </param>
          </params>
          <reporter-output>
          </reporter-output>
        </test-method> <!-- PushFileProcessing -->
        <test-method signature="PushFileProcessing(java.lang.String, java.lang.String, java.lang.String, java.lang.String, java.lang.String, java.lang.String, java.lang.String, java.lang.String, java.lang.String, java.lang.String)[pri:0, instance:MINTUI.Automation.FileProcessingScenariosTest@460ebd80]" started-at="2021-06-10T15:48:25Z" name="PushFileProcessing" data-provider="getdataFileProcessing" finished-at="2021-06-10T15:48:25Z" duration-ms="384" status="PASS">
          <params>
            <param index="0">
              <value>
                <![CDATA[TC_013_FileProcessing]]>
              </value>
            </param>
            <param index="1">
              <value>
                <![CDATA[SPOT]]>
              </value>
            </param>
            <param index="2">
              <value>
                <![CDATA[UKTV]]>
              </value>
            </param>
            <param index="3">
              <value>
                <![CDATA[168]]>
              </value>
            </param>
            <param index="4">
              <value>
                <![CDATA[Positive]]>
              </value>
            </param>
            <param index="5">
              <value>
                <![CDATA[SS_040521_095735.NBC.PROV.50126250]]>
              </value>
            </param>
            <param index="6">
              <value>
                <![CDATA[]]>
              </value>
            </param>
            <param index="7">
              <value>
                <![CDATA[]]>
              </value>
            </param>
            <param index="8">
              <value>
                <![CDATA[]]>
              </value>
            </param>
            <param index="9">
              <value>
                <![CDATA[]]>
              </value>
            </param>
          </params>
          <reporter-output>
          </reporter-output>
        </test-method> <!-- PushFileProcessing -->
        <test-method signature="PushFileProcessing(java.lang.String, java.lang.String, java.lang.String, java.lang.String, java.lang.String, java.lang.String, java.lang.String, java.lang.String, java.lang.String, java.lang.String)[pri:0, instance:MINTUI.Automation.FileProcessingScenariosTest@460ebd80]" started-at="2021-06-10T15:48:25Z" name="PushFileProcessing" data-provider="getdataFileProcessing" finished-at="2021-06-10T14:54:26Z" duration-ms="-3239575" status="PASS">
          <params>
            <param index="0">
              <value>
                <![CDATA[TC_014_FileProcessing]]>
              </value>
            </param>
            <param index="1">
              <value>
                <![CDATA[SPOT]]>
              </value>
            </param>
            <param index="2">
              <value>
                <![CDATA[S4C]]>
              </value>
            </param>
            <param index="3">
              <value>
                <![CDATA[639]]>
              </value>
            </param>
            <param index="4">
              <value>
                <![CDATA[Positive]]>
              </value>
            </param>
            <param index="5">
              <value>
                <![CDATA[SS_300421_150225.S4C.FINAL.50045480]]>
              </value>
            </param>
            <param index="6">
              <value>
                <![CDATA[]]>
              </value>
            </param>
            <param index="7">
              <value>
                <![CDATA[]]>
              </value>
            </param>
            <param index="8">
              <value>
                <![CDATA[]]>
              </value>
            </param>
            <param index="9">
              <value>
                <![CDATA[]]>
              </value>
            </param>
          </params>
          <reporter-output>
          </reporter-output>
        </test-method> <!-- PushFileProcessing -->
      </class> <!-- MINTUI.Automation.FileProcessingScenariosTest -->
    </test> <!-- Test -->
  </suite> <!-- Suite -->
</testng-results>
