<?xml version="1.0" encoding="UTF-8"?>
<testng-results skipped="0" failed="5" ignored="0" total="37" passed="32">
  <reporter-output>
  </reporter-output>
  <suite name="Suite" duration-ms="329052" started-at="2021-06-01T16:15:00 BST" finished-at="2021-06-01T16:20:29 BST">
    <groups>
    </groups>
    <test name="Test" duration-ms="329052" started-at="2021-06-01T16:15:00 BST" finished-at="2021-06-01T16:20:29 BST">
      <class name="MINTUI.Automation.FileProcessingScenariosTest">
        <test-method status="PASS" signature="Extent_Report()[pri:0, instance:MINTUI.Automation.FileProcessingScenariosTest@533bda92]" name="Extent_Report" is-config="true" duration-ms="557" started-at="2021-06-01T16:15:00 BST" finished-at="2021-06-01T16:15:01 BST">
          <reporter-output>
          </reporter-output>
        </test-method> <!-- Extent_Report -->
        <test-method status="PASS" signature="PushFileProcessing(java.lang.String, java.lang.String, java.lang.String, java.lang.String, java.lang.String, java.lang.String, java.lang.String, java.lang.String, java.lang.String, java.lang.String)[pri:0, instance:MINTUI.Automation.FileProcessingScenariosTest@533bda92]" name="PushFileProcessing" duration-ms="626" started-at="2021-06-01T16:15:02 BST" data-provider="getdataFileProcessing" finished-at="2021-06-01T16:15:03 BST">
          <params>
            <param index="0">
              <value>
                <![CDATA[TC_001_FileProcessing]]>
              </value>
            </param>
            <param index="1">
              <value>
                <![CDATA[BREAK]]>
              </value>
            </param>
            <param index="2">
              <value>
                <![CDATA[UKTV]]>
              </value>
            </param>
            <param index="3">
              <value>
                <![CDATA[758]]>
              </value>
            </param>
            <param index="4">
              <value>
                <![CDATA[Positive]]>
              </value>
            </param>
            <param index="5">
              <value>
                <![CDATA[UKTBSCH.34076]]>
              </value>
            </param>
            <param index="6">
              <value>
                <![CDATA[]]>
              </value>
            </param>
            <param index="7">
              <value>
                <![CDATA[]]>
              </value>
            </param>
            <param index="8">
              <value>
                <![CDATA[]]>
              </value>
            </param>
            <param index="9">
              <value>
                <![CDATA[]]>
              </value>
            </param>
          </params>
          <reporter-output>
          </reporter-output>
        </test-method> <!-- PushFileProcessing -->
        <test-method status="PASS" signature="PushFileProcessing(java.lang.String, java.lang.String, java.lang.String, java.lang.String, java.lang.String, java.lang.String, java.lang.String, java.lang.String, java.lang.String, java.lang.String)[pri:0, instance:MINTUI.Automation.FileProcessingScenariosTest@533bda92]" name="PushFileProcessing" duration-ms="312" started-at="2021-06-01T16:15:03 BST" data-provider="getdataFileProcessing" finished-at="2021-06-01T16:15:03 BST">
          <params>
            <param index="0">
              <value>
                <![CDATA[TC_002_FileProcessing]]>
              </value>
            </param>
            <param index="1">
              <value>
                <![CDATA[BREAK]]>
              </value>
            </param>
            <param index="2">
              <value>
                <![CDATA[BSS]]>
              </value>
            </param>
            <param index="3">
              <value>
                <![CDATA[953]]>
              </value>
            </param>
            <param index="4">
              <value>
                <![CDATA[Positive]]>
              </value>
            </param>
            <param index="5">
              <value>
                <![CDATA[CCENBSCH.506]]>
              </value>
            </param>
            <param index="6">
              <value>
                <![CDATA[]]>
              </value>
            </param>
            <param index="7">
              <value>
                <![CDATA[]]>
              </value>
            </param>
            <param index="8">
              <value>
                <![CDATA[]]>
              </value>
            </param>
            <param index="9">
              <value>
                <![CDATA[]]>
              </value>
            </param>
          </params>
          <reporter-output>
          </reporter-output>
        </test-method> <!-- PushFileProcessing -->
        <test-method status="PASS" signature="PushFileProcessing(java.lang.String, java.lang.String, java.lang.String, java.lang.String, java.lang.String, java.lang.String, java.lang.String, java.lang.String, java.lang.String, java.lang.String)[pri:0, instance:MINTUI.Automation.FileProcessingScenariosTest@533bda92]" name="PushFileProcessing" duration-ms="330" started-at="2021-06-01T16:15:03 BST" data-provider="getdataFileProcessing" finished-at="2021-06-01T16:15:03 BST">
          <params>
            <param index="0">
              <value>
                <![CDATA[TC_003_FileProcessing]]>
              </value>
            </param>
            <param index="1">
              <value>
                <![CDATA[BREAK]]>
              </value>
            </param>
            <param index="2">
              <value>
                <![CDATA[LFTS]]>
              </value>
            </param>
            <param index="3">
              <value>
                <![CDATA[1131]]>
              </value>
            </param>
            <param index="4">
              <value>
                <![CDATA[Positive]]>
              </value>
            </param>
            <param index="5">
              <value>
                <![CDATA[LFTS_BreakSchedule_OCT2020_TS23.txt]]>
              </value>
            </param>
            <param index="6">
              <value>
                <![CDATA[]]>
              </value>
            </param>
            <param index="7">
              <value>
                <![CDATA[]]>
              </value>
            </param>
            <param index="8">
              <value>
                <![CDATA[]]>
              </value>
            </param>
            <param index="9">
              <value>
                <![CDATA[]]>
              </value>
            </param>
          </params>
          <reporter-output>
          </reporter-output>
        </test-method> <!-- PushFileProcessing -->
        <test-method status="PASS" signature="PushFileProcessing(java.lang.String, java.lang.String, java.lang.String, java.lang.String, java.lang.String, java.lang.String, java.lang.String, java.lang.String, java.lang.String, java.lang.String)[pri:0, instance:MINTUI.Automation.FileProcessingScenariosTest@533bda92]" name="PushFileProcessing" duration-ms="299" started-at="2021-06-01T16:15:03 BST" data-provider="getdataFileProcessing" finished-at="2021-06-01T16:15:04 BST">
          <params>
            <param index="0">
              <value>
                <![CDATA[TC_004_FileProcessing]]>
              </value>
            </param>
            <param index="1">
              <value>
                <![CDATA[BREAK]]>
              </value>
            </param>
            <param index="2">
              <value>
                <![CDATA[SONY]]>
              </value>
            </param>
            <param index="3">
              <value>
                <![CDATA[752]]>
              </value>
            </param>
            <param index="4">
              <value>
                <![CDATA[Positive]]>
              </value>
            </param>
            <param index="5">
              <value>
                <![CDATA[MOUK202105060539.BRK]]>
              </value>
            </param>
            <param index="6">
              <value>
                <![CDATA[]]>
              </value>
            </param>
            <param index="7">
              <value>
                <![CDATA[]]>
              </value>
            </param>
            <param index="8">
              <value>
                <![CDATA[]]>
              </value>
            </param>
            <param index="9">
              <value>
                <![CDATA[]]>
              </value>
            </param>
          </params>
          <reporter-output>
          </reporter-output>
        </test-method> <!-- PushFileProcessing -->
        <test-method status="PASS" signature="PushFileProcessing(java.lang.String, java.lang.String, java.lang.String, java.lang.String, java.lang.String, java.lang.String, java.lang.String, java.lang.String, java.lang.String, java.lang.String)[pri:0, instance:MINTUI.Automation.FileProcessingScenariosTest@533bda92]" name="PushFileProcessing" duration-ms="353" started-at="2021-06-01T16:15:04 BST" data-provider="getdataFileProcessing" finished-at="2021-06-01T16:15:04 BST">
          <params>
            <param index="0">
              <value>
                <![CDATA[TC_005_FileProcessing]]>
              </value>
            </param>
            <param index="1">
              <value>
                <![CDATA[PROGRAM]]>
              </value>
            </param>
            <param index="2">
              <value>
                <![CDATA[V6]]>
              </value>
            </param>
            <param index="3">
              <value>
                <![CDATA[1001]]>
              </value>
            </param>
            <param index="4">
              <value>
                <![CDATA[Positive]]>
              </value>
            </param>
            <param index="5">
              <value>
                <![CDATA[NJR2PSCH.13680]]>
              </value>
            </param>
            <param index="6">
              <value>
                <![CDATA[]]>
              </value>
            </param>
            <param index="7">
              <value>
                <![CDATA[]]>
              </value>
            </param>
            <param index="8">
              <value>
                <![CDATA[]]>
              </value>
            </param>
            <param index="9">
              <value>
                <![CDATA[]]>
              </value>
            </param>
          </params>
          <reporter-output>
          </reporter-output>
        </test-method> <!-- PushFileProcessing -->
        <test-method status="PASS" signature="PushFileProcessing(java.lang.String, java.lang.String, java.lang.String, java.lang.String, java.lang.String, java.lang.String, java.lang.String, java.lang.String, java.lang.String, java.lang.String)[pri:0, instance:MINTUI.Automation.FileProcessingScenariosTest@533bda92]" name="PushFileProcessing" duration-ms="320" started-at="2021-06-01T16:15:04 BST" data-provider="getdataFileProcessing" finished-at="2021-06-01T16:15:04 BST">
          <params>
            <param index="0">
              <value>
                <![CDATA[TC_006_FileProcessing]]>
              </value>
            </param>
            <param index="1">
              <value>
                <![CDATA[PROGRAM]]>
              </value>
            </param>
            <param index="2">
              <value>
                <![CDATA[V7]]>
              </value>
            </param>
            <param index="3">
              <value>
                <![CDATA[771]]>
              </value>
            </param>
            <param index="4">
              <value>
                <![CDATA[Positive]]>
              </value>
            </param>
            <param index="5">
              <value>
                <![CDATA[skypsch.083]]>
              </value>
            </param>
            <param index="6">
              <value>
                <![CDATA[]]>
              </value>
            </param>
            <param index="7">
              <value>
                <![CDATA[]]>
              </value>
            </param>
            <param index="8">
              <value>
                <![CDATA[]]>
              </value>
            </param>
            <param index="9">
              <value>
                <![CDATA[]]>
              </value>
            </param>
          </params>
          <reporter-output>
          </reporter-output>
        </test-method> <!-- PushFileProcessing -->
        <test-method status="PASS" signature="PushFileProcessing(java.lang.String, java.lang.String, java.lang.String, java.lang.String, java.lang.String, java.lang.String, java.lang.String, java.lang.String, java.lang.String, java.lang.String)[pri:0, instance:MINTUI.Automation.FileProcessingScenariosTest@533bda92]" name="PushFileProcessing" duration-ms="332" started-at="2021-06-01T16:15:04 BST" data-provider="getdataFileProcessing" finished-at="2021-06-01T16:15:05 BST">
          <params>
            <param index="0">
              <value>
                <![CDATA[TC_007_FileProcessing]]>
              </value>
            </param>
            <param index="1">
              <value>
                <![CDATA[PROGRAM]]>
              </value>
            </param>
            <param index="2">
              <value>
                <![CDATA[SONY]]>
              </value>
            </param>
            <param index="3">
              <value>
                <![CDATA[1076]]>
              </value>
            </param>
            <param index="4">
              <value>
                <![CDATA[Positive]]>
              </value>
            </param>
            <param index="5">
              <value>
                <![CDATA[POPP202105040204PLAN.PROG]]>
              </value>
            </param>
            <param index="6">
              <value>
                <![CDATA[]]>
              </value>
            </param>
            <param index="7">
              <value>
                <![CDATA[]]>
              </value>
            </param>
            <param index="8">
              <value>
                <![CDATA[]]>
              </value>
            </param>
            <param index="9">
              <value>
                <![CDATA[]]>
              </value>
            </param>
          </params>
          <reporter-output>
          </reporter-output>
        </test-method> <!-- PushFileProcessing -->
        <test-method status="PASS" signature="PushFileProcessing(java.lang.String, java.lang.String, java.lang.String, java.lang.String, java.lang.String, java.lang.String, java.lang.String, java.lang.String, java.lang.String, java.lang.String)[pri:0, instance:MINTUI.Automation.FileProcessingScenariosTest@533bda92]" name="PushFileProcessing" duration-ms="430" started-at="2021-06-01T16:15:05 BST" data-provider="getdataFileProcessing" finished-at="2021-06-01T16:15:05 BST">
          <params>
            <param index="0">
              <value>
                <![CDATA[TC_008_FileProcessing]]>
              </value>
            </param>
            <param index="1">
              <value>
                <![CDATA[PROGRAM]]>
              </value>
            </param>
            <param index="2">
              <value>
                <![CDATA[UKTV]]>
              </value>
            </param>
            <param index="3">
              <value>
                <![CDATA[991]]>
              </value>
            </param>
            <param index="4">
              <value>
                <![CDATA[Positive]]>
              </value>
            </param>
            <param index="5">
              <value>
                <![CDATA[GI_PRG_05052021.dat]]>
              </value>
            </param>
            <param index="6">
              <value>
                <![CDATA[]]>
              </value>
            </param>
            <param index="7">
              <value>
                <![CDATA[]]>
              </value>
            </param>
            <param index="8">
              <value>
                <![CDATA[]]>
              </value>
            </param>
            <param index="9">
              <value>
                <![CDATA[]]>
              </value>
            </param>
          </params>
          <reporter-output>
          </reporter-output>
        </test-method> <!-- PushFileProcessing -->
        <test-method status="PASS" signature="PushFileProcessing(java.lang.String, java.lang.String, java.lang.String, java.lang.String, java.lang.String, java.lang.String, java.lang.String, java.lang.String, java.lang.String, java.lang.String)[pri:0, instance:MINTUI.Automation.FileProcessingScenariosTest@533bda92]" name="PushFileProcessing" duration-ms="375" started-at="2021-06-01T16:15:05 BST" data-provider="getdataFileProcessing" finished-at="2021-06-01T16:15:06 BST">
          <params>
            <param index="0">
              <value>
                <![CDATA[TC_009_FileProcessing]]>
              </value>
            </param>
            <param index="1">
              <value>
                <![CDATA[PROGRAM]]>
              </value>
            </param>
            <param index="2">
              <value>
                <![CDATA[S4C]]>
              </value>
            </param>
            <param index="3">
              <value>
                <![CDATA[980]]>
              </value>
            </param>
            <param index="4">
              <value>
                <![CDATA[Positive]]>
              </value>
            </param>
            <param index="5">
              <value>
                <![CDATA[PROG20210508-20210514.XML]]>
              </value>
            </param>
            <param index="6">
              <value>
                <![CDATA[]]>
              </value>
            </param>
            <param index="7">
              <value>
                <![CDATA[]]>
              </value>
            </param>
            <param index="8">
              <value>
                <![CDATA[]]>
              </value>
            </param>
            <param index="9">
              <value>
                <![CDATA[]]>
              </value>
            </param>
          </params>
          <reporter-output>
          </reporter-output>
        </test-method> <!-- PushFileProcessing -->
        <test-method status="PASS" signature="PushFileProcessing(java.lang.String, java.lang.String, java.lang.String, java.lang.String, java.lang.String, java.lang.String, java.lang.String, java.lang.String, java.lang.String, java.lang.String)[pri:0, instance:MINTUI.Automation.FileProcessingScenariosTest@533bda92]" name="PushFileProcessing" duration-ms="359" started-at="2021-06-01T16:15:06 BST" data-provider="getdataFileProcessing" finished-at="2021-06-01T16:15:06 BST">
          <params>
            <param index="0">
              <value>
                <![CDATA[TC_010_FileProcessing]]>
              </value>
            </param>
            <param index="1">
              <value>
                <![CDATA[SPOT]]>
              </value>
            </param>
            <param index="2">
              <value>
                <![CDATA[BSS]]>
              </value>
            </param>
            <param index="3">
              <value>
                <![CDATA[952]]>
              </value>
            </param>
            <param index="4">
              <value>
                <![CDATA[Positive]]>
              </value>
            </param>
            <param index="5">
              <value>
                <![CDATA[SS_040521_122759.SKYsgl.PROV.50145310.20210505SkyFootIre]]>
              </value>
            </param>
            <param index="6">
              <value>
                <![CDATA[]]>
              </value>
            </param>
            <param index="7">
              <value>
                <![CDATA[]]>
              </value>
            </param>
            <param index="8">
              <value>
                <![CDATA[]]>
              </value>
            </param>
            <param index="9">
              <value>
                <![CDATA[]]>
              </value>
            </param>
          </params>
          <reporter-output>
          </reporter-output>
        </test-method> <!-- PushFileProcessing -->
        <test-method status="PASS" signature="PushFileProcessing(java.lang.String, java.lang.String, java.lang.String, java.lang.String, java.lang.String, java.lang.String, java.lang.String, java.lang.String, java.lang.String, java.lang.String)[pri:0, instance:MINTUI.Automation.FileProcessingScenariosTest@533bda92]" name="PushFileProcessing" duration-ms="399" started-at="2021-06-01T16:15:06 BST" data-provider="getdataFileProcessing" finished-at="2021-06-01T16:15:06 BST">
          <params>
            <param index="0">
              <value>
                <![CDATA[TC_011_FileProcessing]]>
              </value>
            </param>
            <param index="1">
              <value>
                <![CDATA[SPOT]]>
              </value>
            </param>
            <param index="2">
              <value>
                <![CDATA[MEMS]]>
              </value>
            </param>
            <param index="3">
              <value>
                <![CDATA[988]]>
              </value>
            </param>
            <param index="4">
              <value>
                <![CDATA[Positive]]>
              </value>
            </param>
            <param index="5">
              <value>
                <![CDATA[SS_040920_085601.MEM.PROV.35505830.txt]]>
              </value>
            </param>
            <param index="6">
              <value>
                <![CDATA[]]>
              </value>
            </param>
            <param index="7">
              <value>
                <![CDATA[]]>
              </value>
            </param>
            <param index="8">
              <value>
                <![CDATA[]]>
              </value>
            </param>
            <param index="9">
              <value>
                <![CDATA[]]>
              </value>
            </param>
          </params>
          <reporter-output>
          </reporter-output>
        </test-method> <!-- PushFileProcessing -->
        <test-method status="PASS" signature="PushFileProcessing(java.lang.String, java.lang.String, java.lang.String, java.lang.String, java.lang.String, java.lang.String, java.lang.String, java.lang.String, java.lang.String, java.lang.String)[pri:0, instance:MINTUI.Automation.FileProcessingScenariosTest@533bda92]" name="PushFileProcessing" duration-ms="358" started-at="2021-06-01T16:15:06 BST" data-provider="getdataFileProcessing" finished-at="2021-06-01T16:15:07 BST">
          <params>
            <param index="0">
              <value>
                <![CDATA[TC_012_FileProcessing]]>
              </value>
            </param>
            <param index="1">
              <value>
                <![CDATA[SPOT]]>
              </value>
            </param>
            <param index="2">
              <value>
                <![CDATA[SONY]]>
              </value>
            </param>
            <param index="3">
              <value>
                <![CDATA[1151]]>
              </value>
            </param>
            <param index="4">
              <value>
                <![CDATA[Positive]]>
              </value>
            </param>
            <param index="5">
              <value>
                <![CDATA[SS_220720_160547.SON.FINAL.33075960]]>
              </value>
            </param>
            <param index="6">
              <value>
                <![CDATA[]]>
              </value>
            </param>
            <param index="7">
              <value>
                <![CDATA[]]>
              </value>
            </param>
            <param index="8">
              <value>
                <![CDATA[]]>
              </value>
            </param>
            <param index="9">
              <value>
                <![CDATA[]]>
              </value>
            </param>
          </params>
          <reporter-output>
          </reporter-output>
        </test-method> <!-- PushFileProcessing -->
        <test-method status="PASS" signature="PushFileProcessing(java.lang.String, java.lang.String, java.lang.String, java.lang.String, java.lang.String, java.lang.String, java.lang.String, java.lang.String, java.lang.String, java.lang.String)[pri:0, instance:MINTUI.Automation.FileProcessingScenariosTest@533bda92]" name="PushFileProcessing" duration-ms="376" started-at="2021-06-01T16:15:07 BST" data-provider="getdataFileProcessing" finished-at="2021-06-01T16:15:07 BST">
          <params>
            <param index="0">
              <value>
                <![CDATA[TC_013_FileProcessing]]>
              </value>
            </param>
            <param index="1">
              <value>
                <![CDATA[SPOT]]>
              </value>
            </param>
            <param index="2">
              <value>
                <![CDATA[UKTV]]>
              </value>
            </param>
            <param index="3">
              <value>
                <![CDATA[989]]>
              </value>
            </param>
            <param index="4">
              <value>
                <![CDATA[Positive]]>
              </value>
            </param>
            <param index="5">
              <value>
                <![CDATA[SS_040521_095735.NBC.PROV.50126250]]>
              </value>
            </param>
            <param index="6">
              <value>
                <![CDATA[]]>
              </value>
            </param>
            <param index="7">
              <value>
                <![CDATA[]]>
              </value>
            </param>
            <param index="8">
              <value>
                <![CDATA[]]>
              </value>
            </param>
            <param index="9">
              <value>
                <![CDATA[]]>
              </value>
            </param>
          </params>
          <reporter-output>
          </reporter-output>
        </test-method> <!-- PushFileProcessing -->
        <test-method status="PASS" signature="PushFileProcessing(java.lang.String, java.lang.String, java.lang.String, java.lang.String, java.lang.String, java.lang.String, java.lang.String, java.lang.String, java.lang.String, java.lang.String)[pri:0, instance:MINTUI.Automation.FileProcessingScenariosTest@533bda92]" name="PushFileProcessing" duration-ms="343" started-at="2021-06-01T16:15:07 BST" data-provider="getdataFileProcessing" finished-at="2021-06-01T16:15:07 BST">
          <params>
            <param index="0">
              <value>
                <![CDATA[TC_014_FileProcessing]]>
              </value>
            </param>
            <param index="1">
              <value>
                <![CDATA[SPOT]]>
              </value>
            </param>
            <param index="2">
              <value>
                <![CDATA[S4C]]>
              </value>
            </param>
            <param index="3">
              <value>
                <![CDATA[981]]>
              </value>
            </param>
            <param index="4">
              <value>
                <![CDATA[Positive]]>
              </value>
            </param>
            <param index="5">
              <value>
                <![CDATA[SS_300421_150225.S4C.FINAL.50045480]]>
              </value>
            </param>
            <param index="6">
              <value>
                <![CDATA[]]>
              </value>
            </param>
            <param index="7">
              <value>
                <![CDATA[]]>
              </value>
            </param>
            <param index="8">
              <value>
                <![CDATA[]]>
              </value>
            </param>
            <param index="9">
              <value>
                <![CDATA[]]>
              </value>
            </param>
          </params>
          <reporter-output>
          </reporter-output>
        </test-method> <!-- PushFileProcessing -->
        <test-method status="PASS" signature="PushFileProcessing(java.lang.String, java.lang.String, java.lang.String, java.lang.String, java.lang.String, java.lang.String, java.lang.String, java.lang.String, java.lang.String, java.lang.String)[pri:0, instance:MINTUI.Automation.FileProcessingScenariosTest@533bda92]" name="PushFileProcessing" duration-ms="367" started-at="2021-06-01T16:15:07 BST" data-provider="getdataFileProcessing" finished-at="2021-06-01T16:15:08 BST">
          <params>
            <param index="0">
              <value>
                <![CDATA[TC_015_FileProcessing]]>
              </value>
            </param>
            <param index="1">
              <value>
                <![CDATA[RECON]]>
              </value>
            </param>
            <param index="2">
              <value>
                <![CDATA[RECON]]>
              </value>
            </param>
            <param index="3">
              <value>
                <![CDATA[1135]]>
              </value>
            </param>
            <param index="4">
              <value>
                <![CDATA[Positive]]>
              </value>
            </param>
            <param index="5">
              <value>
                <![CDATA[0409720210218.DCL]]>
              </value>
            </param>
            <param index="6">
              <value>
                <![CDATA[]]>
              </value>
            </param>
            <param index="7">
              <value>
                <![CDATA[]]>
              </value>
            </param>
            <param index="8">
              <value>
                <![CDATA[]]>
              </value>
            </param>
            <param index="9">
              <value>
                <![CDATA[]]>
              </value>
            </param>
          </params>
          <reporter-output>
          </reporter-output>
        </test-method> <!-- PushFileProcessing -->
        <test-method status="PASS" signature="PushFileProcessing(java.lang.String, java.lang.String, java.lang.String, java.lang.String, java.lang.String, java.lang.String, java.lang.String, java.lang.String, java.lang.String, java.lang.String)[pri:0, instance:MINTUI.Automation.FileProcessingScenariosTest@533bda92]" name="PushFileProcessing" duration-ms="359" started-at="2021-06-01T16:15:08 BST" data-provider="getdataFileProcessing" finished-at="2021-06-01T16:15:08 BST">
          <params>
            <param index="0">
              <value>
                <![CDATA[TC_016_FileProcessing]]>
              </value>
            </param>
            <param index="1">
              <value>
                <![CDATA[RECON]]>
              </value>
            </param>
            <param index="2">
              <value>
                <![CDATA[RECON]]>
              </value>
            </param>
            <param index="3">
              <value>
                <![CDATA[1135]]>
              </value>
            </param>
            <param index="4">
              <value>
                <![CDATA[Negative]]>
              </value>
            </param>
            <param index="5">
              <value>
                <![CDATA[0409620200708_REJE005.DCL]]>
              </value>
            </param>
            <param index="6">
              <value>
                <![CDATA[REJE005]]>
              </value>
            </param>
            <param index="7">
              <value>
                <![CDATA[957]]>
              </value>
            </param>
            <param index="8">
              <value>
                <![CDATA[04096]]>
              </value>
            </param>
            <param index="9">
              <value>
                <![CDATA[Additional details : Interface Name: <InterfaceName>, Channel Description: <Channel Description>(<ChannelCode>); Transmission Date: '2020-07-08'; The File Trailer count(957)  and the actual number of records(965) do not match.]]>
              </value>
            </param>
          </params>
          <reporter-output>
          </reporter-output>
        </test-method> <!-- PushFileProcessing -->
        <test-method status="PASS" signature="PushFileProcessing(java.lang.String, java.lang.String, java.lang.String, java.lang.String, java.lang.String, java.lang.String, java.lang.String, java.lang.String, java.lang.String, java.lang.String)[pri:0, instance:MINTUI.Automation.FileProcessingScenariosTest@533bda92]" name="PushFileProcessing" duration-ms="347" started-at="2021-06-01T16:15:08 BST" data-provider="getdataFileProcessing" finished-at="2021-06-01T16:15:09 BST">
          <params>
            <param index="0">
              <value>
                <![CDATA[TC_017_FileProcessing]]>
              </value>
            </param>
            <param index="1">
              <value>
                <![CDATA[LMKIItoSAP]]>
              </value>
            </param>
            <param index="2">
              <value>
                <![CDATA[LMKIItoSAP]]>
              </value>
            </param>
            <param index="3">
              <value>
                <![CDATA[1027]]>
              </value>
            </param>
            <param index="4">
              <value>
                <![CDATA[Positive]]>
              </value>
            </param>
            <param index="5">
              <value>
                <![CDATA[IN_140520_210240_1]]>
              </value>
            </param>
            <param index="6">
              <value>
                <![CDATA[]]>
              </value>
            </param>
            <param index="7">
              <value>
                <![CDATA[]]>
              </value>
            </param>
            <param index="8">
              <value>
                <![CDATA[]]>
              </value>
            </param>
            <param index="9">
              <value>
                <![CDATA[]]>
              </value>
            </param>
          </params>
          <reporter-output>
          </reporter-output>
        </test-method> <!-- PushFileProcessing -->
        <test-method status="PASS" signature="PushFileProcessing(java.lang.String, java.lang.String, java.lang.String, java.lang.String, java.lang.String, java.lang.String, java.lang.String, java.lang.String, java.lang.String, java.lang.String)[pri:0, instance:MINTUI.Automation.FileProcessingScenariosTest@533bda92]" name="PushFileProcessing" duration-ms="372" started-at="2021-06-01T16:15:09 BST" data-provider="getdataFileProcessing" finished-at="2021-06-01T16:15:09 BST">
          <params>
            <param index="0">
              <value>
                <![CDATA[TC_018_FileProcessing]]>
              </value>
            </param>
            <param index="1">
              <value>
                <![CDATA[ATTRIBUTION]]>
              </value>
            </param>
            <param index="2">
              <value>
                <![CDATA[ATTRIBUTION]]>
              </value>
            </param>
            <param index="3">
              <value>
                <![CDATA[1046]]>
              </value>
            </param>
            <param index="4">
              <value>
                <![CDATA[Positive]]>
              </value>
            </param>
            <param index="5">
              <value>
                <![CDATA[INDAY1.sky]]>
              </value>
            </param>
            <param index="6">
              <value>
                <![CDATA[]]>
              </value>
            </param>
            <param index="7">
              <value>
                <![CDATA[]]>
              </value>
            </param>
            <param index="8">
              <value>
                <![CDATA[]]>
              </value>
            </param>
            <param index="9">
              <value>
                <![CDATA[]]>
              </value>
            </param>
          </params>
          <reporter-output>
          </reporter-output>
        </test-method> <!-- PushFileProcessing -->
        <test-method status="PASS" signature="waitTime()[pri:0, instance:MINTUI.Automation.FileProcessingScenariosTest@533bda92]" name="waitTime" duration-ms="300006" started-at="2021-06-01T16:15:09 BST" finished-at="2021-06-01T16:20:09 BST">
          <reporter-output>
          </reporter-output>
        </test-method> <!-- waitTime -->
        <test-method status="PASS" signature="FileProcessing(java.lang.String, java.lang.String, java.lang.String, java.lang.String, java.lang.String, java.lang.String, java.lang.String, java.lang.String, java.lang.String, java.lang.String)[pri:0, instance:MINTUI.Automation.FileProcessingScenariosTest@533bda92]" name="FileProcessing" duration-ms="572" started-at="2021-06-01T16:20:09 BST" data-provider="getdataFileProcessing" finished-at="2021-06-01T16:20:10 BST">
          <params>
            <param index="0">
              <value>
                <![CDATA[TC_001_FileProcessing]]>
              </value>
            </param>
            <param index="1">
              <value>
                <![CDATA[BREAK]]>
              </value>
            </param>
            <param index="2">
              <value>
                <![CDATA[UKTV]]>
              </value>
            </param>
            <param index="3">
              <value>
                <![CDATA[758]]>
              </value>
            </param>
            <param index="4">
              <value>
                <![CDATA[Positive]]>
              </value>
            </param>
            <param index="5">
              <value>
                <![CDATA[UKTBSCH.34076]]>
              </value>
            </param>
            <param index="6">
              <value>
                <![CDATA[]]>
              </value>
            </param>
            <param index="7">
              <value>
                <![CDATA[]]>
              </value>
            </param>
            <param index="8">
              <value>
                <![CDATA[]]>
              </value>
            </param>
            <param index="9">
              <value>
                <![CDATA[]]>
              </value>
            </param>
          </params>
          <reporter-output>
          </reporter-output>
        </test-method> <!-- FileProcessing -->
        <test-method status="PASS" signature="FileProcessing(java.lang.String, java.lang.String, java.lang.String, java.lang.String, java.lang.String, java.lang.String, java.lang.String, java.lang.String, java.lang.String, java.lang.String)[pri:0, instance:MINTUI.Automation.FileProcessingScenariosTest@533bda92]" name="FileProcessing" duration-ms="439" started-at="2021-06-01T16:20:10 BST" data-provider="getdataFileProcessing" finished-at="2021-06-01T16:20:10 BST">
          <params>
            <param index="0">
              <value>
                <![CDATA[TC_002_FileProcessing]]>
              </value>
            </param>
            <param index="1">
              <value>
                <![CDATA[BREAK]]>
              </value>
            </param>
            <param index="2">
              <value>
                <![CDATA[BSS]]>
              </value>
            </param>
            <param index="3">
              <value>
                <![CDATA[953]]>
              </value>
            </param>
            <param index="4">
              <value>
                <![CDATA[Positive]]>
              </value>
            </param>
            <param index="5">
              <value>
                <![CDATA[CCENBSCH.506]]>
              </value>
            </param>
            <param index="6">
              <value>
                <![CDATA[]]>
              </value>
            </param>
            <param index="7">
              <value>
                <![CDATA[]]>
              </value>
            </param>
            <param index="8">
              <value>
                <![CDATA[]]>
              </value>
            </param>
            <param index="9">
              <value>
                <![CDATA[]]>
              </value>
            </param>
          </params>
          <reporter-output>
          </reporter-output>
        </test-method> <!-- FileProcessing -->
        <test-method status="PASS" signature="FileProcessing(java.lang.String, java.lang.String, java.lang.String, java.lang.String, java.lang.String, java.lang.String, java.lang.String, java.lang.String, java.lang.String, java.lang.String)[pri:0, instance:MINTUI.Automation.FileProcessingScenariosTest@533bda92]" name="FileProcessing" duration-ms="431" started-at="2021-06-01T16:20:10 BST" data-provider="getdataFileProcessing" finished-at="2021-06-01T16:20:11 BST">
          <params>
            <param index="0">
              <value>
                <![CDATA[TC_003_FileProcessing]]>
              </value>
            </param>
            <param index="1">
              <value>
                <![CDATA[BREAK]]>
              </value>
            </param>
            <param index="2">
              <value>
                <![CDATA[LFTS]]>
              </value>
            </param>
            <param index="3">
              <value>
                <![CDATA[1131]]>
              </value>
            </param>
            <param index="4">
              <value>
                <![CDATA[Positive]]>
              </value>
            </param>
            <param index="5">
              <value>
                <![CDATA[LFTS_BreakSchedule_OCT2020_TS23.txt]]>
              </value>
            </param>
            <param index="6">
              <value>
                <![CDATA[]]>
              </value>
            </param>
            <param index="7">
              <value>
                <![CDATA[]]>
              </value>
            </param>
            <param index="8">
              <value>
                <![CDATA[]]>
              </value>
            </param>
            <param index="9">
              <value>
                <![CDATA[]]>
              </value>
            </param>
          </params>
          <reporter-output>
          </reporter-output>
        </test-method> <!-- FileProcessing -->
        <test-method status="PASS" signature="FileProcessing(java.lang.String, java.lang.String, java.lang.String, java.lang.String, java.lang.String, java.lang.String, java.lang.String, java.lang.String, java.lang.String, java.lang.String)[pri:0, instance:MINTUI.Automation.FileProcessingScenariosTest@533bda92]" name="FileProcessing" duration-ms="436" started-at="2021-06-01T16:20:11 BST" data-provider="getdataFileProcessing" finished-at="2021-06-01T16:20:11 BST">
          <params>
            <param index="0">
              <value>
                <![CDATA[TC_004_FileProcessing]]>
              </value>
            </param>
            <param index="1">
              <value>
                <![CDATA[BREAK]]>
              </value>
            </param>
            <param index="2">
              <value>
                <![CDATA[SONY]]>
              </value>
            </param>
            <param index="3">
              <value>
                <![CDATA[752]]>
              </value>
            </param>
            <param index="4">
              <value>
                <![CDATA[Positive]]>
              </value>
            </param>
            <param index="5">
              <value>
                <![CDATA[MOUK202105060539.BRK]]>
              </value>
            </param>
            <param index="6">
              <value>
                <![CDATA[]]>
              </value>
            </param>
            <param index="7">
              <value>
                <![CDATA[]]>
              </value>
            </param>
            <param index="8">
              <value>
                <![CDATA[]]>
              </value>
            </param>
            <param index="9">
              <value>
                <![CDATA[]]>
              </value>
            </param>
          </params>
          <reporter-output>
          </reporter-output>
        </test-method> <!-- FileProcessing -->
        <test-method status="PASS" signature="FileProcessing(java.lang.String, java.lang.String, java.lang.String, java.lang.String, java.lang.String, java.lang.String, java.lang.String, java.lang.String, java.lang.String, java.lang.String)[pri:0, instance:MINTUI.Automation.FileProcessingScenariosTest@533bda92]" name="FileProcessing" duration-ms="506" started-at="2021-06-01T16:20:11 BST" data-provider="getdataFileProcessing" finished-at="2021-06-01T16:20:12 BST">
          <params>
            <param index="0">
              <value>
                <![CDATA[TC_005_FileProcessing]]>
              </value>
            </param>
            <param index="1">
              <value>
                <![CDATA[PROGRAM]]>
              </value>
            </param>
            <param index="2">
              <value>
                <![CDATA[V6]]>
              </value>
            </param>
            <param index="3">
              <value>
                <![CDATA[1001]]>
              </value>
            </param>
            <param index="4">
              <value>
                <![CDATA[Positive]]>
              </value>
            </param>
            <param index="5">
              <value>
                <![CDATA[NJR2PSCH.13680]]>
              </value>
            </param>
            <param index="6">
              <value>
                <![CDATA[]]>
              </value>
            </param>
            <param index="7">
              <value>
                <![CDATA[]]>
              </value>
            </param>
            <param index="8">
              <value>
                <![CDATA[]]>
              </value>
            </param>
            <param index="9">
              <value>
                <![CDATA[]]>
              </value>
            </param>
          </params>
          <reporter-output>
          </reporter-output>
        </test-method> <!-- FileProcessing -->
        <test-method status="PASS" signature="FileProcessing(java.lang.String, java.lang.String, java.lang.String, java.lang.String, java.lang.String, java.lang.String, java.lang.String, java.lang.String, java.lang.String, java.lang.String)[pri:0, instance:MINTUI.Automation.FileProcessingScenariosTest@533bda92]" name="FileProcessing" duration-ms="444" started-at="2021-06-01T16:20:12 BST" data-provider="getdataFileProcessing" finished-at="2021-06-01T16:20:12 BST">
          <params>
            <param index="0">
              <value>
                <![CDATA[TC_006_FileProcessing]]>
              </value>
            </param>
            <param index="1">
              <value>
                <![CDATA[PROGRAM]]>
              </value>
            </param>
            <param index="2">
              <value>
                <![CDATA[V7]]>
              </value>
            </param>
            <param index="3">
              <value>
                <![CDATA[771]]>
              </value>
            </param>
            <param index="4">
              <value>
                <![CDATA[Positive]]>
              </value>
            </param>
            <param index="5">
              <value>
                <![CDATA[skypsch.083]]>
              </value>
            </param>
            <param index="6">
              <value>
                <![CDATA[]]>
              </value>
            </param>
            <param index="7">
              <value>
                <![CDATA[]]>
              </value>
            </param>
            <param index="8">
              <value>
                <![CDATA[]]>
              </value>
            </param>
            <param index="9">
              <value>
                <![CDATA[]]>
              </value>
            </param>
          </params>
          <reporter-output>
          </reporter-output>
        </test-method> <!-- FileProcessing -->
        <test-method status="FAIL" signature="FileProcessing(java.lang.String, java.lang.String, java.lang.String, java.lang.String, java.lang.String, java.lang.String, java.lang.String, java.lang.String, java.lang.String, java.lang.String)[pri:0, instance:MINTUI.Automation.FileProcessingScenariosTest@533bda92]" name="FileProcessing" duration-ms="101" started-at="2021-06-01T16:20:12 BST" data-provider="getdataFileProcessing" finished-at="2021-06-01T16:20:12 BST">
          <params>
            <param index="0">
              <value>
                <![CDATA[TC_007_FileProcessing]]>
              </value>
            </param>
            <param index="1">
              <value>
                <![CDATA[PROGRAM]]>
              </value>
            </param>
            <param index="2">
              <value>
                <![CDATA[SONY]]>
              </value>
            </param>
            <param index="3">
              <value>
                <![CDATA[1076]]>
              </value>
            </param>
            <param index="4">
              <value>
                <![CDATA[Positive]]>
              </value>
            </param>
            <param index="5">
              <value>
                <![CDATA[POPP202105040204PLAN.PROG]]>
              </value>
            </param>
            <param index="6">
              <value>
                <![CDATA[]]>
              </value>
            </param>
            <param index="7">
              <value>
                <![CDATA[]]>
              </value>
            </param>
            <param index="8">
              <value>
                <![CDATA[]]>
              </value>
            </param>
            <param index="9">
              <value>
                <![CDATA[]]>
              </value>
            </param>
          </params>
          <exception class="java.lang.AssertionError">
            <message>
              <![CDATA[expected [COMPLETED] but found [REJECTED]]]>
            </message>
            <full-stacktrace>
              <![CDATA[java.lang.AssertionError: expected [COMPLETED] but found [REJECTED]
at org.testng.Assert.fail(Assert.java:99)
at org.testng.Assert.failNotEquals(Assert.java:1037)
at org.testng.Assert.assertEqualsImpl(Assert.java:140)
at org.testng.Assert.assertEquals(Assert.java:122)
at org.testng.Assert.assertEquals(Assert.java:629)
at org.testng.Assert.assertEquals(Assert.java:639)
at MINTUI.Automation.FileProcessingScenariosTest.FileProcessing(FileProcessingScenariosTest.java:230)
at sun.reflect.NativeMethodAccessorImpl.invoke0(Native Method)
at sun.reflect.NativeMethodAccessorImpl.invoke(NativeMethodAccessorImpl.java:62)
at sun.reflect.DelegatingMethodAccessorImpl.invoke(DelegatingMethodAccessorImpl.java:43)
at java.lang.reflect.Method.invoke(Method.java:498)
at org.testng.internal.MethodInvocationHelper.invokeMethod(MethodInvocationHelper.java:132)
at org.testng.internal.TestInvoker.invokeMethod(TestInvoker.java:599)
at org.testng.internal.TestInvoker.invokeTestMethod(TestInvoker.java:174)
at org.testng.internal.MethodRunner.runInSequence(MethodRunner.java:46)
at org.testng.internal.TestInvoker$MethodInvocationAgent.invoke(TestInvoker.java:822)
at org.testng.internal.TestInvoker.invokeTestMethods(TestInvoker.java:147)
at org.testng.internal.TestMethodWorker.invokeTestMethods(TestMethodWorker.java:146)
at org.testng.internal.TestMethodWorker.run(TestMethodWorker.java:128)
at java.util.ArrayList.forEach(ArrayList.java:1257)
at org.testng.TestRunner.privateRun(TestRunner.java:764)
at org.testng.TestRunner.run(TestRunner.java:585)
at org.testng.SuiteRunner.runTest(SuiteRunner.java:384)
at org.testng.SuiteRunner.runSequentially(SuiteRunner.java:378)
at org.testng.SuiteRunner.privateRun(SuiteRunner.java:337)
at org.testng.SuiteRunner.run(SuiteRunner.java:286)
at org.testng.SuiteRunnerWorker.runSuite(SuiteRunnerWorker.java:53)
at org.testng.SuiteRunnerWorker.run(SuiteRunnerWorker.java:96)
at org.testng.TestNG.runSuitesSequentially(TestNG.java:1218)
at org.testng.TestNG.runSuitesLocally(TestNG.java:1140)
at org.testng.TestNG.runSuites(TestNG.java:1069)
at org.testng.TestNG.run(TestNG.java:1037)
at org.apache.maven.surefire.testng.TestNGExecutor.run(TestNGExecutor.java:284)
at org.apache.maven.surefire.testng.TestNGXmlTestSuite.execute(TestNGXmlTestSuite.java:75)
at org.apache.maven.surefire.testng.TestNGProvider.invoke(TestNGProvider.java:119)
at org.apache.maven.surefire.booter.ForkedBooter.runSuitesInProcess(ForkedBooter.java:428)
at org.apache.maven.surefire.booter.ForkedBooter.execute(ForkedBooter.java:162)
at org.apache.maven.surefire.booter.ForkedBooter.run(ForkedBooter.java:562)
at org.apache.maven.surefire.booter.ForkedBooter.main(ForkedBooter.java:548)
]]>
            </full-stacktrace>
          </exception> <!-- java.lang.AssertionError -->
          <reporter-output>
          </reporter-output>
        </test-method> <!-- FileProcessing -->
        <test-method status="PASS" signature="FileProcessing(java.lang.String, java.lang.String, java.lang.String, java.lang.String, java.lang.String, java.lang.String, java.lang.String, java.lang.String, java.lang.String, java.lang.String)[pri:0, instance:MINTUI.Automation.FileProcessingScenariosTest@533bda92]" name="FileProcessing" duration-ms="515" started-at="2021-06-01T16:20:12 BST" data-provider="getdataFileProcessing" finished-at="2021-06-01T16:20:13 BST">
          <params>
            <param index="0">
              <value>
                <![CDATA[TC_008_FileProcessing]]>
              </value>
            </param>
            <param index="1">
              <value>
                <![CDATA[PROGRAM]]>
              </value>
            </param>
            <param index="2">
              <value>
                <![CDATA[UKTV]]>
              </value>
            </param>
            <param index="3">
              <value>
                <![CDATA[991]]>
              </value>
            </param>
            <param index="4">
              <value>
                <![CDATA[Positive]]>
              </value>
            </param>
            <param index="5">
              <value>
                <![CDATA[GI_PRG_05052021.dat]]>
              </value>
            </param>
            <param index="6">
              <value>
                <![CDATA[]]>
              </value>
            </param>
            <param index="7">
              <value>
                <![CDATA[]]>
              </value>
            </param>
            <param index="8">
              <value>
                <![CDATA[]]>
              </value>
            </param>
            <param index="9">
              <value>
                <![CDATA[]]>
              </value>
            </param>
          </params>
          <reporter-output>
          </reporter-output>
        </test-method> <!-- FileProcessing -->
        <test-method status="PASS" signature="FileProcessing(java.lang.String, java.lang.String, java.lang.String, java.lang.String, java.lang.String, java.lang.String, java.lang.String, java.lang.String, java.lang.String, java.lang.String)[pri:0, instance:MINTUI.Automation.FileProcessingScenariosTest@533bda92]" name="FileProcessing" duration-ms="448" started-at="2021-06-01T16:20:13 BST" data-provider="getdataFileProcessing" finished-at="2021-06-01T16:20:13 BST">
          <params>
            <param index="0">
              <value>
                <![CDATA[TC_009_FileProcessing]]>
              </value>
            </param>
            <param index="1">
              <value>
                <![CDATA[PROGRAM]]>
              </value>
            </param>
            <param index="2">
              <value>
                <![CDATA[S4C]]>
              </value>
            </param>
            <param index="3">
              <value>
                <![CDATA[980]]>
              </value>
            </param>
            <param index="4">
              <value>
                <![CDATA[Positive]]>
              </value>
            </param>
            <param index="5">
              <value>
                <![CDATA[PROG20210508-20210514.XML]]>
              </value>
            </param>
            <param index="6">
              <value>
                <![CDATA[]]>
              </value>
            </param>
            <param index="7">
              <value>
                <![CDATA[]]>
              </value>
            </param>
            <param index="8">
              <value>
                <![CDATA[]]>
              </value>
            </param>
            <param index="9">
              <value>
                <![CDATA[]]>
              </value>
            </param>
          </params>
          <reporter-output>
          </reporter-output>
        </test-method> <!-- FileProcessing -->
        <test-method status="PASS" signature="FileProcessing(java.lang.String, java.lang.String, java.lang.String, java.lang.String, java.lang.String, java.lang.String, java.lang.String, java.lang.String, java.lang.String, java.lang.String)[pri:0, instance:MINTUI.Automation.FileProcessingScenariosTest@533bda92]" name="FileProcessing" duration-ms="12676" started-at="2021-06-01T16:20:13 BST" data-provider="getdataFileProcessing" finished-at="2021-06-01T16:20:26 BST">
          <params>
            <param index="0">
              <value>
                <![CDATA[TC_010_FileProcessing]]>
              </value>
            </param>
            <param index="1">
              <value>
                <![CDATA[SPOT]]>
              </value>
            </param>
            <param index="2">
              <value>
                <![CDATA[BSS]]>
              </value>
            </param>
            <param index="3">
              <value>
                <![CDATA[952]]>
              </value>
            </param>
            <param index="4">
              <value>
                <![CDATA[Positive]]>
              </value>
            </param>
            <param index="5">
              <value>
                <![CDATA[SS_040521_122759.SKYsgl.PROV.50145310.20210505SkyFootIre]]>
              </value>
            </param>
            <param index="6">
              <value>
                <![CDATA[]]>
              </value>
            </param>
            <param index="7">
              <value>
                <![CDATA[]]>
              </value>
            </param>
            <param index="8">
              <value>
                <![CDATA[]]>
              </value>
            </param>
            <param index="9">
              <value>
                <![CDATA[]]>
              </value>
            </param>
          </params>
          <reporter-output>
          </reporter-output>
        </test-method> <!-- FileProcessing -->
        <test-method status="PASS" signature="FileProcessing(java.lang.String, java.lang.String, java.lang.String, java.lang.String, java.lang.String, java.lang.String, java.lang.String, java.lang.String, java.lang.String, java.lang.String)[pri:0, instance:MINTUI.Automation.FileProcessingScenariosTest@533bda92]" name="FileProcessing" duration-ms="1129" started-at="2021-06-01T16:20:26 BST" data-provider="getdataFileProcessing" finished-at="2021-06-01T16:20:27 BST">
          <params>
            <param index="0">
              <value>
                <![CDATA[TC_011_FileProcessing]]>
              </value>
            </param>
            <param index="1">
              <value>
                <![CDATA[SPOT]]>
              </value>
            </param>
            <param index="2">
              <value>
                <![CDATA[MEMS]]>
              </value>
            </param>
            <param index="3">
              <value>
                <![CDATA[988]]>
              </value>
            </param>
            <param index="4">
              <value>
                <![CDATA[Positive]]>
              </value>
            </param>
            <param index="5">
              <value>
                <![CDATA[SS_040920_085601.MEM.PROV.35505830.txt]]>
              </value>
            </param>
            <param index="6">
              <value>
                <![CDATA[]]>
              </value>
            </param>
            <param index="7">
              <value>
                <![CDATA[]]>
              </value>
            </param>
            <param index="8">
              <value>
                <![CDATA[]]>
              </value>
            </param>
            <param index="9">
              <value>
                <![CDATA[]]>
              </value>
            </param>
          </params>
          <reporter-output>
          </reporter-output>
        </test-method> <!-- FileProcessing -->
        <test-method status="PASS" signature="FileProcessing(java.lang.String, java.lang.String, java.lang.String, java.lang.String, java.lang.String, java.lang.String, java.lang.String, java.lang.String, java.lang.String, java.lang.String)[pri:0, instance:MINTUI.Automation.FileProcessingScenariosTest@533bda92]" name="FileProcessing" duration-ms="472" started-at="2021-06-01T16:20:27 BST" data-provider="getdataFileProcessing" finished-at="2021-06-01T16:20:27 BST">
          <params>
            <param index="0">
              <value>
                <![CDATA[TC_012_FileProcessing]]>
              </value>
            </param>
            <param index="1">
              <value>
                <![CDATA[SPOT]]>
              </value>
            </param>
            <param index="2">
              <value>
                <![CDATA[SONY]]>
              </value>
            </param>
            <param index="3">
              <value>
                <![CDATA[1151]]>
              </value>
            </param>
            <param index="4">
              <value>
                <![CDATA[Positive]]>
              </value>
            </param>
            <param index="5">
              <value>
                <![CDATA[SS_220720_160547.SON.FINAL.33075960]]>
              </value>
            </param>
            <param index="6">
              <value>
                <![CDATA[]]>
              </value>
            </param>
            <param index="7">
              <value>
                <![CDATA[]]>
              </value>
            </param>
            <param index="8">
              <value>
                <![CDATA[]]>
              </value>
            </param>
            <param index="9">
              <value>
                <![CDATA[]]>
              </value>
            </param>
          </params>
          <reporter-output>
          </reporter-output>
        </test-method> <!-- FileProcessing -->
        <test-method status="FAIL" signature="FileProcessing(java.lang.String, java.lang.String, java.lang.String, java.lang.String, java.lang.String, java.lang.String, java.lang.String, java.lang.String, java.lang.String, java.lang.String)[pri:0, instance:MINTUI.Automation.FileProcessingScenariosTest@533bda92]" name="FileProcessing" duration-ms="108" started-at="2021-06-01T16:20:27 BST" data-provider="getdataFileProcessing" finished-at="2021-06-01T16:20:27 BST">
          <params>
            <param index="0">
              <value>
                <![CDATA[TC_013_FileProcessing]]>
              </value>
            </param>
            <param index="1">
              <value>
                <![CDATA[SPOT]]>
              </value>
            </param>
            <param index="2">
              <value>
                <![CDATA[UKTV]]>
              </value>
            </param>
            <param index="3">
              <value>
                <![CDATA[989]]>
              </value>
            </param>
            <param index="4">
              <value>
                <![CDATA[Positive]]>
              </value>
            </param>
            <param index="5">
              <value>
                <![CDATA[SS_040521_095735.NBC.PROV.50126250]]>
              </value>
            </param>
            <param index="6">
              <value>
                <![CDATA[]]>
              </value>
            </param>
            <param index="7">
              <value>
                <![CDATA[]]>
              </value>
            </param>
            <param index="8">
              <value>
                <![CDATA[]]>
              </value>
            </param>
            <param index="9">
              <value>
                <![CDATA[]]>
              </value>
            </param>
          </params>
          <exception class="java.lang.AssertionError">
            <message>
              <![CDATA[expected [COMPLETED] but found [REJECTED]]]>
            </message>
            <full-stacktrace>
              <![CDATA[java.lang.AssertionError: expected [COMPLETED] but found [REJECTED]
at org.testng.Assert.fail(Assert.java:99)
at org.testng.Assert.failNotEquals(Assert.java:1037)
at org.testng.Assert.assertEqualsImpl(Assert.java:140)
at org.testng.Assert.assertEquals(Assert.java:122)
at org.testng.Assert.assertEquals(Assert.java:629)
at org.testng.Assert.assertEquals(Assert.java:639)
at MINTUI.Automation.FileProcessingScenariosTest.FileProcessing(FileProcessingScenariosTest.java:230)
at sun.reflect.NativeMethodAccessorImpl.invoke0(Native Method)
at sun.reflect.NativeMethodAccessorImpl.invoke(NativeMethodAccessorImpl.java:62)
at sun.reflect.DelegatingMethodAccessorImpl.invoke(DelegatingMethodAccessorImpl.java:43)
at java.lang.reflect.Method.invoke(Method.java:498)
at org.testng.internal.MethodInvocationHelper.invokeMethod(MethodInvocationHelper.java:132)
at org.testng.internal.TestInvoker.invokeMethod(TestInvoker.java:599)
at org.testng.internal.TestInvoker.invokeTestMethod(TestInvoker.java:174)
at org.testng.internal.MethodRunner.runInSequence(MethodRunner.java:46)
at org.testng.internal.TestInvoker$MethodInvocationAgent.invoke(TestInvoker.java:822)
at org.testng.internal.TestInvoker.invokeTestMethods(TestInvoker.java:147)
at org.testng.internal.TestMethodWorker.invokeTestMethods(TestMethodWorker.java:146)
at org.testng.internal.TestMethodWorker.run(TestMethodWorker.java:128)
at java.util.ArrayList.forEach(ArrayList.java:1257)
at org.testng.TestRunner.privateRun(TestRunner.java:764)
at org.testng.TestRunner.run(TestRunner.java:585)
at org.testng.SuiteRunner.runTest(SuiteRunner.java:384)
at org.testng.SuiteRunner.runSequentially(SuiteRunner.java:378)
at org.testng.SuiteRunner.privateRun(SuiteRunner.java:337)
at org.testng.SuiteRunner.run(SuiteRunner.java:286)
at org.testng.SuiteRunnerWorker.runSuite(SuiteRunnerWorker.java:53)
at org.testng.SuiteRunnerWorker.run(SuiteRunnerWorker.java:96)
at org.testng.TestNG.runSuitesSequentially(TestNG.java:1218)
at org.testng.TestNG.runSuitesLocally(TestNG.java:1140)
at org.testng.TestNG.runSuites(TestNG.java:1069)
at org.testng.TestNG.run(TestNG.java:1037)
at org.apache.maven.surefire.testng.TestNGExecutor.run(TestNGExecutor.java:284)
at org.apache.maven.surefire.testng.TestNGXmlTestSuite.execute(TestNGXmlTestSuite.java:75)
at org.apache.maven.surefire.testng.TestNGProvider.invoke(TestNGProvider.java:119)
at org.apache.maven.surefire.booter.ForkedBooter.runSuitesInProcess(ForkedBooter.java:428)
at org.apache.maven.surefire.booter.ForkedBooter.execute(ForkedBooter.java:162)
at org.apache.maven.surefire.booter.ForkedBooter.run(ForkedBooter.java:562)
at org.apache.maven.surefire.booter.ForkedBooter.main(ForkedBooter.java:548)
]]>
            </full-stacktrace>
          </exception> <!-- java.lang.AssertionError -->
          <reporter-output>
          </reporter-output>
        </test-method> <!-- FileProcessing -->
        <test-method status="PASS" signature="FileProcessing(java.lang.String, java.lang.String, java.lang.String, java.lang.String, java.lang.String, java.lang.String, java.lang.String, java.lang.String, java.lang.String, java.lang.String)[pri:0, instance:MINTUI.Automation.FileProcessingScenariosTest@533bda92]" name="FileProcessing" duration-ms="454" started-at="2021-06-01T16:20:27 BST" data-provider="getdataFileProcessing" finished-at="2021-06-01T16:20:28 BST">
          <params>
            <param index="0">
              <value>
                <![CDATA[TC_014_FileProcessing]]>
              </value>
            </param>
            <param index="1">
              <value>
                <![CDATA[SPOT]]>
              </value>
            </param>
            <param index="2">
              <value>
                <![CDATA[S4C]]>
              </value>
            </param>
            <param index="3">
              <value>
                <![CDATA[981]]>
              </value>
            </param>
            <param index="4">
              <value>
                <![CDATA[Positive]]>
              </value>
            </param>
            <param index="5">
              <value>
                <![CDATA[SS_300421_150225.S4C.FINAL.50045480]]>
              </value>
            </param>
            <param index="6">
              <value>
                <![CDATA[]]>
              </value>
            </param>
            <param index="7">
              <value>
                <![CDATA[]]>
              </value>
            </param>
            <param index="8">
              <value>
                <![CDATA[]]>
              </value>
            </param>
            <param index="9">
              <value>
                <![CDATA[]]>
              </value>
            </param>
          </params>
          <reporter-output>
          </reporter-output>
        </test-method> <!-- FileProcessing -->
        <test-method status="PASS" signature="FileProcessing(java.lang.String, java.lang.String, java.lang.String, java.lang.String, java.lang.String, java.lang.String, java.lang.String, java.lang.String, java.lang.String, java.lang.String)[pri:0, instance:MINTUI.Automation.FileProcessingScenariosTest@533bda92]" name="FileProcessing" duration-ms="494" started-at="2021-06-01T16:20:28 BST" data-provider="getdataFileProcessing" finished-at="2021-06-01T16:20:28 BST">
          <params>
            <param index="0">
              <value>
                <![CDATA[TC_015_FileProcessing]]>
              </value>
            </param>
            <param index="1">
              <value>
                <![CDATA[RECON]]>
              </value>
            </param>
            <param index="2">
              <value>
                <![CDATA[RECON]]>
              </value>
            </param>
            <param index="3">
              <value>
                <![CDATA[1135]]>
              </value>
            </param>
            <param index="4">
              <value>
                <![CDATA[Positive]]>
              </value>
            </param>
            <param index="5">
              <value>
                <![CDATA[0409720210218.DCL]]>
              </value>
            </param>
            <param index="6">
              <value>
                <![CDATA[]]>
              </value>
            </param>
            <param index="7">
              <value>
                <![CDATA[]]>
              </value>
            </param>
            <param index="8">
              <value>
                <![CDATA[]]>
              </value>
            </param>
            <param index="9">
              <value>
                <![CDATA[]]>
              </value>
            </param>
          </params>
          <reporter-output>
          </reporter-output>
        </test-method> <!-- FileProcessing -->
        <test-method status="FAIL" signature="FileProcessing(java.lang.String, java.lang.String, java.lang.String, java.lang.String, java.lang.String, java.lang.String, java.lang.String, java.lang.String, java.lang.String, java.lang.String)[pri:0, instance:MINTUI.Automation.FileProcessingScenariosTest@533bda92]" name="FileProcessing" duration-ms="106" started-at="2021-06-01T16:20:28 BST" data-provider="getdataFileProcessing" finished-at="2021-06-01T16:20:28 BST">
          <params>
            <param index="0">
              <value>
                <![CDATA[TC_016_FileProcessing]]>
              </value>
            </param>
            <param index="1">
              <value>
                <![CDATA[RECON]]>
              </value>
            </param>
            <param index="2">
              <value>
                <![CDATA[RECON]]>
              </value>
            </param>
            <param index="3">
              <value>
                <![CDATA[1135]]>
              </value>
            </param>
            <param index="4">
              <value>
                <![CDATA[Negative]]>
              </value>
            </param>
            <param index="5">
              <value>
                <![CDATA[0409620200708_REJE005.DCL]]>
              </value>
            </param>
            <param index="6">
              <value>
                <![CDATA[REJE005]]>
              </value>
            </param>
            <param index="7">
              <value>
                <![CDATA[957]]>
              </value>
            </param>
            <param index="8">
              <value>
                <![CDATA[04096]]>
              </value>
            </param>
            <param index="9">
              <value>
                <![CDATA[Additional details : Interface Name: <InterfaceName>, Channel Description: <Channel Description>(<ChannelCode>); Transmission Date: '2020-07-08'; The File Trailer count(957)  and the actual number of records(965) do not match.]]>
              </value>
            </param>
          </params>
          <exception class="java.lang.AssertionError">
            <message>
              <![CDATA[expected [REJECTED] but found [FAILED]]]>
            </message>
            <full-stacktrace>
              <![CDATA[java.lang.AssertionError: expected [REJECTED] but found [FAILED]
at org.testng.Assert.fail(Assert.java:99)
at org.testng.Assert.failNotEquals(Assert.java:1037)
at org.testng.Assert.assertEqualsImpl(Assert.java:140)
at org.testng.Assert.assertEquals(Assert.java:122)
at org.testng.Assert.assertEquals(Assert.java:629)
at org.testng.Assert.assertEquals(Assert.java:639)
at MINTUI.Automation.FileProcessingScenariosTest.FileProcessing(FileProcessingScenariosTest.java:359)
at sun.reflect.NativeMethodAccessorImpl.invoke0(Native Method)
at sun.reflect.NativeMethodAccessorImpl.invoke(NativeMethodAccessorImpl.java:62)
at sun.reflect.DelegatingMethodAccessorImpl.invoke(DelegatingMethodAccessorImpl.java:43)
at java.lang.reflect.Method.invoke(Method.java:498)
at org.testng.internal.MethodInvocationHelper.invokeMethod(MethodInvocationHelper.java:132)
at org.testng.internal.TestInvoker.invokeMethod(TestInvoker.java:599)
at org.testng.internal.TestInvoker.invokeTestMethod(TestInvoker.java:174)
at org.testng.internal.MethodRunner.runInSequence(MethodRunner.java:46)
at org.testng.internal.TestInvoker$MethodInvocationAgent.invoke(TestInvoker.java:822)
at org.testng.internal.TestInvoker.invokeTestMethods(TestInvoker.java:147)
at org.testng.internal.TestMethodWorker.invokeTestMethods(TestMethodWorker.java:146)
at org.testng.internal.TestMethodWorker.run(TestMethodWorker.java:128)
at java.util.ArrayList.forEach(ArrayList.java:1257)
at org.testng.TestRunner.privateRun(TestRunner.java:764)
at org.testng.TestRunner.run(TestRunner.java:585)
at org.testng.SuiteRunner.runTest(SuiteRunner.java:384)
at org.testng.SuiteRunner.runSequentially(SuiteRunner.java:378)
at org.testng.SuiteRunner.privateRun(SuiteRunner.java:337)
at org.testng.SuiteRunner.run(SuiteRunner.java:286)
at org.testng.SuiteRunnerWorker.runSuite(SuiteRunnerWorker.java:53)
at org.testng.SuiteRunnerWorker.run(SuiteRunnerWorker.java:96)
at org.testng.TestNG.runSuitesSequentially(TestNG.java:1218)
at org.testng.TestNG.runSuitesLocally(TestNG.java:1140)
at org.testng.TestNG.runSuites(TestNG.java:1069)
at org.testng.TestNG.run(TestNG.java:1037)
at org.apache.maven.surefire.testng.TestNGExecutor.run(TestNGExecutor.java:284)
at org.apache.maven.surefire.testng.TestNGXmlTestSuite.execute(TestNGXmlTestSuite.java:75)
at org.apache.maven.surefire.testng.TestNGProvider.invoke(TestNGProvider.java:119)
at org.apache.maven.surefire.booter.ForkedBooter.runSuitesInProcess(ForkedBooter.java:428)
at org.apache.maven.surefire.booter.ForkedBooter.execute(ForkedBooter.java:162)
at org.apache.maven.surefire.booter.ForkedBooter.run(ForkedBooter.java:562)
at org.apache.maven.surefire.booter.ForkedBooter.main(ForkedBooter.java:548)
]]>
            </full-stacktrace>
          </exception> <!-- java.lang.AssertionError -->
          <reporter-output>
          </reporter-output>
        </test-method> <!-- FileProcessing -->
        <test-method status="FAIL" signature="FileProcessing(java.lang.String, java.lang.String, java.lang.String, java.lang.String, java.lang.String, java.lang.String, java.lang.String, java.lang.String, java.lang.String, java.lang.String)[pri:0, instance:MINTUI.Automation.FileProcessingScenariosTest@533bda92]" name="FileProcessing" duration-ms="112" started-at="2021-06-01T16:20:28 BST" data-provider="getdataFileProcessing" finished-at="2021-06-01T16:20:29 BST">
          <params>
            <param index="0">
              <value>
                <![CDATA[TC_017_FileProcessing]]>
              </value>
            </param>
            <param index="1">
              <value>
                <![CDATA[LMKIItoSAP]]>
              </value>
            </param>
            <param index="2">
              <value>
                <![CDATA[LMKIItoSAP]]>
              </value>
            </param>
            <param index="3">
              <value>
                <![CDATA[1027]]>
              </value>
            </param>
            <param index="4">
              <value>
                <![CDATA[Positive]]>
              </value>
            </param>
            <param index="5">
              <value>
                <![CDATA[IN_140520_210240_1]]>
              </value>
            </param>
            <param index="6">
              <value>
                <![CDATA[]]>
              </value>
            </param>
            <param index="7">
              <value>
                <![CDATA[]]>
              </value>
            </param>
            <param index="8">
              <value>
                <![CDATA[]]>
              </value>
            </param>
            <param index="9">
              <value>
                <![CDATA[]]>
              </value>
            </param>
          </params>
          <exception class="java.lang.AssertionError">
            <message>
              <![CDATA[expected [COMPLETED] but found [REJECTED]]]>
            </message>
            <full-stacktrace>
              <![CDATA[java.lang.AssertionError: expected [COMPLETED] but found [REJECTED]
at org.testng.Assert.fail(Assert.java:99)
at org.testng.Assert.failNotEquals(Assert.java:1037)
at org.testng.Assert.assertEqualsImpl(Assert.java:140)
at org.testng.Assert.assertEquals(Assert.java:122)
at org.testng.Assert.assertEquals(Assert.java:629)
at org.testng.Assert.assertEquals(Assert.java:639)
at MINTUI.Automation.FileProcessingScenariosTest.FileProcessing(FileProcessingScenariosTest.java:230)
at sun.reflect.GeneratedMethodAccessor3.invoke(Unknown Source)
at sun.reflect.DelegatingMethodAccessorImpl.invoke(DelegatingMethodAccessorImpl.java:43)
at java.lang.reflect.Method.invoke(Method.java:498)
at org.testng.internal.MethodInvocationHelper.invokeMethod(MethodInvocationHelper.java:132)
at org.testng.internal.TestInvoker.invokeMethod(TestInvoker.java:599)
at org.testng.internal.TestInvoker.invokeTestMethod(TestInvoker.java:174)
at org.testng.internal.MethodRunner.runInSequence(MethodRunner.java:46)
at org.testng.internal.TestInvoker$MethodInvocationAgent.invoke(TestInvoker.java:822)
at org.testng.internal.TestInvoker.invokeTestMethods(TestInvoker.java:147)
at org.testng.internal.TestMethodWorker.invokeTestMethods(TestMethodWorker.java:146)
at org.testng.internal.TestMethodWorker.run(TestMethodWorker.java:128)
at java.util.ArrayList.forEach(ArrayList.java:1257)
at org.testng.TestRunner.privateRun(TestRunner.java:764)
at org.testng.TestRunner.run(TestRunner.java:585)
at org.testng.SuiteRunner.runTest(SuiteRunner.java:384)
at org.testng.SuiteRunner.runSequentially(SuiteRunner.java:378)
at org.testng.SuiteRunner.privateRun(SuiteRunner.java:337)
at org.testng.SuiteRunner.run(SuiteRunner.java:286)
at org.testng.SuiteRunnerWorker.runSuite(SuiteRunnerWorker.java:53)
at org.testng.SuiteRunnerWorker.run(SuiteRunnerWorker.java:96)
at org.testng.TestNG.runSuitesSequentially(TestNG.java:1218)
at org.testng.TestNG.runSuitesLocally(TestNG.java:1140)
at org.testng.TestNG.runSuites(TestNG.java:1069)
at org.testng.TestNG.run(TestNG.java:1037)
at org.apache.maven.surefire.testng.TestNGExecutor.run(TestNGExecutor.java:284)
at org.apache.maven.surefire.testng.TestNGXmlTestSuite.execute(TestNGXmlTestSuite.java:75)
at org.apache.maven.surefire.testng.TestNGProvider.invoke(TestNGProvider.java:119)
at org.apache.maven.surefire.booter.ForkedBooter.runSuitesInProcess(ForkedBooter.java:428)
at org.apache.maven.surefire.booter.ForkedBooter.execute(ForkedBooter.java:162)
at org.apache.maven.surefire.booter.ForkedBooter.run(ForkedBooter.java:562)
at org.apache.maven.surefire.booter.ForkedBooter.main(ForkedBooter.java:548)
]]>
            </full-stacktrace>
          </exception> <!-- java.lang.AssertionError -->
          <reporter-output>
          </reporter-output>
        </test-method> <!-- FileProcessing -->
        <test-method status="FAIL" signature="FileProcessing(java.lang.String, java.lang.String, java.lang.String, java.lang.String, java.lang.String, java.lang.String, java.lang.String, java.lang.String, java.lang.String, java.lang.String)[pri:0, instance:MINTUI.Automation.FileProcessingScenariosTest@533bda92]" name="FileProcessing" duration-ms="211" started-at="2021-06-01T16:20:29 BST" data-provider="getdataFileProcessing" finished-at="2021-06-01T16:20:29 BST">
          <params>
            <param index="0">
              <value>
                <![CDATA[TC_018_FileProcessing]]>
              </value>
            </param>
            <param index="1">
              <value>
                <![CDATA[ATTRIBUTION]]>
              </value>
            </param>
            <param index="2">
              <value>
                <![CDATA[ATTRIBUTION]]>
              </value>
            </param>
            <param index="3">
              <value>
                <![CDATA[1046]]>
              </value>
            </param>
            <param index="4">
              <value>
                <![CDATA[Positive]]>
              </value>
            </param>
            <param index="5">
              <value>
                <![CDATA[INDAY1.sky]]>
              </value>
            </param>
            <param index="6">
              <value>
                <![CDATA[]]>
              </value>
            </param>
            <param index="7">
              <value>
                <![CDATA[]]>
              </value>
            </param>
            <param index="8">
              <value>
                <![CDATA[]]>
              </value>
            </param>
            <param index="9">
              <value>
                <![CDATA[]]>
              </value>
            </param>
          </params>
          <exception class="java.lang.AssertionError">
            <message>
              <![CDATA[expected [INDAY1.sky] but found [INDAY1.sky_210601151815002]]]>
            </message>
            <full-stacktrace>
              <![CDATA[java.lang.AssertionError: expected [INDAY1.sky] but found [INDAY1.sky_210601151815002]
at org.testng.Assert.fail(Assert.java:99)
at org.testng.Assert.failNotEquals(Assert.java:1037)
at org.testng.Assert.assertEqualsImpl(Assert.java:140)
at org.testng.Assert.assertEquals(Assert.java:122)
at org.testng.Assert.assertEquals(Assert.java:629)
at org.testng.Assert.assertEquals(Assert.java:639)
at MINTUI.Automation.FileProcessingScenariosTest.VerifyTargetFileName(FileProcessingScenariosTest.java:533)
at MINTUI.Automation.FileProcessingScenariosTest.FileProcessing(FileProcessingScenariosTest.java:280)
at sun.reflect.GeneratedMethodAccessor3.invoke(Unknown Source)
at sun.reflect.DelegatingMethodAccessorImpl.invoke(DelegatingMethodAccessorImpl.java:43)
at java.lang.reflect.Method.invoke(Method.java:498)
at org.testng.internal.MethodInvocationHelper.invokeMethod(MethodInvocationHelper.java:132)
at org.testng.internal.TestInvoker.invokeMethod(TestInvoker.java:599)
at org.testng.internal.TestInvoker.invokeTestMethod(TestInvoker.java:174)
at org.testng.internal.MethodRunner.runInSequence(MethodRunner.java:46)
at org.testng.internal.TestInvoker$MethodInvocationAgent.invoke(TestInvoker.java:822)
at org.testng.internal.TestInvoker.invokeTestMethods(TestInvoker.java:147)
at org.testng.internal.TestMethodWorker.invokeTestMethods(TestMethodWorker.java:146)
at org.testng.internal.TestMethodWorker.run(TestMethodWorker.java:128)
at java.util.ArrayList.forEach(ArrayList.java:1257)
at org.testng.TestRunner.privateRun(TestRunner.java:764)
at org.testng.TestRunner.run(TestRunner.java:585)
at org.testng.SuiteRunner.runTest(SuiteRunner.java:384)
at org.testng.SuiteRunner.runSequentially(SuiteRunner.java:378)
at org.testng.SuiteRunner.privateRun(SuiteRunner.java:337)
at org.testng.SuiteRunner.run(SuiteRunner.java:286)
at org.testng.SuiteRunnerWorker.runSuite(SuiteRunnerWorker.java:53)
at org.testng.SuiteRunnerWorker.run(SuiteRunnerWorker.java:96)
at org.testng.TestNG.runSuitesSequentially(TestNG.java:1218)
at org.testng.TestNG.runSuitesLocally(TestNG.java:1140)
at org.testng.TestNG.runSuites(TestNG.java:1069)
at org.testng.TestNG.run(TestNG.java:1037)
at org.apache.maven.surefire.testng.TestNGExecutor.run(TestNGExecutor.java:284)
at org.apache.maven.surefire.testng.TestNGXmlTestSuite.execute(TestNGXmlTestSuite.java:75)
at org.apache.maven.surefire.testng.TestNGProvider.invoke(TestNGProvider.java:119)
at org.apache.maven.surefire.booter.ForkedBooter.runSuitesInProcess(ForkedBooter.java:428)
at org.apache.maven.surefire.booter.ForkedBooter.execute(ForkedBooter.java:162)
at org.apache.maven.surefire.booter.ForkedBooter.run(ForkedBooter.java:562)
at org.apache.maven.surefire.booter.ForkedBooter.main(ForkedBooter.java:548)
]]>
            </full-stacktrace>
          </exception> <!-- java.lang.AssertionError -->
          <reporter-output>
          </reporter-output>
        </test-method> <!-- FileProcessing -->
        <test-method status="PASS" signature="Extent_Report_Flush()[pri:0, instance:MINTUI.Automation.FileProcessingScenariosTest@533bda92]" name="Extent_Report_Flush" is-config="true" duration-ms="665" started-at="2021-06-01T16:20:29 BST" finished-at="2021-06-01T16:20:29 BST">
          <reporter-output>
          </reporter-output>
        </test-method> <!-- Extent_Report_Flush -->
      </class> <!-- MINTUI.Automation.FileProcessingScenariosTest -->
    </test> <!-- Test -->
  </suite> <!-- Suite -->
</testng-results>
