<?xml version="1.0" encoding="UTF-8"?>
<testsuite xmlns:xsi="http://www.w3.org/2001/XMLSchema-instance" xsi:noNamespaceSchemaLocation="https://maven.apache.org/surefire/maven-surefire-plugin/xsd/surefire-test-report-3.0.xsd" version="3.0" name="TestSuite" time="332.551" tests="37" errors="0" skipped="0" failures="5">
  <properties>
[...]
</properties>
  <testcase name="PushFileProcessing[TC_001_FileProcessing, BREAK, UKTV, 758, Positive, UKTBSCH.34076, , , , ](1)" classname="MINTUI.Automation.FileProcessingScenariosTest" time="0.621">
    <system-out><![CDATA[[TestNGContentHandler] [WARN] It is strongly recommended to add "<!DOCTYPE suite SYSTEM "https://testng.org/testng-1.0.dtd" >" at the top of your file, otherwise TestNG may fail or not work as expected.
2021-06-01 16:15:00,572 main ERROR File contains an invalid element or attribute "filepattern"
2021-06-01 16:15:00,577 main ERROR appender File has no parameter that matches element SizeBasedTriggeringPolicy
Test Case No:1
01-06-2021 16:15:03.284 [main] INFO  HelperClass.FTP_Upload - File uploaded successfully
01-06-2021 16:15:03.297 [main] INFO  HelperClass.FTP_Upload - FTP Response: 211-FTP server status:
     Connected to ::ffff:10.105.56.14
     Logged in as ftp_sit1
     TYPE: BINARY
     No session bandwidth limit
     Session timeout in seconds is 300
     Control connection is plain text
     Data connections will be plain text
     At session startup, client count was 8
     vsFTPd 3.0.2 - secure, fast, stable
211 End of status

]]></system-out>
  </testcase>
  <testcase name="PushFileProcessing[TC_002_FileProcessing, BREAK, BSS, 953, Positive, CCENBSCH.506, , , , ](2)" classname="MINTUI.Automation.FileProcessingScenariosTest" time="0.325">
    <system-out><![CDATA[01-06-2021 16:15:03.603 [main] INFO  HelperClass.FTP_Upload - File uploaded successfully
01-06-2021 16:15:03.616 [main] INFO  HelperClass.FTP_Upload - FTP Response: 211-FTP server status:
     Connected to ::ffff:10.105.56.14
     Logged in as ftp_sit1
     TYPE: BINARY
     No session bandwidth limit
     Session timeout in seconds is 300
     Control connection is plain text
     Data connections will be plain text
     At session startup, client count was 7
     vsFTPd 3.0.2 - secure, fast, stable
211 End of status

]]></system-out>
  </testcase>
  <testcase name="PushFileProcessing[TC_003_FileProcessing, BREAK, LFTS, 1131, Positive, LFTS_BreakSchedule_OCT2020_TS23.txt, , , , ](3)" classname="MINTUI.Automation.FileProcessingScenariosTest" time="0.321">
    <system-out><![CDATA[01-06-2021 16:15:03.934 [main] INFO  HelperClass.FTP_Upload - File uploaded successfully
01-06-2021 16:15:03.948 [main] INFO  HelperClass.FTP_Upload - FTP Response: 211-FTP server status:
     Connected to ::ffff:10.105.56.14
     Logged in as ftp_sit1
     TYPE: BINARY
     No session bandwidth limit
     Session timeout in seconds is 300
     Control connection is plain text
     Data connections will be plain text
     At session startup, client count was 9
     vsFTPd 3.0.2 - secure, fast, stable
211 End of status

]]></system-out>
  </testcase>
  <testcase name="PushFileProcessing[TC_004_FileProcessing, BREAK, SONY, 752, Positive, MOUK202105060539.BRK, , , , ](4)" classname="MINTUI.Automation.FileProcessingScenariosTest" time="0.298">
    <system-out><![CDATA[01-06-2021 16:15:04.236 [main] INFO  HelperClass.FTP_Upload - File uploaded successfully
01-06-2021 16:15:04.249 [main] INFO  HelperClass.FTP_Upload - FTP Response: 211-FTP server status:
     Connected to ::ffff:10.105.56.14
     Logged in as ftp_sit1
     TYPE: BINARY
     No session bandwidth limit
     Session timeout in seconds is 300
     Control connection is plain text
     Data connections will be plain text
     At session startup, client count was 10
     vsFTPd 3.0.2 - secure, fast, stable
211 End of status

]]></system-out>
  </testcase>
  <testcase name="PushFileProcessing[TC_005_FileProcessing, PROGRAM, V6, 1001, Positive, NJR2PSCH.13680, , , , ](5)" classname="MINTUI.Automation.FileProcessingScenariosTest" time="0.356">
    <system-out><![CDATA[01-06-2021 16:15:04.592 [main] INFO  HelperClass.FTP_Upload - File uploaded successfully
01-06-2021 16:15:04.604 [main] INFO  HelperClass.FTP_Upload - FTP Response: 211-FTP server status:
     Connected to ::ffff:10.105.56.14
     Logged in as ftp_sit1
     TYPE: BINARY
     No session bandwidth limit
     Session timeout in seconds is 300
     Control connection is plain text
     Data connections will be plain text
     At session startup, client count was 10
     vsFTPd 3.0.2 - secure, fast, stable
211 End of status

]]></system-out>
  </testcase>
  <testcase name="PushFileProcessing[TC_006_FileProcessing, PROGRAM, V7, 771, Positive, skypsch.083, , , , ](6)" classname="MINTUI.Automation.FileProcessingScenariosTest" time="0.325">
    <system-out><![CDATA[01-06-2021 16:15:04.914 [main] INFO  HelperClass.FTP_Upload - File uploaded successfully
01-06-2021 16:15:04.926 [main] INFO  HelperClass.FTP_Upload - FTP Response: 211-FTP server status:
     Connected to ::ffff:10.105.56.14
     Logged in as ftp_sit1
     TYPE: BINARY
     No session bandwidth limit
     Session timeout in seconds is 300
     Control connection is plain text
     Data connections will be plain text
     At session startup, client count was 10
     vsFTPd 3.0.2 - secure, fast, stable
211 End of status

]]></system-out>
  </testcase>
  <testcase name="PushFileProcessing[TC_007_FileProcessing, PROGRAM, SONY, 1076, Positive, POPP202105040204PLAN.PROG, , , , ](7)" classname="MINTUI.Automation.FileProcessingScenariosTest" time="0.334">
    <system-out><![CDATA[01-06-2021 16:15:05.245 [main] INFO  HelperClass.FTP_Upload - File uploaded successfully
01-06-2021 16:15:05.259 [main] INFO  HelperClass.FTP_Upload - FTP Response: 211-FTP server status:
     Connected to ::ffff:10.105.56.14
     Logged in as ftp_sit1
     TYPE: BINARY
     No session bandwidth limit
     Session timeout in seconds is 300
     Control connection is plain text
     Data connections will be plain text
     At session startup, client count was 10
     vsFTPd 3.0.2 - secure, fast, stable
211 End of status

]]></system-out>
  </testcase>
  <testcase name="PushFileProcessing[TC_008_FileProcessing, PROGRAM, UKTV, 991, Positive, GI_PRG_05052021.dat, , , , ](8)" classname="MINTUI.Automation.FileProcessingScenariosTest" time="0.44">
    <system-out><![CDATA[01-06-2021 16:15:05.679 [main] INFO  HelperClass.FTP_Upload - File uploaded successfully
01-06-2021 16:15:05.691 [main] INFO  HelperClass.FTP_Upload - FTP Response: 211-FTP server status:
     Connected to ::ffff:10.105.56.14
     Logged in as ftp_sit1
     TYPE: BINARY
     No session bandwidth limit
     Session timeout in seconds is 300
     Control connection is plain text
     Data connections will be plain text
     At session startup, client count was 10
     vsFTPd 3.0.2 - secure, fast, stable
211 End of status

]]></system-out>
  </testcase>
  <testcase name="PushFileProcessing[TC_009_FileProcessing, PROGRAM, S4C, 980, Positive, PROG20210508-20210514.XML, , , , ](9)" classname="MINTUI.Automation.FileProcessingScenariosTest" time="0.364">
    <system-out><![CDATA[01-06-2021 16:15:06.055 [main] INFO  HelperClass.FTP_Upload - File uploaded successfully
01-06-2021 16:15:06.068 [main] INFO  HelperClass.FTP_Upload - FTP Response: 211-FTP server status:
     Connected to ::ffff:10.105.56.14
     Logged in as ftp_sit1
     TYPE: BINARY
     No session bandwidth limit
     Session timeout in seconds is 300
     Control connection is plain text
     Data connections will be plain text
     At session startup, client count was 11
     vsFTPd 3.0.2 - secure, fast, stable
211 End of status

]]></system-out>
  </testcase>
  <testcase name="PushFileProcessing[TC_010_FileProcessing, SPOT, BSS, 952, Positive, SS_040521_122759.SKYsgl.PROV.50145310.20210505SkyFootIre, , , , ](10)" classname="MINTUI.Automation.FileProcessingScenariosTest" time="0.358">
    <system-out><![CDATA[01-06-2021 16:15:06.404 [main] INFO  HelperClass.FTP_Upload - File uploaded successfully
01-06-2021 16:15:06.427 [main] INFO  HelperClass.FTP_Upload - FTP Response: 211-FTP server status:
     Connected to ::ffff:10.105.56.14
     Logged in as ftp_sit1
     TYPE: BINARY
     No session bandwidth limit
     Session timeout in seconds is 300
     Control connection is plain text
     Data connections will be plain text
     At session startup, client count was 9
     vsFTPd 3.0.2 - secure, fast, stable
211 End of status

]]></system-out>
  </testcase>
  <testcase name="PushFileProcessing[TC_011_FileProcessing, SPOT, MEMS, 988, Positive, SS_040920_085601.MEM.PROV.35505830.txt, , , , ](11)" classname="MINTUI.Automation.FileProcessingScenariosTest" time="0.404">
    <system-out><![CDATA[01-06-2021 16:15:06.806 [main] INFO  HelperClass.FTP_Upload - File uploaded successfully
01-06-2021 16:15:06.829 [main] INFO  HelperClass.FTP_Upload - FTP Response: 211-FTP server status:
     Connected to ::ffff:10.105.56.14
     Logged in as ftp_sit1
     TYPE: BINARY
     No session bandwidth limit
     Session timeout in seconds is 300
     Control connection is plain text
     Data connections will be plain text
     At session startup, client count was 11
     vsFTPd 3.0.2 - secure, fast, stable
211 End of status

]]></system-out>
  </testcase>
  <testcase name="PushFileProcessing[TC_012_FileProcessing, SPOT, SONY, 1151, Positive, SS_220720_160547.SON.FINAL.33075960, , , , ](12)" classname="MINTUI.Automation.FileProcessingScenariosTest" time="0.36">
    <system-out><![CDATA[01-06-2021 16:15:07.165 [main] INFO  HelperClass.FTP_Upload - File uploaded successfully
01-06-2021 16:15:07.189 [main] INFO  HelperClass.FTP_Upload - FTP Response: 211-FTP server status:
     Connected to ::ffff:10.105.56.14
     Logged in as ftp_sit1
     TYPE: BINARY
     No session bandwidth limit
     Session timeout in seconds is 300
     Control connection is plain text
     Data connections will be plain text
     At session startup, client count was 11
     vsFTPd 3.0.2 - secure, fast, stable
211 End of status

]]></system-out>
  </testcase>
  <testcase name="PushFileProcessing[TC_013_FileProcessing, SPOT, UKTV, 989, Positive, SS_040521_095735.NBC.PROV.50126250, , , , ](13)" classname="MINTUI.Automation.FileProcessingScenariosTest" time="0.381">
    <system-out><![CDATA[01-06-2021 16:15:07.544 [main] INFO  HelperClass.FTP_Upload - File uploaded successfully
01-06-2021 16:15:07.568 [main] INFO  HelperClass.FTP_Upload - FTP Response: 211-FTP server status:
     Connected to ::ffff:10.105.56.14
     Logged in as ftp_sit1
     TYPE: BINARY
     No session bandwidth limit
     Session timeout in seconds is 300
     Control connection is plain text
     Data connections will be plain text
     At session startup, client count was 11
     vsFTPd 3.0.2 - secure, fast, stable
211 End of status

]]></system-out>
  </testcase>
  <testcase name="PushFileProcessing[TC_014_FileProcessing, SPOT, S4C, 981, Positive, SS_300421_150225.S4C.FINAL.50045480, , , , ](14)" classname="MINTUI.Automation.FileProcessingScenariosTest" time="0.342">
    <system-out><![CDATA[01-06-2021 16:15:07.901 [main] INFO  HelperClass.FTP_Upload - File uploaded successfully
01-06-2021 16:15:07.913 [main] INFO  HelperClass.FTP_Upload - FTP Response: 211-FTP server status:
     Connected to ::ffff:10.105.56.14
     Logged in as ftp_sit1
     TYPE: BINARY
     No session bandwidth limit
     Session timeout in seconds is 300
     Control connection is plain text
     Data connections will be plain text
     At session startup, client count was 10
     vsFTPd 3.0.2 - secure, fast, stable
211 End of status

]]></system-out>
  </testcase>
  <testcase name="PushFileProcessing[TC_015_FileProcessing, RECON, RECON, 1135, Positive, 0409720210218.DCL, , , , ](15)" classname="MINTUI.Automation.FileProcessingScenariosTest" time="0.37">
    <system-out><![CDATA[01-06-2021 16:15:08.256 [main] INFO  HelperClass.FTP_Upload - File uploaded successfully
01-06-2021 16:15:08.281 [main] INFO  HelperClass.FTP_Upload - FTP Response: 211-FTP server status:
     Connected to ::ffff:10.105.56.14
     Logged in as ftp_sit2
     TYPE: BINARY
     No session bandwidth limit
     Session timeout in seconds is 300
     Control connection is plain text
     Data connections will be plain text
     At session startup, client count was 11
     vsFTPd 3.0.2 - secure, fast, stable
211 End of status

]]></system-out>
  </testcase>
  <testcase name="PushFileProcessing[TC_016_FileProcessing, RECON, RECON, 1135, Negative, 0409620200708_REJE005.DCL, REJE005, 957, 04096, Additional details : Interface Name: &lt;InterfaceName&gt;, Channel Description: &lt;Channel Description&gt;(&lt;ChannelCode&gt;); Transmission Date: &apos;2020-07-08&apos;; The File Trailer count(957)  and the actual number of records(965) do not match.](16)" classname="MINTUI.Automation.FileProcessingScenariosTest" time="0.359">
    <system-out><![CDATA[01-06-2021 16:15:08.629 [main] INFO  HelperClass.FTP_Upload - File uploaded successfully
01-06-2021 16:15:08.642 [main] INFO  HelperClass.FTP_Upload - FTP Response: 211-FTP server status:
     Connected to ::ffff:10.105.56.14
     Logged in as ftp_sit2
     TYPE: BINARY
     No session bandwidth limit
     Session timeout in seconds is 300
     Control connection is plain text
     Data connections will be plain text
     At session startup, client count was 12
     vsFTPd 3.0.2 - secure, fast, stable
211 End of status

]]></system-out>
  </testcase>
  <testcase name="PushFileProcessing[TC_017_FileProcessing, LMKIItoSAP, LMKIItoSAP, 1027, Positive, IN_140520_210240_1, , , , ](17)" classname="MINTUI.Automation.FileProcessingScenariosTest" time="0.349">
    <system-out><![CDATA[01-06-2021 16:15:08.978 [main] INFO  HelperClass.FTP_Upload - File uploaded successfully
01-06-2021 16:15:08.990 [main] INFO  HelperClass.FTP_Upload - FTP Response: 211-FTP server status:
     Connected to ::ffff:10.105.56.14
     Logged in as ftp_sit2
     TYPE: BINARY
     No session bandwidth limit
     Session timeout in seconds is 300
     Control connection is plain text
     Data connections will be plain text
     At session startup, client count was 12
     vsFTPd 3.0.2 - secure, fast, stable
211 End of status

]]></system-out>
  </testcase>
  <testcase name="PushFileProcessing[TC_018_FileProcessing, ATTRIBUTION, ATTRIBUTION, 1046, Positive, INDAY1.sky, , , , ](18)" classname="MINTUI.Automation.FileProcessingScenariosTest" time="0.37">
    <system-out><![CDATA[01-06-2021 16:15:09.352 [main] INFO  HelperClass.FTP_Upload - File uploaded successfully
01-06-2021 16:15:09.365 [main] INFO  HelperClass.FTP_Upload - FTP Response: 211-FTP server status:
     Connected to ::ffff:10.105.56.14
     Logged in as ftp_sit1
     TYPE: BINARY
     No session bandwidth limit
     Session timeout in seconds is 300
     Control connection is plain text
     Data connections will be plain text
     At session startup, client count was 10
     vsFTPd 3.0.2 - secure, fast, stable
211 End of status

]]></system-out>
  </testcase>
  <testcase name="waitTime" classname="MINTUI.Automation.FileProcessingScenariosTest" time="299.999"/>
  <testcase name="FileProcessing[TC_001_FileProcessing, BREAK, UKTV, 758, Positive, UKTBSCH.34076, , , , ](1)" classname="MINTUI.Automation.FileProcessingScenariosTest" time="0.596">
    <system-out><![CDATA[Test Case No:1
01-06-2021 16:20:10.144 [main] INFO  HelperClass.FTP_Download - File downloaded successfully
01-06-2021 16:20:10.168 [main] INFO  HelperClass.FTP_Download - FTP Response: 211-FTP server status:
     Connected to ::ffff:10.105.56.14
     Logged in as ftp_sit2
     TYPE: BINARY
     No session bandwidth limit
     Session timeout in seconds is 300
     Control connection is plain text
     Data connections will be plain text
     At session startup, client count was 15
     vsFTPd 3.0.2 - secure, fast, stable
211 End of status

]]></system-out>
  </testcase>
  <testcase name="FileProcessing[TC_002_FileProcessing, BREAK, BSS, 953, Positive, CCENBSCH.506, , , , ](2)" classname="MINTUI.Automation.FileProcessingScenariosTest" time="0.524">
    <system-out><![CDATA[01-06-2021 16:20:10.597 [main] INFO  HelperClass.FTP_Download - File downloaded successfully
01-06-2021 16:20:10.621 [main] INFO  HelperClass.FTP_Download - FTP Response: 211-FTP server status:
     Connected to ::ffff:10.105.56.14
     Logged in as ftp_sit2
     TYPE: BINARY
     No session bandwidth limit
     Session timeout in seconds is 300
     Control connection is plain text
     Data connections will be plain text
     At session startup, client count was 15
     vsFTPd 3.0.2 - secure, fast, stable
211 End of status

]]></system-out>
  </testcase>
  <testcase name="FileProcessing[TC_003_FileProcessing, BREAK, LFTS, 1131, Positive, LFTS_BreakSchedule_OCT2020_TS23.txt, , , , ](3)" classname="MINTUI.Automation.FileProcessingScenariosTest" time="0.351">
    <system-out><![CDATA[01-06-2021 16:20:11.042 [main] INFO  HelperClass.FTP_Download - File downloaded successfully
01-06-2021 16:20:11.055 [main] INFO  HelperClass.FTP_Download - FTP Response: 211-FTP server status:
     Connected to ::ffff:10.105.56.14
     Logged in as ftp_sit2
     TYPE: BINARY
     No session bandwidth limit
     Session timeout in seconds is 300
     Control connection is plain text
     Data connections will be plain text
     At session startup, client count was 14
     vsFTPd 3.0.2 - secure, fast, stable
211 End of status

]]></system-out>
  </testcase>
  <testcase name="FileProcessing[TC_004_FileProcessing, BREAK, SONY, 752, Positive, MOUK202105060539.BRK, , , , ](4)" classname="MINTUI.Automation.FileProcessingScenariosTest" time="0.441">
    <system-out><![CDATA[01-06-2021 16:20:11.480 [main] INFO  HelperClass.FTP_Download - File downloaded successfully
01-06-2021 16:20:11.493 [main] INFO  HelperClass.FTP_Download - FTP Response: 211-FTP server status:
     Connected to ::ffff:10.105.56.14
     Logged in as ftp_sit2
     TYPE: BINARY
     No session bandwidth limit
     Session timeout in seconds is 300
     Control connection is plain text
     Data connections will be plain text
     At session startup, client count was 14
     vsFTPd 3.0.2 - secure, fast, stable
211 End of status

]]></system-out>
  </testcase>
  <testcase name="FileProcessing[TC_005_FileProcessing, PROGRAM, V6, 1001, Positive, NJR2PSCH.13680, , , , ](5)" classname="MINTUI.Automation.FileProcessingScenariosTest" time="0.503">
    <system-out><![CDATA[01-06-2021 16:20:11.988 [main] INFO  HelperClass.FTP_Download - File downloaded successfully
01-06-2021 16:20:12.000 [main] INFO  HelperClass.FTP_Download - FTP Response: 211-FTP server status:
     Connected to ::ffff:10.105.56.14
     Logged in as ftp_sit2
     TYPE: BINARY
     No session bandwidth limit
     Session timeout in seconds is 300
     Control connection is plain text
     Data connections will be plain text
     At session startup, client count was 14
     vsFTPd 3.0.2 - secure, fast, stable
211 End of status

]]></system-out>
  </testcase>
  <testcase name="FileProcessing[TC_006_FileProcessing, PROGRAM, V7, 771, Positive, skypsch.083, , , , ](6)" classname="MINTUI.Automation.FileProcessingScenariosTest" time="0.441">
    <system-out><![CDATA[01-06-2021 16:20:12.434 [main] INFO  HelperClass.FTP_Download - File downloaded successfully
01-06-2021 16:20:12.446 [main] INFO  HelperClass.FTP_Download - FTP Response: 211-FTP server status:
     Connected to ::ffff:10.105.56.14
     Logged in as ftp_sit2
     TYPE: BINARY
     No session bandwidth limit
     Session timeout in seconds is 300
     Control connection is plain text
     Data connections will be plain text
     At session startup, client count was 13
     vsFTPd 3.0.2 - secure, fast, stable
211 End of status

]]></system-out>
  </testcase>
  <testcase name="FileProcessing[TC_007_FileProcessing, PROGRAM, SONY, 1076, Positive, POPP202105040204PLAN.PROG, , , , ](7)" classname="MINTUI.Automation.FileProcessingScenariosTest" time="0.11">
    <failure message="expected [COMPLETED] but found [REJECTED]" type="java.lang.AssertionError"><![CDATA[java.lang.AssertionError: expected [COMPLETED] but found [REJECTED]
	at MINTUI.Automation.FileProcessingScenariosTest.FileProcessing(FileProcessingScenariosTest.java:230)
]]></failure>
  </testcase>
  <testcase name="FileProcessing[TC_008_FileProcessing, PROGRAM, UKTV, 991, Positive, GI_PRG_05052021.dat, , , , ](8)" classname="MINTUI.Automation.FileProcessingScenariosTest" time="0.521">
    <system-out><![CDATA[01-06-2021 16:20:13.063 [main] INFO  HelperClass.FTP_Download - File downloaded successfully
01-06-2021 16:20:13.075 [main] INFO  HelperClass.FTP_Download - FTP Response: 211-FTP server status:
     Connected to ::ffff:10.105.56.14
     Logged in as ftp_sit2
     TYPE: BINARY
     No session bandwidth limit
     Session timeout in seconds is 300
     Control connection is plain text
     Data connections will be plain text
     At session startup, client count was 14
     vsFTPd 3.0.2 - secure, fast, stable
211 End of status

]]></system-out>
  </testcase>
  <testcase name="FileProcessing[TC_009_FileProcessing, PROGRAM, S4C, 980, Positive, PROG20210508-20210514.XML, , , , ](9)" classname="MINTUI.Automation.FileProcessingScenariosTest" time="0.45">
    <system-out><![CDATA[01-06-2021 16:20:13.514 [main] INFO  HelperClass.FTP_Download - File downloaded successfully
01-06-2021 16:20:13.526 [main] INFO  HelperClass.FTP_Download - FTP Response: 211-FTP server status:
     Connected to ::ffff:10.105.56.14
     Logged in as ftp_sit2
     TYPE: BINARY
     No session bandwidth limit
     Session timeout in seconds is 300
     Control connection is plain text
     Data connections will be plain text
     At session startup, client count was 15
     vsFTPd 3.0.2 - secure, fast, stable
211 End of status

]]></system-out>
  </testcase>
  <testcase name="FileProcessing[TC_010_FileProcessing, SPOT, BSS, 952, Positive, SS_040521_122759.SKYsgl.PROV.50145310.20210505SkyFootIre, , , , ](10)" classname="MINTUI.Automation.FileProcessingScenariosTest" time="12.689">
    <system-out><![CDATA[select REMOTE_HOST, REMOTE_PORT, REMOTE_USER, REMOTE_PASSWORD FROM [AdTechHub].[dbo].[CONF_SFTP_PROF] WHERE NAME = 'Profile_sftp_bskyb'
Query Executed
REMOTE_HOST issftp.bskyb.com
REMOTE_PORT is22
USERNAME isftp_atsprd
PASSWORD isrO0ABXQABkRFU2VkZXVyAAJbQqzzF/gGCFTgAgAAeHAAAAAI1yTILhmf6nRzcgARamF2YS5sYW5nLkludGVnZXIS4qCk94GHOAIAAUkABXZhbHVleHIAEGphdmEubGFuZy5OdW1iZXKGrJUdC5TgiwIAAHhwAAAAZXVxAH4AAQAAABCnGu2CrgsYVD6t580h/fFC
01-06-2021 16:20:13.816 [main] INFO  HelperClass.SFTP_Upload - Establishing Connection...
01-06-2021 16:20:14.217 [main] INFO  HelperClass.SFTP_Upload - Connection established.
01-06-2021 16:20:14.218 [main] INFO  HelperClass.SFTP_Upload - Creating SFTP Channel.
01-06-2021 16:20:14.534 [main] INFO  HelperClass.SFTP_Upload - Exec Channel created.
Done
Establishing Connection...
Error: Auth fail
01-06-2021 16:20:26.216 [main] INFO  HelperClass.SFTP_Download - Error in downloading file from SFTP: Auth fail
]]></system-out>
  </testcase>
  <testcase name="FileProcessing[TC_011_FileProcessing, SPOT, MEMS, 988, Positive, SS_040920_085601.MEM.PROV.35505830.txt, , , , ](11)" classname="MINTUI.Automation.FileProcessingScenariosTest" time="1.137">
    <system-out><![CDATA[01-06-2021 16:20:26.813 [main] INFO  HelperClass.FTP_Download - File downloaded successfully
01-06-2021 16:20:26.838 [main] INFO  HelperClass.FTP_Download - FTP Response: 211-FTP server status:
     Connected to ::ffff:10.105.56.14
     Logged in as ftp_sit2
     TYPE: BINARY
     No session bandwidth limit
     Session timeout in seconds is 300
     Control connection is plain text
     Data connections will be plain text
     At session startup, client count was 14
     vsFTPd 3.0.2 - secure, fast, stable
211 End of status

01-06-2021 16:20:27.064 [main] INFO  HelperClass.FTP_Download - File downloaded successfully
01-06-2021 16:20:27.088 [main] INFO  HelperClass.FTP_Download - FTP Response: 211-FTP server status:
     Connected to ::ffff:10.105.56.14
     Logged in as ftp_sit2
     TYPE: BINARY
     No session bandwidth limit
     Session timeout in seconds is 300
     Control connection is plain text
     Data connections will be plain text
     At session startup, client count was 14
     vsFTPd 3.0.2 - secure, fast, stable
211 End of status

01-06-2021 16:20:27.320 [main] INFO  HelperClass.FTP_Download - File downloaded successfully
01-06-2021 16:20:27.332 [main] INFO  HelperClass.FTP_Download - FTP Response: 211-FTP server status:
     Connected to ::ffff:10.105.56.14
     Logged in as ftp_sit2
     TYPE: BINARY
     No session bandwidth limit
     Session timeout in seconds is 300
     Control connection is plain text
     Data connections will be plain text
     At session startup, client count was 15
     vsFTPd 3.0.2 - secure, fast, stable
211 End of status

]]></system-out>
  </testcase>
  <testcase name="FileProcessing[TC_012_FileProcessing, SPOT, SONY, 1151, Positive, SS_220720_160547.SON.FINAL.33075960, , , , ](12)" classname="MINTUI.Automation.FileProcessingScenariosTest" time="0.459">
    <system-out><![CDATA[01-06-2021 16:20:27.783 [main] INFO  HelperClass.FTP_Download - File downloaded successfully
01-06-2021 16:20:27.807 [main] INFO  HelperClass.FTP_Download - FTP Response: 211-FTP server status:
     Connected to ::ffff:10.105.56.14
     Logged in as ftp_sit2
     TYPE: BINARY
     No session bandwidth limit
     Session timeout in seconds is 300
     Control connection is plain text
     Data connections will be plain text
     At session startup, client count was 15
     vsFTPd 3.0.2 - secure, fast, stable
211 End of status

]]></system-out>
  </testcase>
  <testcase name="FileProcessing[TC_013_FileProcessing, SPOT, UKTV, 989, Positive, SS_040521_095735.NBC.PROV.50126250, , , , ](13)" classname="MINTUI.Automation.FileProcessingScenariosTest" time="0.097">
    <failure message="expected [COMPLETED] but found [REJECTED]" type="java.lang.AssertionError"><![CDATA[java.lang.AssertionError: expected [COMPLETED] but found [REJECTED]
	at MINTUI.Automation.FileProcessingScenariosTest.FileProcessing(FileProcessingScenariosTest.java:230)
]]></failure>
  </testcase>
  <testcase name="FileProcessing[TC_014_FileProcessing, SPOT, S4C, 981, Positive, SS_300421_150225.S4C.FINAL.50045480, , , , ](14)" classname="MINTUI.Automation.FileProcessingScenariosTest" time="0.469">
    <system-out><![CDATA[01-06-2021 16:20:28.358 [main] INFO  HelperClass.FTP_Download - File downloaded successfully
01-06-2021 16:20:28.371 [main] INFO  HelperClass.FTP_Download - FTP Response: 211-FTP server status:
     Connected to ::ffff:10.105.56.14
     Logged in as ftp_sit2
     TYPE: BINARY
     No session bandwidth limit
     Session timeout in seconds is 300
     Control connection is plain text
     Data connections will be plain text
     At session startup, client count was 14
     vsFTPd 3.0.2 - secure, fast, stable
211 End of status

]]></system-out>
  </testcase>
  <testcase name="FileProcessing[TC_015_FileProcessing, RECON, RECON, 1135, Positive, 0409720210218.DCL, , , , ](15)" classname="MINTUI.Automation.FileProcessingScenariosTest" time="0.489">
    <system-out><![CDATA[01-06-2021 16:20:28.849 [main] INFO  HelperClass.FTP_Download - File downloaded successfully
01-06-2021 16:20:28.866 [main] INFO  HelperClass.FTP_Download - FTP Response: 211-FTP server status:
     Connected to ::ffff:10.105.56.14
     Logged in as ftp_sit2
     TYPE: BINARY
     No session bandwidth limit
     Session timeout in seconds is 300
     Control connection is plain text
     Data connections will be plain text
     At session startup, client count was 15
     vsFTPd 3.0.2 - secure, fast, stable
211 End of status

]]></system-out>
  </testcase>
  <testcase name="FileProcessing[TC_016_FileProcessing, RECON, RECON, 1135, Negative, 0409620200708_REJE005.DCL, REJE005, 957, 04096, Additional details : Interface Name: &lt;InterfaceName&gt;, Channel Description: &lt;Channel Description&gt;(&lt;ChannelCode&gt;); Transmission Date: &apos;2020-07-08&apos;; The File Trailer count(957)  and the actual number of records(965) do not match.](16)" classname="MINTUI.Automation.FileProcessingScenariosTest" time="0.106">
    <failure message="expected [REJECTED] but found [FAILED]" type="java.lang.AssertionError"><![CDATA[java.lang.AssertionError: expected [REJECTED] but found [FAILED]
	at MINTUI.Automation.FileProcessingScenariosTest.FileProcessing(FileProcessingScenariosTest.java:359)
]]></failure>
  </testcase>
  <testcase name="FileProcessing[TC_017_FileProcessing, LMKIItoSAP, LMKIItoSAP, 1027, Positive, IN_140520_210240_1, , , , ](17)" classname="MINTUI.Automation.FileProcessingScenariosTest" time="0.109">
    <failure message="expected [COMPLETED] but found [REJECTED]" type="java.lang.AssertionError"><![CDATA[java.lang.AssertionError: expected [COMPLETED] but found [REJECTED]
	at MINTUI.Automation.FileProcessingScenariosTest.FileProcessing(FileProcessingScenariosTest.java:230)
]]></failure>
  </testcase>
  <testcase name="FileProcessing[TC_018_FileProcessing, ATTRIBUTION, ATTRIBUTION, 1046, Positive, INDAY1.sky, , , , ](18)" classname="MINTUI.Automation.FileProcessingScenariosTest" time="0.212">
    <failure message="expected [INDAY1.sky] but found [INDAY1.sky_210601151815002]" type="java.lang.AssertionError"><![CDATA[java.lang.AssertionError: expected [INDAY1.sky] but found [INDAY1.sky_210601151815002]
	at MINTUI.Automation.FileProcessingScenariosTest.VerifyTargetFileName(FileProcessingScenariosTest.java:533)
	at MINTUI.Automation.FileProcessingScenariosTest.FileProcessing(FileProcessingScenariosTest.java:280)
]]></failure>
  </testcase>
</testsuite>